<?xml version="1.0" encoding="UTF-8"?>
<?xml-stylesheet type="text/xsl" href="junit.xsl"?>
<testsuites>
  <meta_test_info page_active="no-links" link_url=""/>
  <testsuite name="pre_suite" tests="7" errors="0" failures="0" skipped="2" pending="0" total="7" time="89.224022">
    <properties>
[...]
</properties>
    <testcase classname="setup/common/pre-suite" name="000-delete-puppet-when-none.rb" time="0.000380">
      <system-out><![CDATA[
Expunge puppet bits if hypervisor is none
Begin teardown
End teardown
]]></system-out>
    </testcase>
    <testcase classname="setup/aio/pre-suite" name="010_Install.rb" time="31.436656">
      <system-out><![CDATA[
Install Packages

* Install puppet-agent...

* Install puppetserver...
  
  y9sqckmg348o6r5.delivery.puppetlabs.net (centos7-64-1) 19:26:03$ curl -o /etc/yum.repos.d/pl-puppetserver-latest-el-7-x86_64.repo http://nightlies.puppetlabs.com/puppetserver-latest//repo_configs/rpm/pl-puppetserver-latest-el-7-x86_64.repo
      % Total    % Received % Xferd  Average Speed   Time    Time     Time  Current
                                     Dload  Upload   Total   Spent    Left  Speed
      0     0    0     0    0     0      0      0 --:--:-- --:--:-- --:--:--     0    100   224  100   224    0     0   1619      0 --:--:-- --:--:-- --:--:--  1611100   224  100   224    0     0   1619      0 --:--:-- --:--:-- --:--:--  1611
  
  y9sqckmg348o6r5.delivery.puppetlabs.net (centos7-64-1) executed in 0.18 seconds
  
  y9sqckmg348o6r5.delivery.puppetlabs.net (centos7-64-1) 19:26:03$ curl -o /etc/yum.repos.d/pl-puppet-agent-d33a1fddd412fce059fdc68127a0b9b31c0bfe98-el-7-x86_64.repo http://builds.puppetlabs.lan/puppet-agent/d33a1fddd412fce059fdc68127a0b9b31c0bfe98/repo_configs/rpm/pl-puppet-agent-d33a1fddd412fce059fdc68127a0b9b31c0bfe98-el-7-x86_64.repo
      % Total    % Received % Xferd  Average Speed   Time    Time     Time  Current
                                     Dload  Upload   Total   Spent    Left  Speed
      0     0    0     0    0     0      0      0 --:--:-- --:--:-- --:--:--     0    100   284  100   284    0     0  37070      0 --:--:    -- --:--:-- --:--:-- 40571
  
  y9sqckmg348o6r5.delivery.puppetlabs.net (centos7-64-1) executed in 0.04 seconds
  Installing puppetserver
  
  y9sqckmg348o6r5.delivery.puppetlabs.net (centos7-64-1) 19:26:03$ yum -y  install puppetserver
    Loaded plugins: fastestmirror
    Loading mirror speeds from cached hostfile
    Resolving Dependencies
    --> Running transaction check
    ---> Package puppetserver.noarch 0:5.0.1-0.1SNAPSHOT.2017.08.06T0835.el7 will be installed
    --> Processing Dependency: puppet-agent >= 4.99.0 for package: puppetserver-5.0.1-0.1SNAPSHOT.2017.08.06T0835.el7.noarch
    --> Processing Dependency: java-1.8.0-openjdk-headless for package: puppetserver-5.0.1-0.1SNAPSHOT.2017.08.06T0835.el7.noarch
    --> Running transaction check
    ---> Package java-1.8.0-openjdk-headless.x86_64 1:1.8.0.141-1.b16.el7_3 will be installed
    --> Processing Dependency: tzdata-java >= 2015d for package: 1:java-1.8.0-openjdk-headless-1.8.0.141-1.b16.el7_3.x86_64
    --> Processing Dependency: nss(x86-64) >= 3.28.4 for package: 1:java-1.8.0-openjdk-headless-1.8.0.141-1.b16.el7_3.x86_64
    --> Processing Dependency: copy-jdk-configs >= 1.1-3 for package: 1:java-1.8.0-openjdk-headless-1.8.0.141-1.b16.el7_3.x86_64
    --> Processing Dependency: chkconfig >= 1.7 for package: 1:java-1.8.0-openjdk-headless-1.8.0.141-1.b16.el7_3.x86_64
    --> Processing Dependency: chkconfig >= 1.7 for package: 1:java-1.8.0-openjdk-headless-1.8.0.141-1.b16.el7_3.x86_64
    --> Processing Dependency: lksctp-tools(x86-64) for package: 1:java-1.8.0-openjdk-headless-1.8.0.141-1.b16.el7_3.x86_64
    --> Processing Dependency: libjpeg.so.62(LIBJPEG_6.2)(64bit) for package: 1:java-1.8.0-openjdk-headless-1.8.0.141-1.b16.el7_3.x86_64
    --> Processing Dependency: jpackage-utils for package: 1:java-1.8.0-openjdk-headless-1.8.0.141-1.b16.el7_3.x86_64
    --> Processing Dependency: libjpeg.so.62()(64bit) for package: 1:java-1.8.0-openjdk-headless-1.8.0.141-1.b16.el7_3.x86_64
    ---> Package puppet-agent.x86_64 0:4.99.0.597.gd33a1fd-1.el7 will be installed
    --> Running transaction check
    ---> Package chkconfig.x86_64 0:1.3.61-5.el7 will be updated
    ---> Package chkconfig.x86_64 0:1.7.2-1.el7_3.1 will be an update
    ---> Package copy-jdk-configs.noarch 0:1.2-1.el7 will be installed
    ---> Package javapackages-tools.noarch 0:3.4.1-11.el7 will be installed
    --> Processing Dependency: python-javapackages = 3.4.1-11.el7 for package: javapackages-tools-3.4.1-11.el7.noarch
    --> Processing Dependency: libxslt for package: javapackages-tools-3.4.1-11.el7.noarch
    ---> Package libjpeg-turbo.x86_64 0:1.2.90-5.el7 will be installed
    ---> Package lksctp-tools.x86_64 0:1.0.17-2.el7 will be installed
    ---> Package nss.x86_64 0:3.19.1-18.el7 will be updated
    --> Processing Dependency: nss = 3.19.1-18.el7 for package: nss-sysinit-3.19.1-18.el7.x86_64
    --> Processing Dependency: nss(x86-64) = 3.19.1-18.el7 for package: nss-tools-3.19.1-18.el7.x86_64
    ---> Package nss.x86_64 0:3.28.4-1.2.el7_3 will be an update
    --> Processing Dependency: nss-util >= 3.28.2-1.1 for package: nss-3.28.4-1.2.el7_3.x86_64
    --> Processing Dependency: nss-softokn(x86-64) >= 3.16.2.3-14.2 for package: nss-3.28.4-1.2.el7_3.x86_64
    --> Processing Dependency: nspr >= 4.13.1 for package: nss-3.28.4-1.2.el7_3.x86_64
    --> Processing Dependency: libnssutil3.so(NSSUTIL_3.24)(64bit) for package: nss-3.28.4-1.2.el7_3.x86_64
    --> Processing Dependency: libnssutil3.so(NSSUTIL_3.21)(64bit) for package: nss-3.28.4-1.2.el7_3.x86_64
    ---> Package tzdata-java.noarch 0:2017b-1.el7 will be installed
    --> Running transaction check
    ---> Package libxslt.x86_64 0:1.1.28-5.el7 will be installed
    ---> Package nspr.x86_64 0:4.10.8-2.el7_1 will be updated
    ---> Package nspr.x86_64 0:4.13.1-1.0.el7_3 will be an update
    ---> Package nss-softokn.x86_64 0:3.16.2.3-13.el7_1 will be updated
    ---> Package nss-softokn.x86_64 0:3.16.2.3-14.4.el7 will be an update
    --> Processing Dependency: nss-softokn-freebl(x86-64) >= 3.16.2.3-14.4.el7 for package: nss-softokn-3.16.2.3-14.4.el7.x86_64
    ---> Package nss-sysinit.x86_64 0:3.19.1-18.el7 will be updated
    ---> Package nss-sysinit.x86_64 0:3.28.4-1.2.el7_3 will be an update
    ---> Package nss-tools.x86_64 0:3.19.1-18.el7 will be updated
    ---> Package nss-tools.x86_64 0:3.28.4-1.2.el7_3 will be an update
    ---> Package nss-util.x86_64 0:3.19.1-4.el7_1 will be updated
    ---> Package nss-util.x86_64 0:3.28.4-1.0.el7_3 will be an update
    ---> Package python-javapackages.noarch 0:3.4.1-11.el7 will be installed
    --> Processing Dependency: python-lxml for package: python-javapackages-3.4.1-11.el7.noarch
    --> Running transaction check
    ---> Package nss-softokn-freebl.x86_64 0:3.16.2.3-13.el7_1 will be updated
    ---> Package nss-softokn-freebl.x86_64 0:3.16.2.3-14.4.el7 will be an update
    ---> Package python-lxml.x86_64 0:3.2.1-4.el7 will be installed
    --> Finished Dependency Resolution
    
    Dependencies Resolved
    
    ================================================================================
     Package            Arch   Version                 Repository              Size
    ================================================================================
    Installing:
     puppetserver       noarch 5.0.1-0.1SNAPSHOT.2017.08.06T0835.el7
                                                       pl-puppetserver-latest  64 M
    Installing for dependencies:
     copy-jdk-configs   noarch 1.2-1.el7               localmirror-os          14 k
     java-1.8.0-openjdk-headless
                        x86_64 1:1.8.0.141-1.b16.el7_3 localmirror-updates     31 M
     javapackages-tools noarch 3.4.1-11.el7            localmirror-os          73 k
     libjpeg-turbo      x86_64 1.2.90-5.el7            localmirror-os         134 k
     libxslt            x86_64 1.1.28-5.el7            localmirror-os         242 k
     lksctp-tools       x86_64 1.0.17-2.el7            localmirror-os          88 k
     puppet-agent       x86_64 4.99.0.597.gd33a1fd-1.el7
                                                       pl-puppet-agent-d33a1fddd412fce059fdc68127a0b9b31c0bfe98
                                                                               25 M
     python-javapackages
                        noarch 3.4.1-11.el7            localmirror-os          31 k
     python-lxml        x86_64 3.2.1-4.el7             localmirror-os         758 k
     tzdata-java        noarch 2017b-1.el7             localmirror-updates    183 k
    Updating for dependencies:
     chkconfig          x86_64 1.7.2-1.el7_3.1         localmirror-updates    175 k
     nspr               x86_64 4.13.1-1.0.el7_3        localmirror-updates    126 k
     nss                x86_64 3.28.4-1.2.el7_3        localmirror-updates    872 k
     nss-softokn        x86_64 3.16.2.3-14.4.el7       localmirror-os         306 k
     nss-softokn-freebl x86_64 3.16.2.3-14.4.el7       localmirror-os         204 k
     nss-sysinit        x86_64 3.28.4-1.2.el7_3        localmirror-updates     58 k
     nss-tools          x86_64 3.28.4-1.2.el7_3        localmirror-updates    496 k
     nss-util           x86_64 3.28.4-1.0.el7_3        localmirror-updates     73 k
    
    Transaction Summary
    ================================================================================
    Install  1 Package  (+10 Dependent packages)
    Upgrade             (  8 Dependent packages)
    Total download size: 124 M
    Downloading packages:
    Delta RPMs disabled because /usr/bin/applydeltarpm not installed.
    Public key for puppetserver-5.0.1-0.1SNAPSHOT.2017.08.06T0835.el7.noarch.rpm is not installed
    warning: /var/cache/yum/x86_64/7/pl-puppetserver-latest/packages/puppetserver-5.0.1-0.1SNAPSHOT.2017.08.06T0835.el7.noarch.rpm: Header V4 RSA/SHA1 Signature, key ID 07bb6c57: NOKEY
    --------------------------------------------------------------------------------
    Total                                               27 MB/s | 124 MB  00:04     
    Retrieving key from http://nightlies.puppetlabs.com/07BB6C57
    Importing GPG key 0x07BB6C57:
     Userid     : "Puppet Labs Nightly Build Key (Puppet Labs Nightly Build Key) <delivery@puppetlabs.com>"
     Fingerprint: 8735 f5af 62a9 9a62 8ec1 3377 b8f9 99c0 07bb 6c57
     From       : http://nightlies.puppetlabs.com/07BB6C57
    Running transaction check
    Running transaction test
    Transaction test succeeded
    Running transaction
      Updating   : nspr-4.13.1-1.0.el7_3.x86_64                                1/27     
      Updating   : nss-util-3.28.4-1.0.el7_3.x86_64                            2/27     
      Updating   : nss-softokn-freebl-3.16.2.3-14.4.el7.x86_64                 3/27     
      Updating   : nss-softokn-3.16.2.3-14.4.el7.x86_64                        4/27     
      Installing : libxslt-1.1.28-5.el7.x86_64                                 5/27     
      Updating   : chkconfig-1.7.2-1.el7_3.1.x86_64                            6/27     
      Updating   : nss-3.28.4-1.2.el7_3.x86_64                                 7/27     
      Updating   : nss-sysinit-3.28.4-1.2.el7_3.x86_64                         8/27     
      Installing : python-lxml-3.2.1-4.el7.x86_64                              9/27     
      Installing : python-javapackages-3.4.1-11.el7.noarch                    10/27     
      Installing : javapackages-tools-3.4.1-11.el7.noarch                     11/27     
      Installing : puppet-agent-4.99.0.597.gd33a1fd-1.el7.x86_64              12/27     
      Installing : tzdata-java-2017b-1.el7.noarch                             13/27     
      Installing : copy-jdk-configs-1.2-1.el7.noarch                          14/27     
      Installing : lksctp-tools-1.0.17-2.el7.x86_64                           15/27     
      Installing : libjpeg-turbo-1.2.90-5.el7.x86_64                          16/27     
      Installing : 1:java-1.8.0-openjdk-headless-1.8.0.141-1.b16.el7_3.x86_   17/27     
      Installing : puppetserver-5.0.1-0.1SNAPSHOT.2017.08.06T0835.el7.noarc   18/27     
    usermod: no changes
      Updating   : nss-tools-3.28.4-1.2.el7_3.x86_64                          19/27     
      Cleanup    : nss-tools-3.19.1-18.el7.x86_64                             20/27     
      Cleanup    : nss-sysinit-3.19.1-18.el7.x86_64                           21/27     
      Cleanup    : nss-3.19.1-18.el7.x86_64                                   22/27     
      Cleanup    : nss-softokn-3.16.2.3-13.el7_1.x86_64                       23/27     
      Cleanup    : nss-util-3.19.1-4.el7_1.x86_64                             24/27     
      Cleanup    : nspr-4.10.8-2.el7_1.x86_64                                 25/27     
      Cleanup    : nss-softokn-freebl-3.16.2.3-13.el7_1.x86_64                26/27     
      Cleanup    : chkconfig-1.3.61-5.el7.x86_64                              27/27     
      Verifying  : nss-tools-3.28.4-1.2.el7_3.x86_64                           1/27     
      Verifying  : nspr-4.13.1-1.0.el7_3.x86_64                                2/27     
      Verifying  : libjpeg-turbo-1.2.90-5.el7.x86_64                           3/27     
      Verifying  : nss-3.28.4-1.2.el7_3.x86_64                                 4/27     
      Verifying  : python-lxml-3.2.1-4.el7.x86_64                              5/27     
      Verifying  : nss-softokn-3.16.2.3-14.4.el7.x86_64                        6/27     
      Verifying  : puppetserver-5.0.1-0.1SNAPSHOT.2017.08.06T0835.el7.noarc    7/27     
      Verifying  : chkconfig-1.7.2-1.el7_3.1.x86_64                            8/27     
      Verifying  : nss-util-3.28.4-1.0.el7_3.x86_64                            9/27     
      Verifying  : python-javapackages-3.4.1-11.el7.noarch                    10/27     
      Verifying  : lksctp-tools-1.0.17-2.el7.x86_64                           11/27     
      Verifying  : copy-jdk-configs-1.2-1.el7.noarch                          12/27     
      Verifying  : nss-sysinit-3.28.4-1.2.el7_3.x86_64                        13/27     
      Verifying  : libxslt-1.1.28-5.el7.x86_64                                14/27     
      Verifying  : tzdata-java-2017b-1.el7.noarch                             15/27     
      Verifying  : nss-softokn-freebl-3.16.2.3-14.4.el7.x86_64                16/27     
      Verifying  : javapackages-tools-3.4.1-11.el7.noarch                     17/27     
      Verifying  : puppet-agent-4.99.0.597.gd33a1fd-1.el7.x86_64              18/27     
      Verifying  : 1:java-1.8.0-openjdk-headless-1.8.0.141-1.b16.el7_3.x86_   19/27     
      Verifying  : nss-tools-3.19.1-18.el7.x86_64                             20/27     
      Verifying  : nss-softokn-3.16.2.3-13.el7_1.x86_64                       21/27 
      Verifying  : nss-3.19.1-18.el7.x86_64                                   22/27 
      Verifying  : nss-sysinit-3.19.1-18.el7.x86_64                           23/27 
      Verifying  : chkconfig-1.3.61-5.el7.x86_64                              24/27 
      Verifying  : nss-softokn-freebl-3.16.2.3-13.el7_1.x86_64                25/27     
      Verifying  : nspr-4.10.8-2.el7_1.x86_64                                 26/27 
      Verifying  : nss-util-3.19.1-4.el7_1.x86_64                             27/27     
    
    Installed:
      puppetserver.noarch 0:5.0.1-0.1SNAPSHOT.2017.08.06T0835.el7                   
    
    Dependency Installed:
      copy-jdk-configs.noarch 0:1.2-1.el7                                           
      java-1.8.0-openjdk-headless.x86_64 1:1.8.0.141-1.b16.el7_3                    
      javapackages-tools.noarch 0:3.4.1-11.el7                                      
      libjpeg-turbo.x86_64 0:1.2.90-5.el7                                           
      libxslt.x86_64 0:1.1.28-5.el7                                                 
      lksctp-tools.x86_64 0:1.0.17-2.el7                                            
      puppet-agent.x86_64 0:4.99.0.597.gd33a1fd-1.el7                               
      python-javapackages.noarch 0:3.4.1-11.el7                                     
      python-lxml.x86_64 0:3.2.1-4.el7                                              
      tzdata-java.noarch 0:2017b-1.el7                                              
    
    Dependency Updated:
      chkconfig.x86_64 0:1.7.2-1.el7_3.1                                            
      nspr.x86_64 0:4.13.1-1.0.el7_3                                                
      nss.x86_64 0:3.28.4-1.2.el7_3                                                 
      nss-softokn.x86_64 0:3.16.2.3-14.4.el7                                        
      nss-softokn-freebl.x86_64 0:3.16.2.3-14.4.el7                                 
      nss-sysinit.x86_64 0:3.28.4-1.2.el7_3                                         
      nss-tools.x86_64 0:3.28.4-1.2.el7_3                                           
      nss-util.x86_64 0:3.28.4-1.0.el7_3                                            
    Complete!
  
  y9sqckmg348o6r5.delivery.puppetlabs.net (centos7-64-1) executed in 29.42 seconds

y9sqckmg348o6r5.delivery.puppetlabs.net (centos7-64-1) 19:26:32$ puppet --version
  5.0.1

y9sqckmg348o6r5.delivery.puppetlabs.net (centos7-64-1) executed in 0.90 seconds

y9sqckmg348o6r5.delivery.puppetlabs.net (centos7-64-1) 19:26:33$ env PATH="/opt/puppetlabs/puppet/bin:${PATH}" ruby --version
  ruby 2.4.1p111 (2017-03-22 revision 58053) [x86_64-linux]

y9sqckmg348o6r5.delivery.puppetlabs.net (centos7-64-1) executed in 0.07 seconds

y9sqckmg348o6r5.delivery.puppetlabs.net (centos7-64-1) 19:26:33$ env PATH="/opt/puppetlabs/puppet/bin:${PATH}" ruby -e 'puts Time.now.strftime("%Y-%m-%d %T.%L %z")'
  2017-08-09 02:21:57.563 +0000

y9sqckmg348o6r5.delivery.puppetlabs.net (centos7-64-1) executed in 0.07 seconds
Host times vary 0 ms

y9sqckmg348o6r5.delivery.puppetlabs.net (centos7-64-1) 19:26:34$ env PATH="/opt/puppetlabs/puppet/bin:${PATH}" gem source --clear-all
  *** Removed specs cache ***

y9sqckmg348o6r5.delivery.puppetlabs.net (centos7-64-1) executed in 0.22 seconds

y9sqckmg348o6r5.delivery.puppetlabs.net (centos7-64-1) 19:26:34$ env PATH="/opt/puppetlabs/puppet/bin:${PATH}" gem source --add http://rubygems.delivery.puppetlabs.net
  http://rubygems.delivery.puppetlabs.net added to sources

y9sqckmg348o6r5.delivery.puppetlabs.net (centos7-64-1) executed in 0.52 seconds
Begin teardown
End teardown
]]></system-out>
    </testcase>
    <testcase classname="setup/aio/pre-suite" name="020_InstallCumulusModules.rb" time="0.000523">
      <skipped type="skip"/>
      <system-out><![CDATA[
No cumulus hosts present
Begin teardown
End teardown
]]></system-out>
    </testcase>
    <testcase classname="setup/aio/pre-suite" name="021_InstallAristaModule.rb" time="0.000462">
      <skipped type="skip"/>
      <system-out><![CDATA[
No arista hosts present
Begin teardown
End teardown
]]></system-out>
    </testcase>
    <testcase classname="setup/common/pre-suite" name="025_StopFirewall.rb" time="1.564529">
      <system-out><![CDATA[
Stop firewall
  
  y9sqckmg348o6r5.delivery.puppetlabs.net (centos7-64-1) 19:26:34$ puppet resource service firewalld ensure=stopped
    service { 'firewalld':
      ensure => 'stopped',
    }
  
  y9sqckmg348o6r5.delivery.puppetlabs.net (centos7-64-1) executed in 1.56 seconds
Begin teardown
End teardown
]]></system-out>
    </testcase>
    <testcase classname="setup/common/pre-suite" name="040_ValidateSignCert.rb" time="20.307326">
      <system-out><![CDATA[
Validate Sign Cert

y9sqckmg348o6r5.delivery.puppetlabs.net (centos7-64-1) 19:26:36$ facter hostname
  y9sqckmg348o6r5

y9sqckmg348o6r5.delivery.puppetlabs.net (centos7-64-1) executed in 0.10 seconds

y9sqckmg348o6r5.delivery.puppetlabs.net (centos7-64-1) 19:26:36$ facter fqdn
  y9sqckmg348o6r5.delivery.puppetlabs.net

y9sqckmg348o6r5.delivery.puppetlabs.net (centos7-64-1) executed in 0.09 seconds

* Ensure puppet is stopped

y9sqckmg348o6r5.delivery.puppetlabs.net (centos7-64-1) 19:26:36$ puppet resource service puppetserver ensure=stopped
  service { 'puppetserver':
    ensure => 'stopped',
  }

y9sqckmg348o6r5.delivery.puppetlabs.net (centos7-64-1) executed in 1.04 seconds

* Clear SSL on all hosts

y9sqckmg348o6r5.delivery.puppetlabs.net (centos7-64-1) 19:26:37$ puppet agent --configprint ssldir
  /etc/puppetlabs/puppet/ssl

y9sqckmg348o6r5.delivery.puppetlabs.net (centos7-64-1) executed in 0.81 seconds

y9sqckmg348o6r5.delivery.puppetlabs.net (centos7-64-1) 19:26:38$ rm -rf '/etc/puppetlabs/puppet/ssl'

y9sqckmg348o6r5.delivery.puppetlabs.net (centos7-64-1) executed in 0.03 seconds

* Master: Start Puppet Master
  
  y9sqckmg348o6r5.delivery.puppetlabs.net (centos7-64-1) 19:26:38$ mktemp -dt 040_ValidateSignCert.rb.XXXXXX
    /tmp/040_ValidateSignCert.rb.YNXeRc
  
  y9sqckmg348o6r5.delivery.puppetlabs.net (centos7-64-1) executed in 0.05 seconds
  Setting curl retries to 30
  
  y9sqckmg348o6r5.delivery.puppetlabs.net (centos7-64-1) 19:26:38$ puppet master --configprint confdir
    /etc/puppetlabs/puppet
  
  y9sqckmg348o6r5.delivery.puppetlabs.net (centos7-64-1) executed in 0.95 seconds
  
  y9sqckmg348o6r5.delivery.puppetlabs.net (centos7-64-1) 19:26:39$ puppet master --configprint vardir
    /opt/puppetlabs/server/data/puppetserver
  
  y9sqckmg348o6r5.delivery.puppetlabs.net (centos7-64-1) executed in 0.92 seconds
  
  y9sqckmg348o6r5.delivery.puppetlabs.net (centos7-64-1) 19:26:40$ test -e /etc/puppetlabs/puppetserver/conf.d/puppetserver.conf
  
  y9sqckmg348o6r5.delivery.puppetlabs.net (centos7-64-1) executed in 0.03 seconds
  
  y9sqckmg348o6r5.delivery.puppetlabs.net (centos7-64-1) 19:26:40$ cat /etc/puppetlabs/puppetserver/conf.d/puppetserver.conf
    # configuration for the JRuby interpreters
    jruby-puppet: {
        # Where the puppet-agent dependency places puppet, facter, etc...
        # Puppet server expects to load Puppet from this location
        ruby-load-path: [/opt/puppetlabs/puppet/lib/ruby/vendor_ruby]
    
        # This setting determines where JRuby will install gems.  It is used for loading gems,
        # and also by the `puppetserver gem` command line tool.
        gem-home: /opt/puppetlabs/server/data/puppetserver/jruby-gems
    
        # This setting defines the complete "GEM_PATH" for jruby.  If set, it should include
        # the gem-home directory as well as any other directories that gems can be loaded
        # from (including the vendored gems directory for gems that ship with puppetserver)
        gem-path: [${jruby-puppet.gem-home}, "/opt/puppetlabs/server/data/puppetserver/vendored-jruby-gems"]
    
        # PLEASE NOTE: Use caution when modifying the below settings. Modifying
        # these settings will change the value of the corresponding Puppet settings
        # for Puppet Server, but not for the Puppet CLI tools. This likely will not
        # be a problem with master-var-dir, master-run-dir, or master-log-dir unless
        # some critical setting in puppet.conf is interpolating the value of one
        # of the corresponding settings, but it is important that any changes made to
        # master-conf-dir and master-code-dir are also made to the corresponding Puppet
        # settings when running the Puppet CLI tools. See
        # https://docs.puppetlabs.com/puppetserver/latest/puppet_conf_setting_diffs.html#overriding-puppet-settings-in-puppet-server
        # for more information.
    
        # (optional) path to puppet conf dir; if not specified, will use
        # /etc/puppetlabs/puppet
        master-conf-dir: /etc/puppetlabs/puppet
    
        # (optional) path to puppet code dir; if not specified, will use
        # /etc/puppetlabs/code
        master-code-dir: /etc/puppetlabs/code
    
        # (optional) path to puppet var dir; if not specified, will use
        # /opt/puppetlabs/server/data/puppetserver
        master-var-dir: /opt/puppetlabs/server/data/puppetserver
    
        # (optional) path to puppet run dir; if not specified, will use
        # /var/run/puppetlabs/puppetserver
        master-run-dir: /var/run/puppetlabs/puppetserver
    
        # (optional) path to puppet log dir; if not specified, will use
        # /var/log/puppetlabs/puppetserver
        master-log-dir: /var/log/puppetlabs/puppetserver
    
        # (optional) maximum number of JRuby instances to allow
        #max-active-instances: 1
    
        # (optional) Authorize access to Puppet master endpoints via rules
        # specified in the legacy Puppet auth.conf file (if true) or via rules
        # specified in the Puppet Server HOCON-formatted auth.conf (if false or not
        # specified).
        #use-legacy-auth-conf: true
    }
    
    # settings related to HTTPS client requests made by Puppet Server
    http-client: {
        # A list of acceptable protocols for making HTTPS requests
        #ssl-protocols: [TLSv1, TLSv1.1, TLSv1.2]
    
        # A list of acceptable cipher suites for making HTTPS requests
        #cipher-suites: [TLS_RSA_WITH_AES_256_CBC_SHA256,
        #                TLS_RSA_WITH_AES_256_CBC_SHA,
        #                TLS_RSA_WITH_AES_128_CBC_SHA256,
        #                TLS_RSA_WITH_AES_128_CBC_SHA]
    
        # Whether to enable http-client metrics; defaults to 'true'.
        #metrics-enabled: true
    }
    
    # settings related to profiling the puppet Ruby code
    profiler: {
        # enable or disable profiling for the Ruby code; defaults to 'true'.
        #enabled: true
    }
  
  y9sqckmg348o6r5.delivery.puppetlabs.net (centos7-64-1) executed in 0.04 seconds
  localhost $ scp /var/folders/8z/d3hkzy8j1wxfbmzwzmpf890w0000gq/T/beaker20170808-6664-1kgjmz2 centos7-64-1:/etc/puppetlabs/puppetserver/conf.d/puppetserver.conf {:ignore => }
  
  y9sqckmg348o6r5.delivery.puppetlabs.net (centos7-64-1) 19:26:40$ puppet master --configprint confdir
    /etc/puppetlabs/puppet
  
  y9sqckmg348o6r5.delivery.puppetlabs.net (centos7-64-1) executed in 1.04 seconds
  
  y9sqckmg348o6r5.delivery.puppetlabs.net (centos7-64-1) 19:26:41$ test -e /etc/puppetlabs/puppet/puppet.conf
  
  y9sqckmg348o6r5.delivery.puppetlabs.net (centos7-64-1) executed in 0.03 seconds
  
  y9sqckmg348o6r5.delivery.puppetlabs.net (centos7-64-1) 19:26:41$ cp /etc/puppetlabs/puppet/puppet.conf /tmp/040_ValidateSignCert.rb.YNXeRc/puppet.conf.bak
  
  y9sqckmg348o6r5.delivery.puppetlabs.net (centos7-64-1) executed in 0.03 seconds
  
  y9sqckmg348o6r5.delivery.puppetlabs.net (centos7-64-1) 19:26:41$ puppet master --configprint config
    /etc/puppetlabs/puppet/puppet.conf
  
  y9sqckmg348o6r5.delivery.puppetlabs.net (centos7-64-1) executed in 0.86 seconds
  
  y9sqckmg348o6r5.delivery.puppetlabs.net (centos7-64-1) 19:26:42$ puppet master --configprint config
    /etc/puppetlabs/puppet/puppet.conf
  
  y9sqckmg348o6r5.delivery.puppetlabs.net (centos7-64-1) executed in 0.92 seconds
  
  y9sqckmg348o6r5.delivery.puppetlabs.net (centos7-64-1) 19:26:43$ cat /etc/puppetlabs/puppet/puppet.conf
    # This file can be used to override the default puppet settings.
    # See the following links for more details on what settings are available:
    # - https://docs.puppetlabs.com/puppet/latest/reference/config_important_settings.html
    # - https://docs.puppetlabs.com/puppet/latest/reference/config_about_settings.html
    # - https://docs.puppetlabs.com/puppet/latest/reference/config_file_main.html
    # - https://docs.puppetlabs.com/puppet/latest/reference/configuration.html
    [master]
    vardir = /opt/puppetlabs/server/data/puppetserver
    logdir = /var/log/puppetlabs/puppetserver
    rundir = /var/run/puppetlabs/puppetserver
    pidfile = /var/run/puppetlabs/puppetserver/puppetserver.pid
    codedir = /etc/puppetlabs/code
  
  y9sqckmg348o6r5.delivery.puppetlabs.net (centos7-64-1) executed in 0.03 seconds
  localhost $ scp /var/folders/8z/d3hkzy8j1wxfbmzwzmpf890w0000gq/T/beaker20170808-6664-1gjddsx centos7-64-1:/tmp/040_ValidateSignCert.rb.YNXeRc/puppet.conf {:ignore => }
  
  y9sqckmg348o6r5.delivery.puppetlabs.net (centos7-64-1) 19:26:43$ cat /etc/puppetlabs/puppet/puppet.conf
    [master]
    vardir = /opt/puppetlabs/server/data/puppetserver
    logdir = /var/log/puppetlabs/puppetserver
    rundir = /var/run/puppetlabs/puppetserver
    pidfile = /var/run/puppetlabs/puppetserver/puppetserver.pid
    codedir = /etc/puppetlabs/code
    
    [main]
    dns_alt_names = puppet,y9sqckmg348o6r5,y9sqckmg348o6r5.delivery.puppetlabs.net
  
  y9sqckmg348o6r5.delivery.puppetlabs.net (centos7-64-1) executed in 0.03 seconds
  
  y9sqckmg348o6r5.delivery.puppetlabs.net (centos7-64-1) 19:26:43$ puppet master
  
  y9sqckmg348o6r5.delivery.puppetlabs.net (centos7-64-1) executed in 6.85 seconds
  Waiting for the puppet master to start
  The puppet master has started
  
  * Master: sign all certs
  
  y9sqckmg348o6r5.delivery.puppetlabs.net (centos7-64-1) 19:26:50$ puppet cert --sign --all
    Error: No waiting certificate requests to sign
  
  y9sqckmg348o6r5.delivery.puppetlabs.net (centos7-64-1) executed in 1.53 seconds
  Exited: 24
  
  * Agents: Run agent --test second time to obtain signed cert
  
  y9sqckmg348o6r5.delivery.puppetlabs.net (centos7-64-1) 19:26:52$ puppet agent --test --server y9sqckmg348o6r5.delivery.puppetlabs.net
    Info: Using configured environment 'production'
    Info: Retrieving pluginfacts
    Info: Retrieving plugin
    Info: Caching catalog for y9sqckmg348o6r5.delivery.puppetlabs.net
    Info: Applying configuration version '1502245338'
    Notice: Applied catalog in 0.02 seconds
  
  y9sqckmg348o6r5.delivery.puppetlabs.net (centos7-64-1) executed in 2.86 seconds
  
  y9sqckmg348o6r5.delivery.puppetlabs.net (centos7-64-1) 19:26:54$ cat `puppet master --configprint pidfile`
    2820  
  y9sqckmg348o6r5.delivery.puppetlabs.net (centos7-64-1) executed in 0.82 seconds
  
  y9sqckmg348o6r5.delivery.puppetlabs.net (centos7-64-1) 19:26:55$ kill 2820
  
  y9sqckmg348o6r5.delivery.puppetlabs.net (centos7-64-1) executed in 0.03 seconds
  
  y9sqckmg348o6r5.delivery.puppetlabs.net (centos7-64-1) 19:26:55$ kill -0 2820
    bash: line 0: kill: (2820) - No such process
  
  y9sqckmg348o6r5.delivery.puppetlabs.net (centos7-64-1) executed in 0.03 seconds
  Exited: 1
  
  y9sqckmg348o6r5.delivery.puppetlabs.net (centos7-64-1) 19:26:55$ puppet master --configprint config
    /etc/puppetlabs/puppet/puppet.conf
  
  y9sqckmg348o6r5.delivery.puppetlabs.net (centos7-64-1) executed in 0.86 seconds
  
  y9sqckmg348o6r5.delivery.puppetlabs.net (centos7-64-1) 19:26:56$ if [ -f '/tmp/040_ValidateSignCert.rb.YNXeRc/puppet.conf.bak' ]; then cat '/tmp/040_ValidateSignCert.rb.YNXeRc/puppet.conf.bak' > '/etc/puppetlabs/puppet/puppet.conf'; rm -f '/tmp/040_ValidateSignCert.rb.YNXeRc/puppet.conf.bak'; fi
  
  y9sqckmg348o6r5.delivery.puppetlabs.net (centos7-64-1) executed in 0.03 seconds
Begin teardown
End teardown
]]></system-out>
    </testcase>
    <testcase classname="setup/aio/pre-suite" name="045_EnsureMasterStarted.rb" time="35.911078">
      <system-out><![CDATA[
y9sqckmg348o6r5.delivery.puppetlabs.net (centos7-64-1) 19:26:56$ puppet resource service puppetserver ensure=running
  Notice: /Service[puppetserver]/ensure: ensure changed 'stopped' to 'running'
  service { 'puppetserver':
    ensure => 'running',
  }

y9sqckmg348o6r5.delivery.puppetlabs.net (centos7-64-1) executed in 35.91 seconds
Begin teardown
End teardown
]]></system-out>
    </testcase>
  </testsuite>
<meta_test_info page_active="no-links" link_url=""/><testsuite name="tests" tests="7" errors="0" failures="0" skipped="0" pending="0" total="7" time="173.919555"><properties>
[...]
</properties><testcase classname="tests/reports" name="cached_catalog_status_in_report.rb" time="28.837883"><system-out><![CDATA[
PUP-5867: The report specifies whether a cached catalog was used, and if so, why
  
  y9sqckmg348o6r5.delivery.puppetlabs.net (centos7-64-1) 19:27:32$ puppet master --configprint user
    puppet
  
  y9sqckmg348o6r5.delivery.puppetlabs.net (centos7-64-1) executed in 0.85 seconds
  
  y9sqckmg348o6r5.delivery.puppetlabs.net (centos7-64-1) 19:27:33$ getent passwd puppet
    puppet:x:996:994:puppetserver daemon:/opt/puppetlabs/server/data/puppetserver:/sbin/nologin
  
  y9sqckmg348o6r5.delivery.puppetlabs.net (centos7-64-1) executed in 0.03 seconds
  
  y9sqckmg348o6r5.delivery.puppetlabs.net (centos7-64-1) 19:27:33$ mktemp -dt report_dir.XXXXXX
    /tmp/report_dir.IUfvvL
  
  y9sqckmg348o6r5.delivery.puppetlabs.net (centos7-64-1) executed in 0.03 seconds
  
  y9sqckmg348o6r5.delivery.puppetlabs.net (centos7-64-1) 19:27:33$ chown puppet:puppet /tmp/report_dir.IUfvvL
  
  y9sqckmg348o6r5.delivery.puppetlabs.net (centos7-64-1) executed in 0.03 seconds
  
  y9sqckmg348o6r5.delivery.puppetlabs.net (centos7-64-1) 19:27:33$ mktemp -dt cached_catalog_status_in_report.rb.XXXXXX
    /tmp/cached_catalog_status_in_report.rb.WJ3D8d
  
  y9sqckmg348o6r5.delivery.puppetlabs.net (centos7-64-1) executed in 0.03 seconds
  Setting curl retries to 30
  
  y9sqckmg348o6r5.delivery.puppetlabs.net (centos7-64-1) 19:27:33$ puppet master --configprint confdir
    /etc/puppetlabs/puppet
  
  y9sqckmg348o6r5.delivery.puppetlabs.net (centos7-64-1) executed in 1.11 seconds
  
  y9sqckmg348o6r5.delivery.puppetlabs.net (centos7-64-1) 19:27:34$ puppet master --configprint vardir
    /opt/puppetlabs/server/data/puppetserver
  
  y9sqckmg348o6r5.delivery.puppetlabs.net (centos7-64-1) executed in 0.92 seconds
  
  y9sqckmg348o6r5.delivery.puppetlabs.net (centos7-64-1) 19:27:35$ test -e /etc/puppetlabs/puppetserver/conf.d/puppetserver.conf
  
  y9sqckmg348o6r5.delivery.puppetlabs.net (centos7-64-1) executed in 0.03 seconds
  
  y9sqckmg348o6r5.delivery.puppetlabs.net (centos7-64-1) 19:27:35$ cat /etc/puppetlabs/puppetserver/conf.d/puppetserver.conf
    {
      "jruby-puppet": {
        "ruby-load-path": [
          "/opt/puppetlabs/puppet/lib/ruby/vendor_ruby"
        ],
        "gem-home": "/opt/puppetlabs/server/data/puppetserver/jruby-gems",
        "gem-path": [
          "/opt/puppetlabs/server/data/puppetserver/jruby-gems",
          "/opt/puppetlabs/server/data/puppetserver/vendored-jruby-gems"
        ],
        "master-conf-dir": "/etc/puppetlabs/puppet",
        "master-code-dir": "/etc/puppetlabs/code",
        "master-var-dir": "/opt/puppetlabs/server/data/puppetserver",
        "master-run-dir": "/var/run/puppetlabs/puppetserver",
        "master-log-dir": "/var/log/puppetlabs/puppetserver"
      },
      "http-client": {
      },
      "profiler": {
      }
    }
  
  y9sqckmg348o6r5.delivery.puppetlabs.net (centos7-64-1) executed in 0.03 seconds
  localhost $ scp /var/folders/8z/d3hkzy8j1wxfbmzwzmpf890w0000gq/T/beaker20170808-6664-xqnf0q centos7-64-1:/etc/puppetlabs/puppetserver/conf.d/puppetserver.conf {:ignore => }
  
  y9sqckmg348o6r5.delivery.puppetlabs.net (centos7-64-1) 19:27:35$ puppet master --configprint confdir
    /etc/puppetlabs/puppet
  
  y9sqckmg348o6r5.delivery.puppetlabs.net (centos7-64-1) executed in 0.75 seconds
  
  y9sqckmg348o6r5.delivery.puppetlabs.net (centos7-64-1) 19:27:36$ test -e /etc/puppetlabs/puppet/puppet.conf
  
  y9sqckmg348o6r5.delivery.puppetlabs.net (centos7-64-1) executed in 0.03 seconds
  
  y9sqckmg348o6r5.delivery.puppetlabs.net (centos7-64-1) 19:27:36$ cp /etc/puppetlabs/puppet/puppet.conf /tmp/cached_catalog_status_in_report.rb.WJ3D8d/puppet.conf.bak
  
  y9sqckmg348o6r5.delivery.puppetlabs.net (centos7-64-1) executed in 0.03 seconds
  
  y9sqckmg348o6r5.delivery.puppetlabs.net (centos7-64-1) 19:27:36$ puppet master --configprint config
    /etc/puppetlabs/puppet/puppet.conf
  
  y9sqckmg348o6r5.delivery.puppetlabs.net (centos7-64-1) executed in 0.85 seconds
  
  y9sqckmg348o6r5.delivery.puppetlabs.net (centos7-64-1) 19:27:37$ puppet master --configprint config
    /etc/puppetlabs/puppet/puppet.conf
  
  y9sqckmg348o6r5.delivery.puppetlabs.net (centos7-64-1) executed in 0.78 seconds
  
  y9sqckmg348o6r5.delivery.puppetlabs.net (centos7-64-1) 19:27:38$ cat /etc/puppetlabs/puppet/puppet.conf
    # This file can be used to override the default puppet settings.
    # See the following links for more details on what settings are available:
    # - https://docs.puppetlabs.com/puppet/latest/reference/config_important_settings.html
    # - https://docs.puppetlabs.com/puppet/latest/reference/config_about_settings.html
    # - https://docs.puppetlabs.com/puppet/latest/reference/config_file_main.html
    # - https://docs.puppetlabs.com/puppet/latest/reference/configuration.html
    [master]
    vardir = /opt/puppetlabs/server/data/puppetserver
    logdir = /var/log/puppetlabs/puppetserver
    rundir = /var/run/puppetlabs/puppetserver
    pidfile = /var/run/puppetlabs/puppetserver/puppetserver.pid
    codedir = /etc/puppetlabs/code
  
  y9sqckmg348o6r5.delivery.puppetlabs.net (centos7-64-1) executed in 0.03 seconds
  localhost $ scp /var/folders/8z/d3hkzy8j1wxfbmzwzmpf890w0000gq/T/beaker20170808-6664-bzxnf6 centos7-64-1:/tmp/cached_catalog_status_in_report.rb.WJ3D8d/puppet.conf {:ignore => }
  
  y9sqckmg348o6r5.delivery.puppetlabs.net (centos7-64-1) 19:27:38$ cat /etc/puppetlabs/puppet/puppet.conf
    [master]
    vardir = /opt/puppetlabs/server/data/puppetserver
    logdir = /var/log/puppetlabs/puppetserver
    rundir = /var/run/puppetlabs/puppetserver
    pidfile = /var/run/puppetlabs/puppetserver/puppetserver.pid
    codedir = /etc/puppetlabs/code
    
    [master]
    reportdir = /tmp/report_dir.IUfvvL
    reports = store
  
  y9sqckmg348o6r5.delivery.puppetlabs.net (centos7-64-1) executed in 0.03 seconds
  
  y9sqckmg348o6r5.delivery.puppetlabs.net (centos7-64-1) 19:27:38$ service puppetserver reload
    Redirecting to /bin/systemctl reload  puppetserver.service
  
  y9sqckmg348o6r5.delivery.puppetlabs.net (centos7-64-1) executed in 4.52 seconds
  
  * cached_catalog_status should be 'not used' when a new catalog is retrieved
    
    * Initial run: cache a newly retrieved catalog
      
      y9sqckmg348o6r5.delivery.puppetlabs.net (centos7-64-1) 19:27:42$ puppet agent -t --server y9sqckmg348o6r5.delivery.puppetlabs.net
        Info: Using configured environment 'production'
        Info: Retrieving pluginfacts
        Info: Retrieving plugin
        Info: Caching catalog for y9sqckmg348o6r5.delivery.puppetlabs.net
        Info: Applying configuration version '1502245389'
        Notice: Applied catalog in 0.02 seconds
      
      y9sqckmg348o6r5.delivery.puppetlabs.net (centos7-64-1) executed in 2.95 seconds
    
    * Run again and ensure report indicates that the cached catalog was not used
      
      y9sqckmg348o6r5.delivery.puppetlabs.net (centos7-64-1) 19:27:45$ puppet agent --onetime --no-daemonize --server y9sqckmg348o6r5.delivery.puppetlabs.net
      
      y9sqckmg348o6r5.delivery.puppetlabs.net (centos7-64-1) executed in 2.30 seconds
      
      y9sqckmg348o6r5.delivery.puppetlabs.net (centos7-64-1) 19:27:48$ puppet agent --configprint node_name_value
        y9sqckmg348o6r5.delivery.puppetlabs.net
      
      y9sqckmg348o6r5.delivery.puppetlabs.net (centos7-64-1) executed in 0.92 seconds
      
      y9sqckmg348o6r5.delivery.puppetlabs.net (centos7-64-1) 19:27:49$ cat /tmp/report_dir.IUfvvL/y9sqckmg348o6r5.delivery.puppetlabs.net/*
        --- !ruby/object:Puppet::Transaction::Report
        host: y9sqckmg348o6r5.delivery.puppetlabs.net
        time: '2017-08-09T02:23:10.721390748Z'
        configuration_version: 1502245391
        transaction_uuid: 28f08be5-594a-4ebd-8dd4-92e62125fcc6
        report_format: 7
        puppet_version: 5.0.1
        status: unchanged
        noop: false
        noop_pending: false
        environment: production
        logs:
        - level: notice
          message: Applied catalog in 0.02 seconds
          source: Puppet
          tags:
          - notice
          time: '2017-08-09T02:23:11.413025204Z'
          file:
          line:
        metrics:
          resources:
            name: resources
            label: Resources
            values:
            - - total
              - Total
              - 7
            - - skipped
              - Skipped
              - 0
            - - failed
              - Failed
              - 0
            - - failed_to_restart
              - Failed to restart
              - 0
            - - restarted
              - Restarted
              - 0
            - - changed
              - Changed
              - 0
            - - out_of_sync
              - Out of sync
              - 0
            - - scheduled
              - Scheduled
              - 0
            - - corrective_change
              - Corrective change
              - 0
          time:
            name: time
            label: Time
            values:
            - - schedule
              - Schedule
              - 0.000708416
            - - filebucket
              - Filebucket
              - 5.6556e-05
            - - config_retrieval
              - Config retrieval
              - 0.25757766499987156
            - - total
              - Total
              - 0.25834263699987153
          changes:
            name: changes
            label: Changes
            values:
            - - total
              - Total
              - 0
          events:
            name: events
            label: Events
            values:
            - - total
              - Total
              - 0
            - - failure
              - Failure
              - 0
            - - success
              - Success
              - 0
        resource_statuses:
          Schedule[puppet]:
            title: puppet
            file:
            line:
            resource: Schedule[puppet]
            resource_type: Schedule
            containment_path:
            - Schedule[puppet]
            evaluation_time: 6.0093e-05
            tags:
            - schedule
            - puppet
            time: '2017-08-09T02:23:11.402446239Z'
            failed: false
            changed: false
            out_of_sync: false
            skipped: false
            change_count: 0
            out_of_sync_count: 0
            events: []
            corrective_change: false
          Schedule[hourly]:
            title: hourly
            file:
            line:
            resource: Schedule[hourly]
            resource_type: Schedule
            containment_path:
            - Schedule[hourly]
            evaluation_time: 5.1458e-05
            tags:
            - schedule
            - hourly
            time: '2017-08-09T02:23:11.403073583Z'
            failed: false
            changed: false
            out_of_sync: false
            skipped: false
            change_count: 0
            out_of_sync_count: 0
            events: []
            corrective_change: false
          Schedule[daily]:
            title: daily
            file:
            line:
            resource: Schedule[daily]
            resource_type: Schedule
            containment_path:
            - Schedule[daily]
            evaluation_time: 4.7392e-05
            tags:
            - schedule
            - daily
            time: '2017-08-09T02:23:11.403214824Z'
            failed: false
            changed: false
            out_of_sync: false
            skipped: false
            change_count: 0
            out_of_sync_count: 0
            events: []
            corrective_change: false
          Schedule[weekly]:
            title: weekly
            file:
            line:
            resource: Schedule[weekly]
            resource_type: Schedule
            containment_path:
            - Schedule[weekly]
            evaluation_time: 4.6594e-05
            tags:
            - schedule
            - weekly
            time: '2017-08-09T02:23:11.403348640Z'
            failed: false
            changed: false
            out_of_sync: false
            skipped: false
            change_count: 0
            out_of_sync_count: 0
            events: []
            corrective_change: false
          Schedule[monthly]:
            title: monthly
            file:
            line:
            resource: Schedule[monthly]
            resource_type: Schedule
            containment_path:
            - Schedule[monthly]
            evaluation_time: 0.000455766
            tags:
            - schedule
            - monthly
            time: '2017-08-09T02:23:11.403489372Z'
            failed: false
            changed: false
            out_of_sync: false
            skipped: false
            change_count: 0
            out_of_sync_count: 0
            events: []
            corrective_change: false
          Schedule[never]:
            title: never
            file:
            line:
            resource: Schedule[never]
            resource_type: Schedule
            containment_path:
            - Schedule[never]
            evaluation_time: 4.7113e-05
            tags:
            - schedule
            - never
            time: '2017-08-09T02:23:11.404031899Z'
            failed: false
            changed: false
            out_of_sync: false
            skipped: false
            change_count: 0
            out_of_sync_count: 0
            events: []
            corrective_change: false
          Filebucket[puppet]:
            title: puppet
            file:
            line:
            resource: Filebucket[puppet]
            resource_type: Filebucket
            containment_path:
            - Filebucket[puppet]
            evaluation_time: 5.6556e-05
            tags:
            - filebucket
            - puppet
            time: '2017-08-09T02:23:11.404173640Z'
            failed: false
            changed: false
            out_of_sync: false
            skipped: false
            change_count: 0
            out_of_sync_count: 0
            events: []
            corrective_change: false
        corrective_change: false
        catalog_uuid: 11f8731a-8eb0-434d-84bb-01d0b79e1cf5
        cached_catalog_status: not_used
      
      y9sqckmg348o6r5.delivery.puppetlabs.net (centos7-64-1) executed in 0.05 seconds
      
      y9sqckmg348o6r5.delivery.puppetlabs.net (centos7-64-1) 19:27:49$ puppet agent --configprint node_name_value
        y9sqckmg348o6r5.delivery.puppetlabs.net
      
      y9sqckmg348o6r5.delivery.puppetlabs.net (centos7-64-1) executed in 0.87 seconds
      
      y9sqckmg348o6r5.delivery.puppetlabs.net (centos7-64-1) 19:27:50$ rm -rf /tmp/report_dir.IUfvvL/y9sqckmg348o6r5.delivery.puppetlabs.net/*
      
      y9sqckmg348o6r5.delivery.puppetlabs.net (centos7-64-1) executed in 0.03 seconds
  
  * Run with --use_cached_catalog and ensure report indicates cached catalog was explicitly requested
    
    y9sqckmg348o6r5.delivery.puppetlabs.net (centos7-64-1) 19:27:50$ puppet agent --onetime --no-daemonize --use_cached_catalog --server y9sqckmg348o6r5.delivery.puppetlabs.net
    
    y9sqckmg348o6r5.delivery.puppetlabs.net (centos7-64-1) executed in 1.71 seconds
    
    y9sqckmg348o6r5.delivery.puppetlabs.net (centos7-64-1) 19:27:51$ puppet agent --configprint node_name_value
      y9sqckmg348o6r5.delivery.puppetlabs.net
    
    y9sqckmg348o6r5.delivery.puppetlabs.net (centos7-64-1) executed in 0.77 seconds
    
    y9sqckmg348o6r5.delivery.puppetlabs.net (centos7-64-1) 19:27:52$ cat /tmp/report_dir.IUfvvL/y9sqckmg348o6r5.delivery.puppetlabs.net/*
      --- !ruby/object:Puppet::Transaction::Report
      host: y9sqckmg348o6r5.delivery.puppetlabs.net
      time: '2017-08-09T02:23:14.974837145Z'
      configuration_version: 1502245391
      transaction_uuid: 106e8bac-de51-42d3-b58c-2b3365cb659b
      report_format: 7
      puppet_version: 5.0.1
      status: unchanged
      noop: false
      noop_pending: false
      environment: production
      logs:
      - level: notice
        message: Applied catalog in 0.02 seconds
        source: Puppet
        tags:
        - notice
        time: '2017-08-09T02:23:15.146275875Z'
        file:
        line:
      metrics:
        resources:
          name: resources
          label: Resources
          values:
          - - total
            - Total
            - 7
          - - skipped
            - Skipped
            - 0
          - - failed
            - Failed
            - 0
          - - failed_to_restart
            - Failed to restart
            - 0
          - - restarted
            - Restarted
            - 0
          - - changed
            - Changed
            - 0
          - - out_of_sync
            - Out of sync
            - 0
          - - scheduled
            - Scheduled
            - 0
          - - corrective_change
            - Corrective change
            - 0
        time:
          name: time
          label: Time
          values:
          - - schedule
            - Schedule
            - 0.00035355300000000005
          - - filebucket
            - Filebucket
            - 6.2539e-05
          - - config_retrieval
            - Config retrieval
            - 0.012186869000061051
          - - total
            - Total
            - 0.012602961000061051
        changes:
          name: changes
          label: Changes
          values:
          - - total
            - Total
            - 0
        events:
          name: events
          label: Events
          values:
          - - total
            - Total
            - 0
          - - failure
            - Failure
            - 0
          - - success
            - Success
            - 0
      resource_statuses:
        Schedule[puppet]:
          title: puppet
          file:
          line:
          resource: Schedule[puppet]
          resource_type: Schedule
          containment_path:
          - Schedule[puppet]
          evaluation_time: 8.5383e-05
          tags:
          - schedule
          - puppet
          time: '2017-08-09T02:23:15.135036578Z'
          failed: false
          changed: false
          out_of_sync: false
          skipped: false
          change_count: 0
          out_of_sync_count: 0
          events: []
          corrective_change: false
        Schedule[hourly]:
          title: hourly
          file:
          line:
          resource: Schedule[hourly]
          resource_type: Schedule
          containment_path:
          - Schedule[hourly]
          evaluation_time: 4.5356e-05
          tags:
          - schedule
          - hourly
          time: '2017-08-09T02:23:15.135206801Z'
          failed: false
          changed: false
          out_of_sync: false
          skipped: false
          change_count: 0
          out_of_sync_count: 0
          events: []
          corrective_change: false
        Schedule[daily]:
          title: daily
          file:
          line:
          resource: Schedule[daily]
          resource_type: Schedule
          containment_path:
          - Schedule[daily]
          evaluation_time: 6.8583e-05
          tags:
          - schedule
          - daily
          time: '2017-08-09T02:23:15.135367880Z'
          failed: false
          changed: false
          out_of_sync: false
          skipped: false
          change_count: 0
          out_of_sync_count: 0
          events: []
          corrective_change: false
        Schedule[weekly]:
          title: weekly
          file:
          line:
          resource: Schedule[weekly]
          resource_type: Schedule
          containment_path:
          - Schedule[weekly]
          evaluation_time: 5.5113e-05
          tags:
          - schedule
          - weekly
          time: '2017-08-09T02:23:15.135522715Z'
          failed: false
          changed: false
          out_of_sync: false
          skipped: false
          change_count: 0
          out_of_sync_count: 0
          events: []
          corrective_change: false
        Schedule[monthly]:
          title: monthly
          file:
          line:
          resource: Schedule[monthly]
          resource_type: Schedule
          containment_path:
          - Schedule[monthly]
          evaluation_time: 4.5665e-05
          tags:
          - schedule
          - monthly
          time: '2017-08-09T02:23:15.135685039Z'
          failed: false
          changed: false
          out_of_sync: false
          skipped: false
          change_count: 0
          out_of_sync_count: 0
          events: []
          corrective_change: false
        Schedule[never]:
          title: never
          file:
          line:
          resource: Schedule[never]
          resource_type: Schedule
          containment_path:
          - Schedule[never]
          evaluation_time: 5.3453e-05
          tags:
          - schedule
          - never
          time: '2017-08-09T02:23:15.135812065Z'
          failed: false
          changed: false
          out_of_sync: false
          skipped: false
          change_count: 0
          out_of_sync_count: 0
          events: []
          corrective_change: false
        Filebucket[puppet]:
          title: puppet
          file:
          line:
          resource: Filebucket[puppet]
          resource_type: Filebucket
          containment_path:
          - Filebucket[puppet]
          evaluation_time: 6.2539e-05
          tags:
          - filebucket
          - puppet
          time: '2017-08-09T02:23:15.135966080Z'
          failed: false
          changed: false
          out_of_sync: false
          skipped: false
          change_count: 0
          out_of_sync_count: 0
          events: []
          corrective_change: false
      corrective_change: false
      catalog_uuid: 11f8731a-8eb0-434d-84bb-01d0b79e1cf5
      cached_catalog_status: explicitly_requested
    
    y9sqckmg348o6r5.delivery.puppetlabs.net (centos7-64-1) executed in 0.05 seconds
    
    y9sqckmg348o6r5.delivery.puppetlabs.net (centos7-64-1) 19:27:52$ puppet agent --configprint node_name_value
      y9sqckmg348o6r5.delivery.puppetlabs.net
    
    y9sqckmg348o6r5.delivery.puppetlabs.net (centos7-64-1) executed in 0.81 seconds
    
    y9sqckmg348o6r5.delivery.puppetlabs.net (centos7-64-1) 19:27:53$ rm -rf /tmp/report_dir.IUfvvL/y9sqckmg348o6r5.delivery.puppetlabs.net/*
    
    y9sqckmg348o6r5.delivery.puppetlabs.net (centos7-64-1) executed in 0.03 seconds
  
  * On a run which fails to retrieve a new catalog, ensure report indicates cached catalog was used on failure
    
    y9sqckmg348o6r5.delivery.puppetlabs.net (centos7-64-1) 19:27:53$ puppet agent --onetime --no-daemonize --report_server y9sqckmg348o6r5.delivery.puppetlabs.net --server nonexist
    
    y9sqckmg348o6r5.delivery.puppetlabs.net (centos7-64-1) executed in 1.87 seconds
    
    y9sqckmg348o6r5.delivery.puppetlabs.net (centos7-64-1) 19:27:55$ puppet agent --configprint node_name_value
      y9sqckmg348o6r5.delivery.puppetlabs.net
    
    y9sqckmg348o6r5.delivery.puppetlabs.net (centos7-64-1) executed in 0.86 seconds
    
    y9sqckmg348o6r5.delivery.puppetlabs.net (centos7-64-1) 19:27:56$ cat /tmp/report_dir.IUfvvL/y9sqckmg348o6r5.delivery.puppetlabs.net/*
      --- !ruby/object:Puppet::Transaction::Report
      host: y9sqckmg348o6r5.delivery.puppetlabs.net
      time: '2017-08-09T02:23:18.344564155Z'
      configuration_version: 1502245391
      transaction_uuid: 8e9cd321-9eef-49b2-acbd-6f1e6544e37b
      report_format: 7
      puppet_version: 5.0.1
      status: unchanged
      noop: false
      noop_pending: false
      environment: production
      logs:
      - level: warning
        message: 'Unable to fetch my node definition, but the agent run will continue:'
        source: Puppet
        tags:
        - warning
        time: '2017-08-09T02:23:18.377833188Z'
        file:
        line:
      - level: warning
        message: 'Failed to open TCP connection to nonexist:8140 (getaddrinfo: Name or service
          not known)'
        source: Puppet
        tags:
        - warning
        time: '2017-08-09T02:23:18.377940389Z'
        file:
        line:
      - level: err
        message: 'Failed to generate additional resources using ''eval_generate'': Failed
          to open TCP connection to nonexist:8140 (getaddrinfo: Name or service not known)'
        source: "/File[/opt/puppetlabs/puppet/cache/facts.d]"
        tags:
        - err
        - file
        - pluginfacts
        time: '2017-08-09T02:23:18.417519404Z'
        file:
        line:
      - level: err
        message: 'Could not evaluate: Could not retrieve file metadata for puppet:///pluginfacts:
          Failed to open TCP connection to nonexist:8140 (getaddrinfo: Name or service not
          known)'
        source: "/File[/opt/puppetlabs/puppet/cache/facts.d]"
        tags:
        - err
        - file
        - pluginfacts
        time: '2017-08-09T02:23:18.426025746Z'
        file:
        line:
      - level: err
        message: 'Failed to generate additional resources using ''eval_generate'': Failed
          to open TCP connection to nonexist:8140 (getaddrinfo: Name or service not known)'
        source: "/File[/opt/puppetlabs/puppet/cache/lib]"
        tags:
        - err
        - file
        - plugin
        time: '2017-08-09T02:23:18.437132215Z'
        file:
        line:
      - level: err
        message: 'Could not evaluate: Could not retrieve file metadata for puppet:///plugins:
          Failed to open TCP connection to nonexist:8140 (getaddrinfo: Name or service not
          known)'
        source: "/File[/opt/puppetlabs/puppet/cache/lib]"
        tags:
        - err
        - file
        - plugin
        time: '2017-08-09T02:23:18.445856174Z'
        file:
        line:
      - level: err
        message: 'Could not retrieve catalog from remote server: Failed to open TCP connection
          to nonexist:8140 (getaddrinfo: Name or service not known)'
        source: Puppet
        tags:
        - err
        time: '2017-08-09T02:23:18.614114780Z'
        file:
        line:
      - level: notice
        message: Applied catalog in 0.03 seconds
        source: Puppet
        tags:
        - notice
        time: '2017-08-09T02:23:18.677100316Z'
        file:
        line:
      metrics:
        resources:
          name: resources
          label: Resources
          values:
          - - total
            - Total
            - 7
          - - skipped
            - Skipped
            - 0
          - - failed
            - Failed
            - 0
          - - failed_to_restart
            - Failed to restart
            - 0
          - - restarted
            - Restarted
            - 0
          - - changed
            - Changed
            - 0
          - - out_of_sync
            - Out of sync
            - 0
          - - scheduled
            - Scheduled
            - 0
          - - corrective_change
            - Corrective change
            - 0
        time:
          name: time
          label: Time
          values:
          - - schedule
            - Schedule
            - 0.000377962
          - - filebucket
            - Filebucket
            - 6.1527e-05
          - - config_retrieval
            - Config retrieval
            - 0.0010478680001142493
          - - total
            - Total
            - 0.0014873570001142492
        changes:
          name: changes
          label: Changes
          values:
          - - total
            - Total
            - 0
        events:
          name: events
          label: Events
          values:
          - - total
            - Total
            - 0
          - - failure
            - Failure
            - 0
          - - success
            - Success
            - 0
      resource_statuses:
        Schedule[puppet]:
          title: puppet
          file:
          line:
          resource: Schedule[puppet]
          resource_type: Schedule
          containment_path:
          - Schedule[puppet]
          evaluation_time: 9.0437e-05
          tags:
          - schedule
          - puppet
          time: '2017-08-09T02:23:18.661515686Z'
          failed: false
          changed: false
          out_of_sync: false
          skipped: false
          change_count: 0
          out_of_sync_count: 0
          events: []
          corrective_change: false
        Schedule[hourly]:
          title: hourly
          file:
          line:
          resource: Schedule[hourly]
          resource_type: Schedule
          containment_path:
          - Schedule[hourly]
          evaluation_time: 5.4022e-05
          tags:
          - schedule
          - hourly
          time: '2017-08-09T02:23:18.662332786Z'
          failed: false
          changed: false
          out_of_sync: false
          skipped: false
          change_count: 0
          out_of_sync_count: 0
          events: []
          corrective_change: false
        Schedule[daily]:
          title: daily
          file:
          line:
          resource: Schedule[daily]
          resource_type: Schedule
          containment_path:
          - Schedule[daily]
          evaluation_time: 6.8003e-05
          tags:
          - schedule
          - daily
          time: '2017-08-09T02:23:18.662479797Z'
          failed: false
          changed: false
          out_of_sync: false
          skipped: false
          change_count: 0
          out_of_sync_count: 0
          events: []
          corrective_change: false
        Schedule[weekly]:
          title: weekly
          file:
          line:
          resource: Schedule[weekly]
          resource_type: Schedule
          containment_path:
          - Schedule[weekly]
          evaluation_time: 5.0917e-05
          tags:
          - schedule
          - weekly
          time: '2017-08-09T02:23:18.662683870Z'
          failed: false
          changed: false
          out_of_sync: false
          skipped: false
          change_count: 0
          out_of_sync_count: 0
          events: []
          corrective_change: false
        Schedule[monthly]:
          title: monthly
          file:
          line:
          resource: Schedule[monthly]
          resource_type: Schedule
          containment_path:
          - Schedule[monthly]
          evaluation_time: 5.1262e-05
          tags:
          - schedule
          - monthly
          time: '2017-08-09T02:23:18.663384066Z'
          failed: false
          changed: false
          out_of_sync: false
          skipped: false
          change_count: 0
          out_of_sync_count: 0
          events: []
          corrective_change: false
        Schedule[never]:
          title: never
          file:
          line:
          resource: Schedule[never]
          resource_type: Schedule
          containment_path:
          - Schedule[never]
          evaluation_time: 6.3321e-05
          tags:
          - schedule
          - never
          time: '2017-08-09T02:23:18.663540309Z'
          failed: false
          changed: false
          out_of_sync: false
          skipped: false
          change_count: 0
          out_of_sync_count: 0
          events: []
          corrective_change: false
        Filebucket[puppet]:
          title: puppet
          file:
          line:
          resource: Filebucket[puppet]
          resource_type: Filebucket
          containment_path:
          - Filebucket[puppet]
          evaluation_time: 6.1527e-05
          tags:
          - filebucket
          - puppet
          time: '2017-08-09T02:23:18.663722577Z'
          failed: false
          changed: false
          out_of_sync: false
          skipped: false
          change_count: 0
          out_of_sync_count: 0
          events: []
          corrective_change: false
      corrective_change: false
      catalog_uuid: 11f8731a-8eb0-434d-84bb-01d0b79e1cf5
      cached_catalog_status: on_failure
    
    y9sqckmg348o6r5.delivery.puppetlabs.net (centos7-64-1) executed in 0.05 seconds
  
  y9sqckmg348o6r5.delivery.puppetlabs.net (centos7-64-1) 19:27:56$ puppet master --configprint config
    /etc/puppetlabs/puppet/puppet.conf
  
  y9sqckmg348o6r5.delivery.puppetlabs.net (centos7-64-1) executed in 0.87 seconds
  
  y9sqckmg348o6r5.delivery.puppetlabs.net (centos7-64-1) 19:27:57$ if [ -f '/tmp/cached_catalog_status_in_report.rb.WJ3D8d/puppet.conf.bak' ]; then cat '/tmp/cached_catalog_status_in_report.rb.WJ3D8d/puppet.conf.bak' > '/etc/puppetlabs/puppet/puppet.conf'; rm -f '/tmp/cached_catalog_status_in_report.rb.WJ3D8d/puppet.conf.bak'; fi
  
  y9sqckmg348o6r5.delivery.puppetlabs.net (centos7-64-1) executed in 0.03 seconds
  
  y9sqckmg348o6r5.delivery.puppetlabs.net (centos7-64-1) 19:27:57$ service puppetserver reload
    Redirecting to /bin/systemctl reload  puppetserver.service
  
  y9sqckmg348o6r5.delivery.puppetlabs.net (centos7-64-1) executed in 4.27 seconds
Begin teardown

y9sqckmg348o6r5.delivery.puppetlabs.net (centos7-64-1) 19:28:01$ rm -rf /tmp/report_dir.IUfvvL

y9sqckmg348o6r5.delivery.puppetlabs.net (centos7-64-1) executed in 0.03 seconds
End teardown
]]></system-out></testcase><testcase classname="tests/reports" name="corrective_change_new_resource.rb" time="19.627426"><system-out><![CDATA[
C98092 - a new resource should not be reported as a corrective change
  
  y9sqckmg348o6r5.delivery.puppetlabs.net (centos7-64-1) 19:28:01$ mkdir -p /tmp/corrective_change_new_resource_01ml3rea/manifests /tmp/corrective_change_new_resource_01ml3rea/modules; chmod -R 755 /tmp/corrective_change_new_resource_01ml3rea
  
  y9sqckmg348o6r5.delivery.puppetlabs.net (centos7-64-1) executed in 0.04 seconds
  
  y9sqckmg348o6r5.delivery.puppetlabs.net (centos7-64-1) 19:28:01$ puppet agent --configprint environmentpath
    /etc/puppetlabs/code/environments
  
  y9sqckmg348o6r5.delivery.puppetlabs.net (centos7-64-1) executed in 0.85 seconds
  
  y9sqckmg348o6r5.delivery.puppetlabs.net (centos7-64-1) 19:28:02$ mkdir -p /etc/puppetlabs/code/environments; ln -sf /tmp/corrective_change_new_resource_01ml3rea /etc/puppetlabs/code/environments/corrective_change_new_resource_01ml3rea
  
  y9sqckmg348o6r5.delivery.puppetlabs.net (centos7-64-1) executed in 0.03 seconds
  
  y9sqckmg348o6r5.delivery.puppetlabs.net (centos7-64-1) 19:28:02$ mktemp -t corrective_change_new_resource_01ml3rea.XXXXXX
    /tmp/corrective_change_new_resource_01ml3rea.b3ZJkK
  
  y9sqckmg348o6r5.delivery.puppetlabs.net (centos7-64-1) executed in 0.03 seconds
  
  * create file resource - site.pp to verify corrective change flag
    
    y9sqckmg348o6r5.delivery.puppetlabs.net (centos7-64-1) 19:28:02$ mktemp -t apply_manifest.pp.XXXXXX
      /tmp/apply_manifest.pp.m2evr6
    
    y9sqckmg348o6r5.delivery.puppetlabs.net (centos7-64-1) executed in 0.03 seconds
    localhost $ scp /var/folders/8z/d3hkzy8j1wxfbmzwzmpf890w0000gq/T/beaker20170808-6664-hipkek centos7-64-1:/tmp/apply_manifest.pp.m2evr6 {:ignore => }
    
    y9sqckmg348o6r5.delivery.puppetlabs.net (centos7-64-1) 19:28:02$ puppet apply --verbose --detailed-exitcodes /tmp/apply_manifest.pp.m2evr6
      Notice: Compiled catalog for y9sqckmg348o6r5.delivery.puppetlabs.net in environment production in 0.02 seconds
      Info: Applying configuration version '1502245407'
      Notice: /Stage[main]/Main/File[/etc/puppetlabs/code/environments/corrective_change_new_resource_01ml3rea/manifests/site.pp]/ensure: defined content as '{md5}e51214c8c42b61397e3afd35b2d94977'
      Notice: Applied catalog in 0.03 seconds
    
    y9sqckmg348o6r5.delivery.puppetlabs.net (centos7-64-1) executed in 1.60 seconds
    Exited: 2
  
  * run agent(s)
    
    y9sqckmg348o6r5.delivery.puppetlabs.net (centos7-64-1) 19:28:04$ mktemp -dt corrective_change_new_resource.rb.XXXXXX
      /tmp/corrective_change_new_resource.rb.kvRzgc
    
    y9sqckmg348o6r5.delivery.puppetlabs.net (centos7-64-1) executed in 0.03 seconds
    Setting curl retries to 30
    
    y9sqckmg348o6r5.delivery.puppetlabs.net (centos7-64-1) 19:28:04$ puppet master --configprint confdir
      /etc/puppetlabs/puppet
    
    y9sqckmg348o6r5.delivery.puppetlabs.net (centos7-64-1) executed in 0.91 seconds
    
    y9sqckmg348o6r5.delivery.puppetlabs.net (centos7-64-1) 19:28:05$ puppet master --configprint vardir
      /opt/puppetlabs/server/data/puppetserver
    
    y9sqckmg348o6r5.delivery.puppetlabs.net (centos7-64-1) executed in 0.86 seconds
    
    y9sqckmg348o6r5.delivery.puppetlabs.net (centos7-64-1) 19:28:05$ test -e /etc/puppetlabs/puppetserver/conf.d/puppetserver.conf
    
    y9sqckmg348o6r5.delivery.puppetlabs.net (centos7-64-1) executed in 0.03 seconds
    
    y9sqckmg348o6r5.delivery.puppetlabs.net (centos7-64-1) 19:28:06$ cat /etc/puppetlabs/puppetserver/conf.d/puppetserver.conf
      {
        "jruby-puppet": {
          "ruby-load-path": [
            "/opt/puppetlabs/puppet/lib/ruby/vendor_ruby"
          ],
          "gem-home": "/opt/puppetlabs/server/data/puppetserver/jruby-gems",
          "gem-path": [
            "/opt/puppetlabs/server/data/puppetserver/jruby-gems",
            "/opt/puppetlabs/server/data/puppetserver/vendored-jruby-gems"
          ],
          "master-conf-dir": "/etc/puppetlabs/puppet",
          "master-code-dir": "/etc/puppetlabs/code",
          "master-var-dir": "/opt/puppetlabs/server/data/puppetserver",
          "master-run-dir": "/var/run/puppetlabs/puppetserver",
          "master-log-dir": "/var/log/puppetlabs/puppetserver"
        },
        "http-client": {
        },
        "profiler": {
        }
      }
    
    y9sqckmg348o6r5.delivery.puppetlabs.net (centos7-64-1) executed in 0.03 seconds
    localhost $ scp /var/folders/8z/d3hkzy8j1wxfbmzwzmpf890w0000gq/T/beaker20170808-6664-ffh0z9 centos7-64-1:/etc/puppetlabs/puppetserver/conf.d/puppetserver.conf {:ignore => }
    
    y9sqckmg348o6r5.delivery.puppetlabs.net (centos7-64-1) 19:28:06$ puppet master --configprint confdir
      /etc/puppetlabs/puppet
    
    y9sqckmg348o6r5.delivery.puppetlabs.net (centos7-64-1) executed in 0.80 seconds
    
    y9sqckmg348o6r5.delivery.puppetlabs.net (centos7-64-1) 19:28:06$ test -e /etc/puppetlabs/puppet/puppet.conf
    
    y9sqckmg348o6r5.delivery.puppetlabs.net (centos7-64-1) executed in 0.03 seconds
    
    y9sqckmg348o6r5.delivery.puppetlabs.net (centos7-64-1) 19:28:07$ cp /etc/puppetlabs/puppet/puppet.conf /tmp/corrective_change_new_resource.rb.kvRzgc/puppet.conf.bak
    
    y9sqckmg348o6r5.delivery.puppetlabs.net (centos7-64-1) executed in 0.03 seconds
    
    y9sqckmg348o6r5.delivery.puppetlabs.net (centos7-64-1) 19:28:07$ puppet master --configprint config
      /etc/puppetlabs/puppet/puppet.conf
    
    y9sqckmg348o6r5.delivery.puppetlabs.net (centos7-64-1) executed in 0.86 seconds
    
    y9sqckmg348o6r5.delivery.puppetlabs.net (centos7-64-1) 19:28:07$ puppet master --configprint config
      /etc/puppetlabs/puppet/puppet.conf
    
    y9sqckmg348o6r5.delivery.puppetlabs.net (centos7-64-1) executed in 0.92 seconds
    
    y9sqckmg348o6r5.delivery.puppetlabs.net (centos7-64-1) 19:28:08$ cat /etc/puppetlabs/puppet/puppet.conf
      # This file can be used to override the default puppet settings.
      # See the following links for more details on what settings are available:
      # - https://docs.puppetlabs.com/puppet/latest/reference/config_important_settings.html
      # - https://docs.puppetlabs.com/puppet/latest/reference/config_about_settings.html
      # - https://docs.puppetlabs.com/puppet/latest/reference/config_file_main.html
      # - https://docs.puppetlabs.com/puppet/latest/reference/configuration.html
      [master]
      vardir = /opt/puppetlabs/server/data/puppetserver
      logdir = /var/log/puppetlabs/puppetserver
      rundir = /var/run/puppetlabs/puppetserver
      pidfile = /var/run/puppetlabs/puppetserver/puppetserver.pid
      codedir = /etc/puppetlabs/code
    
    y9sqckmg348o6r5.delivery.puppetlabs.net (centos7-64-1) executed in 0.03 seconds
    localhost $ scp /var/folders/8z/d3hkzy8j1wxfbmzwzmpf890w0000gq/T/beaker20170808-6664-zhm2p5 centos7-64-1:/tmp/corrective_change_new_resource.rb.kvRzgc/puppet.conf {:ignore => }
    
    y9sqckmg348o6r5.delivery.puppetlabs.net (centos7-64-1) 19:28:08$ cat /etc/puppetlabs/puppet/puppet.conf
      [master]
      vardir = /opt/puppetlabs/server/data/puppetserver
      logdir = /var/log/puppetlabs/puppetserver
      rundir = /var/run/puppetlabs/puppetserver
      pidfile = /var/run/puppetlabs/puppetserver/puppetserver.pid
      codedir = /etc/puppetlabs/code
    
    y9sqckmg348o6r5.delivery.puppetlabs.net (centos7-64-1) executed in 0.03 seconds
    
    y9sqckmg348o6r5.delivery.puppetlabs.net (centos7-64-1) 19:28:09$ service puppetserver reload
      Redirecting to /bin/systemctl reload  puppetserver.service
    
    y9sqckmg348o6r5.delivery.puppetlabs.net (centos7-64-1) executed in 4.40 seconds
    
    * Run agent once to create new File resource
      
      y9sqckmg348o6r5.delivery.puppetlabs.net (centos7-64-1) 19:28:13$ puppet agent -t --environment corrective_change_new_resource_01ml3rea --server y9sqckmg348o6r5.delivery.puppetlabs.net
        Info: Using configured environment 'corrective_change_new_resource_01ml3rea'
        Info: Retrieving pluginfacts
        Info: Retrieving plugin
        Info: Caching catalog for y9sqckmg348o6r5.delivery.puppetlabs.net
        Info: Applying configuration version '1502245419'
        Notice: /Stage[main]/Main/File[/tmp/corrective_change_new_resource_01ml3rea.b3ZJkK]/content: 
        --- /tmp/corrective_change_new_resource_01ml3rea.b3ZJkK	2017-08-09 02:23:25.957668469 +0000
        +++ /tmp/puppet-file20170809-3941-1m98u9k	2017-08-09 02:23:39.207668785 +0000
        @@ -0,0 +1 @@
        +this is a test
        
        Info: Computing checksum on file /tmp/corrective_change_new_resource_01ml3rea.b3ZJkK
        Info: /Stage[main]/Main/File[/tmp/corrective_change_new_resource_01ml3rea.b3ZJkK]: Filebucketed /tmp/corrective_change_new_resource_01ml3rea.b3ZJkK to puppet with sum d41d8cd98f00b204e9800998ecf8427e
        Notice: /Stage[main]/Main/File[/tmp/corrective_change_new_resource_01ml3rea.b3ZJkK]/content: content changed '{md5}d41d8cd98f00b204e9800998ecf8427e' to '{md5}e19c1283c925b3206685ff522acfe3e6'
        Notice: Applied catalog in 0.06 seconds
      
      y9sqckmg348o6r5.delivery.puppetlabs.net (centos7-64-1) executed in 2.43 seconds
      Exited: 2
    
    * Verify the file resource is created
      
      y9sqckmg348o6r5.delivery.puppetlabs.net (centos7-64-1) 19:28:15$ cat /tmp/corrective_change_new_resource_01ml3rea.b3ZJkK
        this is a test
      
      y9sqckmg348o6r5.delivery.puppetlabs.net (centos7-64-1) executed in 0.03 seconds
    
    y9sqckmg348o6r5.delivery.puppetlabs.net (centos7-64-1) 19:28:15$ puppet master --configprint config
      /etc/puppetlabs/puppet/puppet.conf
    
    y9sqckmg348o6r5.delivery.puppetlabs.net (centos7-64-1) executed in 0.78 seconds
    
    y9sqckmg348o6r5.delivery.puppetlabs.net (centos7-64-1) 19:28:16$ if [ -f '/tmp/corrective_change_new_resource.rb.kvRzgc/puppet.conf.bak' ]; then cat '/tmp/corrective_change_new_resource.rb.kvRzgc/puppet.conf.bak' > '/etc/puppetlabs/puppet/puppet.conf'; rm -f '/tmp/corrective_change_new_resource.rb.kvRzgc/puppet.conf.bak'; fi
    
    y9sqckmg348o6r5.delivery.puppetlabs.net (centos7-64-1) executed in 0.03 seconds
    
    y9sqckmg348o6r5.delivery.puppetlabs.net (centos7-64-1) 19:28:16$ service puppetserver reload
      Redirecting to /bin/systemctl reload  puppetserver.service
    
    y9sqckmg348o6r5.delivery.puppetlabs.net (centos7-64-1) executed in 3.48 seconds
  
  * Check report
    
    y9sqckmg348o6r5.delivery.puppetlabs.net (centos7-64-1) 19:28:20$ puppet config print statedir
      /opt/puppetlabs/puppet/cache/state
    
    y9sqckmg348o6r5.delivery.puppetlabs.net (centos7-64-1) executed in 0.78 seconds
    
    y9sqckmg348o6r5.delivery.puppetlabs.net (centos7-64-1) 19:28:20$ cat /opt/puppetlabs/puppet/cache/state/last_run_report.yaml
      --- !ruby/object:Puppet::Transaction::Report
      host: y9sqckmg348o6r5.delivery.puppetlabs.net
      time: '2017-08-09T02:23:38.304978857+00:00'
      configuration_version: 1502245419
      transaction_uuid: 48f60735-de40-40ce-bf54-a27437cee979
      report_format: 7
      puppet_version: 5.0.1
      status: changed
      noop: false
      noop_pending: false
      environment: corrective_change_new_resource_01ml3rea
      logs:
      - level: info
        message: Using configured environment 'corrective_change_new_resource_01ml3rea'
        source: Puppet
        tags:
        - info
        time: '2017-08-09T02:23:38.648990384+00:00'
        file: 
        line: 
      - level: info
        message: Retrieving pluginfacts
        source: Puppet
        tags:
        - info
        time: '2017-08-09T02:23:38.649333051+00:00'
        file: 
        line: 
      - level: info
        message: Retrieving plugin
        source: Puppet
        tags:
        - info
        time: '2017-08-09T02:23:38.737006882+00:00'
        file: 
        line: 
      - level: info
        message: Caching catalog for y9sqckmg348o6r5.delivery.puppetlabs.net
        source: Puppet
        tags:
        - info
        time: '2017-08-09T02:23:39.151522152+00:00'
        file: 
        line: 
      - level: info
        message: Applying configuration version '1502245419'
        source: Puppet
        tags:
        - info
        time: '2017-08-09T02:23:39.202458370+00:00'
        file: 
        line: 
      - level: notice
        message: "\n--- /tmp/corrective_change_new_resource_01ml3rea.b3ZJkK\t2017-08-09
          02:23:25.957668469 +0000\n+++ /tmp/puppet-file20170809-3941-1m98u9k\t2017-08-09
          02:23:39.207668785 +0000\n@@ -0,0 +1 @@\n+this is a test\n"
        source: "/Stage[main]/Main/File[/tmp/corrective_change_new_resource_01ml3rea.b3ZJkK]/content"
        tags:
        - notice
        - file
        - class
        - content
        time: '2017-08-09T02:23:39.213584261+00:00'
        file: "/etc/puppetlabs/code/environments/corrective_change_new_resource_01ml3rea/manifests/site.pp"
        line: 3
      - level: info
        message: Computing checksum on file /tmp/corrective_change_new_resource_01ml3rea.b3ZJkK
        source: Puppet
        tags:
        - info
        time: '2017-08-09T02:23:39.214916824+00:00'
        file: 
        line: 
      - level: info
        message: Filebucketed /tmp/corrective_change_new_resource_01ml3rea.b3ZJkK to puppet
          with sum d41d8cd98f00b204e9800998ecf8427e
        source: "/Stage[main]/Main/File[/tmp/corrective_change_new_resource_01ml3rea.b3ZJkK]"
        tags:
        - info
        - file
        - class
        time: '2017-08-09T02:23:39.237656430+00:00'
        file: "/etc/puppetlabs/code/environments/corrective_change_new_resource_01ml3rea/manifests/site.pp"
        line: 3
      - level: notice
        message: content changed '{md5}d41d8cd98f00b204e9800998ecf8427e' to '{md5}e19c1283c925b3206685ff522acfe3e6'
        source: "/Stage[main]/Main/File[/tmp/corrective_change_new_resource_01ml3rea.b3ZJkK]/content"
        tags:
        - notice
        - file
        - class
        time: '2017-08-09T02:23:39.244357112+00:00'
        file: "/etc/puppetlabs/code/environments/corrective_change_new_resource_01ml3rea/manifests/site.pp"
        line: 3
      - level: notice
        message: Applied catalog in 0.06 seconds
        source: Puppet
        tags:
        - notice
        time: '2017-08-09T02:23:39.257446156+00:00'
        file: 
        line: 
      metrics:
        resources:
          name: resources
          label: Resources
          values:
          - - total
            - Total
            - 8
          - - skipped
            - Skipped
            - 0
          - - failed
            - Failed
            - 0
          - - failed_to_restart
            - Failed to restart
            - 0
          - - restarted
            - Restarted
            - 0
          - - changed
            - Changed
            - 1
          - - out_of_sync
[...]
        y9sqckmg348o6r5.delivery.puppetlabs.net
      
      y9sqckmg348o6r5.delivery.puppetlabs.net (centos7-64-1) executed in 0.88 seconds
      
      y9sqckmg348o6r5.delivery.puppetlabs.net (centos7-64-1) 19:29:56$ rm -rf /tmp/report_dir.H3R3lK/y9sqckmg348o6r5.delivery.puppetlabs.net/*
      
      y9sqckmg348o6r5.delivery.puppetlabs.net (centos7-64-1) executed in 0.03 seconds
  
  * master_used field should not appear in the report when not using the server_list setting
    
    y9sqckmg348o6r5.delivery.puppetlabs.net (centos7-64-1) 19:29:56$ puppet agent -t --server=y9sqckmg348o6r5.delivery.puppetlabs.net
      Info: Using configured environment 'production'
      Info: Retrieving pluginfacts
      Info: Retrieving plugin
      Info: Caching catalog for y9sqckmg348o6r5.delivery.puppetlabs.net
      Info: Applying configuration version '1502245522'
      Notice: Applied catalog in 0.02 seconds
    
    y9sqckmg348o6r5.delivery.puppetlabs.net (centos7-64-1) executed in 2.13 seconds
    
    y9sqckmg348o6r5.delivery.puppetlabs.net (centos7-64-1) 19:29:58$ puppet agent --configprint node_name_value
      y9sqckmg348o6r5.delivery.puppetlabs.net
    
    y9sqckmg348o6r5.delivery.puppetlabs.net (centos7-64-1) executed in 0.91 seconds
    
    y9sqckmg348o6r5.delivery.puppetlabs.net (centos7-64-1) 19:29:59$ cat /tmp/report_dir.H3R3lK/y9sqckmg348o6r5.delivery.puppetlabs.net/*
      --- !ruby/object:Puppet::Transaction::Report
      host: y9sqckmg348o6r5.delivery.puppetlabs.net
      time: '2017-08-09T02:25:21.547895333Z'
      configuration_version: 1502245522
      transaction_uuid: e6a2972d-1fb9-4a82-9f42-35d2220450cd
      report_format: 7
      puppet_version: 5.0.1
      status: unchanged
      noop: false
      noop_pending: false
      environment: production
      logs:
      - level: info
        message: Using configured environment 'production'
        source: Puppet
        tags:
        - info
        time: '2017-08-09T02:25:21.699800470Z'
        file:
        line:
      - level: info
        message: Retrieving pluginfacts
        source: Puppet
        tags:
        - info
        time: '2017-08-09T02:25:21.700129551Z'
        file:
        line:
      - level: info
        message: Retrieving plugin
        source: Puppet
        tags:
        - info
        time: '2017-08-09T02:25:21.759099733Z'
        file:
        line:
      - level: info
        message: Caching catalog for y9sqckmg348o6r5.delivery.puppetlabs.net
        source: Puppet
        tags:
        - info
        time: '2017-08-09T02:25:22.052739283Z'
        file:
        line:
      - level: info
        message: Applying configuration version '1502245522'
        source: Puppet
        tags:
        - info
        time: '2017-08-09T02:25:22.090283283Z'
        file:
        line:
      - level: notice
        message: Applied catalog in 0.02 seconds
        source: Puppet
        tags:
        - notice
        time: '2017-08-09T02:25:22.109906867Z'
        file:
        line:
      metrics:
        resources:
          name: resources
          label: Resources
          values:
          - - total
            - Total
            - 7
          - - skipped
            - Skipped
            - 0
          - - failed
            - Failed
            - 0
          - - failed_to_restart
            - Failed to restart
            - 0
          - - restarted
            - Restarted
            - 0
          - - changed
            - Changed
            - 0
          - - out_of_sync
            - Out of sync
            - 0
          - - scheduled
            - Scheduled
            - 0
          - - corrective_change
            - Corrective change
            - 0
        time:
          name: time
          label: Time
          values:
          - - schedule
            - Schedule
            - 0.001472774
          - - filebucket
            - Filebucket
            - 6.0401e-05
          - - config_retrieval
            - Config retrieval
            - 0.11026862700009588
          - - total
            - Total
            - 0.11180180200009587
        changes:
          name: changes
          label: Changes
          values:
          - - total
            - Total
            - 0
        events:
          name: events
          label: Events
          values:
          - - total
            - Total
            - 0
          - - failure
            - Failure
            - 0
          - - success
            - Success
            - 0
      resource_statuses:
        Schedule[puppet]:
          title: puppet
          file:
          line:
          resource: Schedule[puppet]
          resource_type: Schedule
          containment_path:
          - Schedule[puppet]
          evaluation_time: 6.4011e-05
          tags:
          - schedule
          - puppet
          time: '2017-08-09T02:25:22.096401413Z'
          failed: false
          changed: false
          out_of_sync: false
          skipped: false
          change_count: 0
          out_of_sync_count: 0
          events: []
          corrective_change: false
        Schedule[hourly]:
          title: hourly
          file:
          line:
          resource: Schedule[hourly]
          resource_type: Schedule
          containment_path:
          - Schedule[hourly]
          evaluation_time: 6.0937e-05
          tags:
          - schedule
          - hourly
          time: '2017-08-09T02:25:22.096557287Z'
          failed: false
          changed: false
          out_of_sync: false
          skipped: false
          change_count: 0
          out_of_sync_count: 0
          events: []
          corrective_change: false
        Schedule[daily]:
          title: daily
          file:
          line:
          resource: Schedule[daily]
          resource_type: Schedule
          containment_path:
          - Schedule[daily]
          evaluation_time: 0.000596512
          tags:
          - schedule
          - daily
          time: '2017-08-09T02:25:22.096708499Z'
          failed: false
          changed: false
          out_of_sync: false
          skipped: false
          change_count: 0
          out_of_sync_count: 0
          events: []
          corrective_change: false
        Schedule[weekly]:
          title: weekly
          file:
          line:
          resource: Schedule[weekly]
          resource_type: Schedule
          containment_path:
          - Schedule[weekly]
          evaluation_time: 4.9973e-05
          tags:
          - schedule
          - weekly
          time: '2017-08-09T02:25:22.097396262Z'
          failed: false
          changed: false
          out_of_sync: false
          skipped: false
          change_count: 0
          out_of_sync_count: 0
          events: []
          corrective_change: false
        Schedule[monthly]:
          title: monthly
          file:
          line:
          resource: Schedule[monthly]
          resource_type: Schedule
          containment_path:
          - Schedule[monthly]
          evaluation_time: 5.94e-05
          tags:
          - schedule
          - monthly
          time: '2017-08-09T02:25:22.097537172Z'
          failed: false
          changed: false
          out_of_sync: false
          skipped: false
          change_count: 0
          out_of_sync_count: 0
          events: []
          corrective_change: false
        Schedule[never]:
          title: never
          file:
          line:
          resource: Schedule[never]
          resource_type: Schedule
          containment_path:
          - Schedule[never]
          evaluation_time: 0.000641941
          tags:
          - schedule
          - never
          time: '2017-08-09T02:25:22.097693332Z'
          failed: false
          changed: false
          out_of_sync: false
          skipped: false
          change_count: 0
          out_of_sync_count: 0
          events: []
          corrective_change: false
        Filebucket[puppet]:
          title: puppet
          file:
          line:
          resource: Filebucket[puppet]
          resource_type: Filebucket
          containment_path:
          - Filebucket[puppet]
          evaluation_time: 6.0401e-05
          tags:
          - filebucket
          - puppet
          time: '2017-08-09T02:25:22.098437823Z'
          failed: false
          changed: false
          out_of_sync: false
          skipped: false
          change_count: 0
          out_of_sync_count: 0
          events: []
          corrective_change: false
      corrective_change: false
      catalog_uuid: 47de37fa-a7c7-4513-9472-bdfb75b8c970
      cached_catalog_status: not_used
    
    y9sqckmg348o6r5.delivery.puppetlabs.net (centos7-64-1) executed in 0.05 seconds
    
    y9sqckmg348o6r5.delivery.puppetlabs.net (centos7-64-1) 19:29:59$ puppet agent --configprint node_name_value
      y9sqckmg348o6r5.delivery.puppetlabs.net
    
    y9sqckmg348o6r5.delivery.puppetlabs.net (centos7-64-1) executed in 0.87 seconds
    
    y9sqckmg348o6r5.delivery.puppetlabs.net (centos7-64-1) 19:30:00$ rm -rf /tmp/report_dir.H3R3lK/y9sqckmg348o6r5.delivery.puppetlabs.net/*
    
    y9sqckmg348o6r5.delivery.puppetlabs.net (centos7-64-1) executed in 0.03 seconds
  
  y9sqckmg348o6r5.delivery.puppetlabs.net (centos7-64-1) 19:30:00$ puppet master --configprint config
    /etc/puppetlabs/puppet/puppet.conf
  
  y9sqckmg348o6r5.delivery.puppetlabs.net (centos7-64-1) executed in 0.89 seconds
  
  y9sqckmg348o6r5.delivery.puppetlabs.net (centos7-64-1) 19:30:01$ if [ -f '/tmp/failover_master.rb.PEzS5I/puppet.conf.bak' ]; then cat '/tmp/failover_master.rb.PEzS5I/puppet.conf.bak' > '/etc/puppetlabs/puppet/puppet.conf'; rm -f '/tmp/failover_master.rb.PEzS5I/puppet.conf.bak'; fi
  
  y9sqckmg348o6r5.delivery.puppetlabs.net (centos7-64-1) executed in 0.03 seconds
  
  y9sqckmg348o6r5.delivery.puppetlabs.net (centos7-64-1) 19:30:01$ service puppetserver reload
    Redirecting to /bin/systemctl reload  puppetserver.service
  
  y9sqckmg348o6r5.delivery.puppetlabs.net (centos7-64-1) executed in 3.35 seconds
Begin teardown

y9sqckmg348o6r5.delivery.puppetlabs.net (centos7-64-1) 19:30:04$ rm -rf /tmp/report_dir.H3R3lK

y9sqckmg348o6r5.delivery.puppetlabs.net (centos7-64-1) executed in 0.03 seconds
End teardown
]]></system-out></testcase><testcase classname="tests/reports" name="finalized_on_cycle.rb" time="3.655156"><system-out><![CDATA[
Reports are finalized on resource cycles

y9sqckmg348o6r5.delivery.puppetlabs.net (centos7-64-1) 19:30:04$ mktemp -dt report_finalized.XXXXXX
  /tmp/report_finalized.24lp9D

y9sqckmg348o6r5.delivery.puppetlabs.net (centos7-64-1) executed in 0.03 seconds

y9sqckmg348o6r5.delivery.puppetlabs.net (centos7-64-1) 19:30:05$ puppet agent --configprint lastrunreport
  /opt/puppetlabs/puppet/cache/state/last_run_report.yaml

y9sqckmg348o6r5.delivery.puppetlabs.net (centos7-64-1) executed in 0.86 seconds
localhost $ scp /var/folders/8z/d3hkzy8j1wxfbmzwzmpf890w0000gq/T/beaker20170808-6664-npk555 centos7-64-1:/tmp/report_finalized.24lp9D/check_report.rb {:ignore => }
localhost $ scp /var/folders/8z/d3hkzy8j1wxfbmzwzmpf890w0000gq/T/beaker20170808-6664-1g80a87 centos7-64-1:/tmp/report_finalized.24lp9D/manifest.pp {:ignore => }

y9sqckmg348o6r5.delivery.puppetlabs.net (centos7-64-1) 19:30:06$ puppet apply /tmp/report_finalized.24lp9D/manifest.pp
  Notice: Compiled catalog for y9sqckmg348o6r5.delivery.puppetlabs.net in environment production in 0.03 seconds
  Error: Found 1 dependency cycle:
  (Notify[bar] => Notify[foo] => Notify[bar])
  Try the '--graph' option and opening the resulting '.dot' file in OmniGraffle or GraphViz
  Error: Failed to apply catalog: One or more resource dependency cycles detected in graph

y9sqckmg348o6r5.delivery.puppetlabs.net (centos7-64-1) executed in 1.62 seconds
Exited: 1

y9sqckmg348o6r5.delivery.puppetlabs.net (centos7-64-1) 19:30:07$ env PATH="/opt/puppetlabs/puppet/bin:${PATH}" ruby /tmp/report_finalized.24lp9D/check_report.rb /opt/puppetlabs/puppet/cache/state/last_run_report.yaml

y9sqckmg348o6r5.delivery.puppetlabs.net (centos7-64-1) executed in 0.91 seconds
Begin teardown
End teardown
]]></system-out></testcase><testcase classname="tests/reports" name="submission.rb" time="17.926689"><system-out><![CDATA[
Report submission

y9sqckmg348o6r5.delivery.puppetlabs.net (centos7-64-1) 19:30:08$ puppet master --configprint user
  puppet

y9sqckmg348o6r5.delivery.puppetlabs.net (centos7-64-1) executed in 0.92 seconds

y9sqckmg348o6r5.delivery.puppetlabs.net (centos7-64-1) 19:30:09$ getent passwd puppet
  puppet:x:996:994:puppetserver daemon:/opt/puppetlabs/server/data/puppetserver:/sbin/nologin

y9sqckmg348o6r5.delivery.puppetlabs.net (centos7-64-1) executed in 0.04 seconds

y9sqckmg348o6r5.delivery.puppetlabs.net (centos7-64-1) 19:30:09$ mktemp -dt report_submission.XXXXXX
  /tmp/report_submission.ZchCt4

y9sqckmg348o6r5.delivery.puppetlabs.net (centos7-64-1) executed in 0.03 seconds

y9sqckmg348o6r5.delivery.puppetlabs.net (centos7-64-1) 19:30:09$ chown puppet:puppet /tmp/report_submission.ZchCt4

y9sqckmg348o6r5.delivery.puppetlabs.net (centos7-64-1) executed in 0.03 seconds

y9sqckmg348o6r5.delivery.puppetlabs.net (centos7-64-1) 19:30:09$ mktemp -dt submission.rb.XXXXXX
  /tmp/submission.rb.aWMJfE

y9sqckmg348o6r5.delivery.puppetlabs.net (centos7-64-1) executed in 0.03 seconds
Setting curl retries to 30

y9sqckmg348o6r5.delivery.puppetlabs.net (centos7-64-1) 19:30:09$ puppet master --configprint confdir
  /etc/puppetlabs/puppet

y9sqckmg348o6r5.delivery.puppetlabs.net (centos7-64-1) executed in 1.09 seconds

y9sqckmg348o6r5.delivery.puppetlabs.net (centos7-64-1) 19:30:10$ puppet master --configprint vardir
  /opt/puppetlabs/server/data/puppetserver

y9sqckmg348o6r5.delivery.puppetlabs.net (centos7-64-1) executed in 0.92 seconds

y9sqckmg348o6r5.delivery.puppetlabs.net (centos7-64-1) 19:30:11$ test -e /etc/puppetlabs/puppetserver/conf.d/puppetserver.conf

y9sqckmg348o6r5.delivery.puppetlabs.net (centos7-64-1) executed in 0.03 seconds

y9sqckmg348o6r5.delivery.puppetlabs.net (centos7-64-1) 19:30:11$ cat /etc/puppetlabs/puppetserver/conf.d/puppetserver.conf
  {
    "jruby-puppet": {
      "ruby-load-path": [
        "/opt/puppetlabs/puppet/lib/ruby/vendor_ruby"
      ],
      "gem-home": "/opt/puppetlabs/server/data/puppetserver/jruby-gems",
      "gem-path": [
        "/opt/puppetlabs/server/data/puppetserver/jruby-gems",
        "/opt/puppetlabs/server/data/puppetserver/vendored-jruby-gems"
      ],
      "master-conf-dir": "/etc/puppetlabs/puppet",
      "master-code-dir": "/etc/puppetlabs/code",
      "master-var-dir": "/opt/puppetlabs/server/data/puppetserver",
      "master-run-dir": "/var/run/puppetlabs/puppetserver",
      "master-log-dir": "/var/log/puppetlabs/puppetserver"
    },
    "http-client": {
    },
    "profiler": {
    }
  }

y9sqckmg348o6r5.delivery.puppetlabs.net (centos7-64-1) executed in 0.03 seconds
localhost $ scp /var/folders/8z/d3hkzy8j1wxfbmzwzmpf890w0000gq/T/beaker20170808-6664-4oe0j0 centos7-64-1:/etc/puppetlabs/puppetserver/conf.d/puppetserver.conf {:ignore => }

y9sqckmg348o6r5.delivery.puppetlabs.net (centos7-64-1) 19:30:11$ puppet master --configprint confdir
  /etc/puppetlabs/puppet

y9sqckmg348o6r5.delivery.puppetlabs.net (centos7-64-1) executed in 1.05 seconds

y9sqckmg348o6r5.delivery.puppetlabs.net (centos7-64-1) 19:30:12$ test -e /etc/puppetlabs/puppet/puppet.conf

y9sqckmg348o6r5.delivery.puppetlabs.net (centos7-64-1) executed in 0.03 seconds

y9sqckmg348o6r5.delivery.puppetlabs.net (centos7-64-1) 19:30:12$ cp /etc/puppetlabs/puppet/puppet.conf /tmp/submission.rb.aWMJfE/puppet.conf.bak

y9sqckmg348o6r5.delivery.puppetlabs.net (centos7-64-1) executed in 0.03 seconds

y9sqckmg348o6r5.delivery.puppetlabs.net (centos7-64-1) 19:30:12$ puppet master --configprint config
  /etc/puppetlabs/puppet/puppet.conf

y9sqckmg348o6r5.delivery.puppetlabs.net (centos7-64-1) executed in 0.86 seconds

y9sqckmg348o6r5.delivery.puppetlabs.net (centos7-64-1) 19:30:13$ puppet master --configprint config
  /etc/puppetlabs/puppet/puppet.conf

y9sqckmg348o6r5.delivery.puppetlabs.net (centos7-64-1) executed in 0.92 seconds

y9sqckmg348o6r5.delivery.puppetlabs.net (centos7-64-1) 19:30:14$ cat /etc/puppetlabs/puppet/puppet.conf
  # This file can be used to override the default puppet settings.
  # See the following links for more details on what settings are available:
  # - https://docs.puppetlabs.com/puppet/latest/reference/config_important_settings.html
  # - https://docs.puppetlabs.com/puppet/latest/reference/config_about_settings.html
  # - https://docs.puppetlabs.com/puppet/latest/reference/config_file_main.html
  # - https://docs.puppetlabs.com/puppet/latest/reference/configuration.html
  [master]
  vardir = /opt/puppetlabs/server/data/puppetserver
  logdir = /var/log/puppetlabs/puppetserver
  rundir = /var/run/puppetlabs/puppetserver
  pidfile = /var/run/puppetlabs/puppetserver/puppetserver.pid
  codedir = /etc/puppetlabs/code

y9sqckmg348o6r5.delivery.puppetlabs.net (centos7-64-1) executed in 0.03 seconds
localhost $ scp /var/folders/8z/d3hkzy8j1wxfbmzwzmpf890w0000gq/T/beaker20170808-6664-zw8zdj centos7-64-1:/tmp/submission.rb.aWMJfE/puppet.conf {:ignore => }

y9sqckmg348o6r5.delivery.puppetlabs.net (centos7-64-1) 19:30:14$ cat /etc/puppetlabs/puppet/puppet.conf
  [master]
  vardir = /opt/puppetlabs/server/data/puppetserver
  logdir = /var/log/puppetlabs/puppetserver
  rundir = /var/run/puppetlabs/puppetserver
  pidfile = /var/run/puppetlabs/puppetserver/puppetserver.pid
  codedir = /etc/puppetlabs/code
  
  [main]
  reportdir = /tmp/report_submission.ZchCt4
  reports = store

y9sqckmg348o6r5.delivery.puppetlabs.net (centos7-64-1) executed in 0.04 seconds

y9sqckmg348o6r5.delivery.puppetlabs.net (centos7-64-1) 19:30:15$ service puppetserver reload
  Redirecting to /bin/systemctl reload  puppetserver.service

y9sqckmg348o6r5.delivery.puppetlabs.net (centos7-64-1) executed in 4.38 seconds

y9sqckmg348o6r5.delivery.puppetlabs.net (centos7-64-1) 19:30:19$ puppet agent -t --server y9sqckmg348o6r5.delivery.puppetlabs.net
  Info: Using configured environment 'production'
  Info: Retrieving pluginfacts
  Info: Retrieving plugin
  Info: Caching catalog for y9sqckmg348o6r5.delivery.puppetlabs.net
  Info: Applying configuration version '1502245545'
  Notice: Applied catalog in 0.03 seconds

y9sqckmg348o6r5.delivery.puppetlabs.net (centos7-64-1) executed in 2.30 seconds

y9sqckmg348o6r5.delivery.puppetlabs.net (centos7-64-1) 19:30:21$ puppet agent --configprint node_name_value
  y9sqckmg348o6r5.delivery.puppetlabs.net

y9sqckmg348o6r5.delivery.puppetlabs.net (centos7-64-1) executed in 0.80 seconds

y9sqckmg348o6r5.delivery.puppetlabs.net (centos7-64-1) 19:30:22$ grep -q y9sqckmg348o6r5.delivery.puppetlabs.net /tmp/report_submission.ZchCt4/*/*

y9sqckmg348o6r5.delivery.puppetlabs.net (centos7-64-1) executed in 0.03 seconds

y9sqckmg348o6r5.delivery.puppetlabs.net (centos7-64-1) 19:30:22$ puppet master --configprint config
  /etc/puppetlabs/puppet/puppet.conf

y9sqckmg348o6r5.delivery.puppetlabs.net (centos7-64-1) executed in 0.79 seconds

y9sqckmg348o6r5.delivery.puppetlabs.net (centos7-64-1) 19:30:23$ if [ -f '/tmp/submission.rb.aWMJfE/puppet.conf.bak' ]; then cat '/tmp/submission.rb.aWMJfE/puppet.conf.bak' > '/etc/puppetlabs/puppet/puppet.conf'; rm -f '/tmp/submission.rb.aWMJfE/puppet.conf.bak'; fi

y9sqckmg348o6r5.delivery.puppetlabs.net (centos7-64-1) executed in 0.04 seconds

y9sqckmg348o6r5.delivery.puppetlabs.net (centos7-64-1) 19:30:23$ service puppetserver reload
  Redirecting to /bin/systemctl reload  puppetserver.service

y9sqckmg348o6r5.delivery.puppetlabs.net (centos7-64-1) executed in 3.20 seconds
Begin teardown

y9sqckmg348o6r5.delivery.puppetlabs.net (centos7-64-1) 19:30:26$ rm -rf /tmp/report_submission.ZchCt4

y9sqckmg348o6r5.delivery.puppetlabs.net (centos7-64-1) executed in 0.03 seconds
End teardown
]]></system-out></testcase></testsuite></testsuites>
