<?xml version="1.0" encoding="UTF-8"?>
<?xml-stylesheet type="text/xsl" href="junit.xsl"?>
<testsuites>
  <meta_test_info page_active="no-links" link_url=""/>
  <testsuite name="tests" tests="35" errors="0" failures="0" skipped="0" pending="0" total="35" time="182.436798">
    <properties>
[...]
</properties>
    <testcase classname="acceptance/tests/base" name="external_resources_test.rb" time="1.111929">
      <system-out><![CDATA[
External Resources Test
  
  * Verify EPEL resources are up and available
    
    * Verify el_version numbers 5,6,7 are found on the epel resource
      
      m0u542w0on9dla2.delivery.puppetlabs.net (redhat7-64-1) 19:08:47$ curl -I http://archive.fedoraproject.org/pub/archive/epel/epel-release-latest-5.noarch.rpm
          % Total    % Received % Xferd  Average Speed   Time    Time     Time  Current
                                         Dload  Upload   Total   Spent    Left  Speed
          0     0    0     0    0     0      0      0 --:--:-- --:--:-- --:--:--     0          0 12232    0     0    0     0      0      0 --:--:-- --:--:-        HTTP/1.1 200 OK
        Date: Wed, 09 Aug 2017 02:04:11 GMT
        Server: Apache/2.4.6 (Red Hat Enterprise Linux) OpenSSL/1.0.1e-fips
        Last-Modified: Thu, 12 Aug 2010 17:13:50 GMT
        ETag: "2fc8-48da37d680f80"
        Accept-Ranges: bytes
        Content-Length: 12232
        AppTime: D=4020
        AppServer: download01.phx2.fedoraproject.org
        Content-Type: application/x-rpm
        - --:--:--     0
      
      m0u542w0on9dla2.delivery.puppetlabs.net (redhat7-64-1) executed in 0.48 seconds
      
      m0u542w0on9dla2.delivery.puppetlabs.net (redhat7-64-1) 19:08:48$ curl -I http://dl.fedoraproject.org/pub/epel/epel-release-latest-6.noarch.rpm
          % Total    % Received % Xferd  Average Speed   Time    Time     Time  Current
                                         Dload  Upload   Total   Spent    Left  Speed
          0     0    0     0    0     0      0      0 --:--:-- --:--:-- --:--:--     0          0 14540    0     0    0     0      0      0 --:--:-- --:--:-- --:--:--     0
        HTTP/1.1 200 OK
        Date: Wed, 09 Aug 2017 02:04:11 GMT
        Server: Apache/2.4.6 (Red Hat Enterprise Linux) OpenSSL/1.0.1e-fips
        Last-Modified: Mon, 05 Nov 2012 15:31:36 GMT
        ETag: "38cc-4cdc12e4ca600"
        Accept-Ranges: bytes
        Content-Length: 14540
        AppTime: D=6337
        AppServer: download02.phx2.fedoraproject.org
        Content-Type: application/x-rpm
      
      m0u542w0on9dla2.delivery.puppetlabs.net (redhat7-64-1) executed in 0.35 seconds
      
      m0u542w0on9dla2.delivery.puppetlabs.net (redhat7-64-1) 19:08:48$ curl -I http://dl.fedoraproject.org/pub/epel/epel-release-latest-7.noarch.rpm
          % Total    % Received % Xferd  Average Speed   Time    Time     Time  Current
                                         Dload  Upload   Total   Spent    Left  Speed
          0     0    0     0    0     0      0      0 --:--:-- --:--:-- --:--:--     0          0     0    0     0    0     0      0      0 --:--:-- --:--:-- --:--:--     0          0 14848    0     0    0     0      0      0 --        HTTP/1.1 200 OK
        Date: Wed, 09 Aug 2017 02:04:12 GMT
        Server: Apache/2.4.6 (Red Hat Enterprise Linux) OpenSSL/1.0.1e-fips
        Last-Modified: Sat, 24 Jun 2017 15:08:54 GMT
        ETag: "3a00-552b618a188b9"
        Accept-Ranges: bytes
        Content-Length: 14848
        AppTime: D=3192
        AppServer: download03.phx2.fedoraproject.org
        Content-Type: application/x-rpm
        :--:-- --:--:-- --:--:--     0
      
      m0u542w0on9dla2.delivery.puppetlabs.net (redhat7-64-1) executed in 0.27 seconds
Begin teardown
End teardown
]]></system-out>
      <system-err><![CDATA[  % Total    % Received % Xferd  Average Speed   Time    Time     Time  Current
                                 Dload  Upload   Total   Spent    Left  Speed

  0     0    0     0    0     0      0      0 --:--:-- --:--:-- --:--:--     0
  0     0    0     0    0     0      0      0 --:--:-- --:--:-- --:--:--     0
  0 14848    0     0    0     0      0      0 --:--:-- --:--:-- --:--:--     0
]]></system-err>
    </testcase>
    <testcase classname="acceptance/tests/base/dsl" name="platform_tag_confiner_test.rb" time="0.007736">
      <system-out><![CDATA[
DSL::Structure::PlatformTagConfiner
  
  * #platform_specific_tag_confines doesn't change hosts if there are no tags
  
  * #platform_specific_tag_confines can remove hosts from a test, or be skipped if empty
    Tag 'tag1' found, confining: except platforms matching regex '(?-mix:el-7-x86_64)'. Reason: 'reason1'
    Warning: No suitable hosts without: {:platform=>/el-7-x86_64/}
    
    No suitable hosts found without {:platform=>/el-7-x86_64/}
Begin teardown
End teardown
]]></system-out>
    </testcase>
    <testcase classname="acceptance/tests/base/dsl" name="structure_test.rb" time="0.003042">
      <system-out><![CDATA[
dsl::structure
  
  * #confine_block runs specified block on matching hosts
  
  * #confine_block leaves hosts array intact after running block on matching hosts
  
  * #confine_block will not run specified block on non-matching hosts
    Warning: No suitable hosts without: {:platform=>"el-7-x86_64"}
    
    No suitable hosts found without {:platform=>"el-7-x86_64"}
  
  * #confine_block leaves hosts array intact after skipping block on non-matching hosts
    Warning: No suitable hosts without: {:platform=>"el-7-x86_64"}
    
    No suitable hosts found without {:platform=>"el-7-x86_64"}
  
  * #confine_block allows blocks to raise skip_test
    
    this block raises a skip
  
  * #confine reports correct message and skips test when criteria doesn't match on 'to'
    Warning: No suitable hosts with: {:platform=>"test"}
    
    No suitable hosts found with {:platform=>"test"}
  
  * #confine reports correct message  and skips test when criteria doesn't match on 'except'
    Warning: No suitable hosts without: {:platform=>"el-7-x86_64"}
    
    No suitable hosts found without {:platform=>"el-7-x86_64"}
Begin teardown
End teardown
]]></system-out>
    </testcase>
    <testcase classname="acceptance/tests/base/host" name="group_test.rb" time="0.000847">
      <system-out><![CDATA[
Group Test
  
  * #group_get: has an Administrators group on Windows
  
  * #group_get: should not have CroMags group on Windows
Begin teardown
End teardown
]]></system-out>
    </testcase>
    <testcase classname="acceptance/tests/base/host" name="host_test.rb" time="27.059343">
      <system-out><![CDATA[
confirm host object behave correctly

* #port_open? : can determine if a port is open on hosts
port 22 (ssh) should be open on m0u542w0on9dla2.delivery.puppetlabs.net
port 65535 should be closed on m0u542w0on9dla2.delivery.puppetlabs.net
port 22 (ssh) should be open on goo3bkxxqts971i.delivery.puppetlabs.net
port 65535 should be closed on goo3bkxxqts971i.delivery.puppetlabs.net

* #ip : can determine the ip address on hosts

m0u542w0on9dla2.delivery.puppetlabs.net (redhat7-64-1) 19:08:48$ ip a | awk '/global/{print$2}' | cut -d/ -f1 | head -1
  10.32.121.42

m0u542w0on9dla2.delivery.puppetlabs.net (redhat7-64-1) executed in 0.03 seconds
format of 10.32.121.42 for m0u542w0on9dla2.delivery.puppetlabs.net should be correct

goo3bkxxqts971i.delivery.puppetlabs.net (redhat7-64-2) 19:08:48$ ip a | awk '/global/{print$2}' | cut -d/ -f1 | head -1
  10.32.122.187

goo3bkxxqts971i.delivery.puppetlabs.net (redhat7-64-2) executed in 0.04 seconds
format of 10.32.122.187 for goo3bkxxqts971i.delivery.puppetlabs.net should be correct

* #is_x86_64? : can determine arch on hosts

m0u542w0on9dla2.delivery.puppetlabs.net (redhat7-64-1) 19:08:48$ arch | grep x86_64
  x86_64

m0u542w0on9dla2.delivery.puppetlabs.net (redhat7-64-1) executed in 0.04 seconds

goo3bkxxqts971i.delivery.puppetlabs.net (redhat7-64-2) 19:08:48$ arch | grep x86_64
  x86_64

goo3bkxxqts971i.delivery.puppetlabs.net (redhat7-64-2) executed in 0.03 seconds

* #get_env_var : can get a specific environment variable

m0u542w0on9dla2.delivery.puppetlabs.net (redhat7-64-1) 19:08:48$ sed -i -e "/^BEAKERA95E0234_p1=.*$/d" ~/.ssh/environment

m0u542w0on9dla2.delivery.puppetlabs.net (redhat7-64-1) executed in 0.03 seconds
will not mirror environment to /etc/profile.d on non-sles/debian platform host

m0u542w0on9dla2.delivery.puppetlabs.net (redhat7-64-1) 19:08:48$ grep ^BEAKERA95E0234_p1=.*BEAKERA95E0234_v1 ~/.ssh/environment

m0u542w0on9dla2.delivery.puppetlabs.net (redhat7-64-1) executed in 0.03 seconds
Exited: 1

m0u542w0on9dla2.delivery.puppetlabs.net (redhat7-64-1) 19:08:49$ grep ^BEAKERA95E0234_p1= ~/.ssh/environment

m0u542w0on9dla2.delivery.puppetlabs.net (redhat7-64-1) executed in 0.03 seconds
Exited: 1

m0u542w0on9dla2.delivery.puppetlabs.net (redhat7-64-1) 19:08:49$ echo "BEAKERA95E0234_p1=BEAKERA95E0234_v1" >> ~/.ssh/environment

m0u542w0on9dla2.delivery.puppetlabs.net (redhat7-64-1) executed in 0.03 seconds
will not mirror environment to /etc/profile.d on non-sles/debian platform host

m0u542w0on9dla2.delivery.puppetlabs.net (redhat7-64-1) 19:08:49$ env | grep ^BEAKERA95E0234_p1=
  BEAKERA95E0234_p1=BEAKERA95E0234_v1

m0u542w0on9dla2.delivery.puppetlabs.net (redhat7-64-1) executed in 0.04 seconds

goo3bkxxqts971i.delivery.puppetlabs.net (redhat7-64-2) 19:08:49$ sed -i -e "/^BEAKER5FB8DF99_p1=.*$/d" ~/.ssh/environment

goo3bkxxqts971i.delivery.puppetlabs.net (redhat7-64-2) executed in 0.03 seconds
will not mirror environment to /etc/profile.d on non-sles/debian platform host

goo3bkxxqts971i.delivery.puppetlabs.net (redhat7-64-2) 19:08:49$ grep ^BEAKER5FB8DF99_p1=.*BEAKER5FB8DF99_v1 ~/.ssh/environment

goo3bkxxqts971i.delivery.puppetlabs.net (redhat7-64-2) executed in 0.03 seconds
Exited: 1

goo3bkxxqts971i.delivery.puppetlabs.net (redhat7-64-2) 19:08:49$ grep ^BEAKER5FB8DF99_p1= ~/.ssh/environment

goo3bkxxqts971i.delivery.puppetlabs.net (redhat7-64-2) executed in 0.03 seconds
Exited: 1

goo3bkxxqts971i.delivery.puppetlabs.net (redhat7-64-2) 19:08:49$ echo "BEAKER5FB8DF99_p1=BEAKER5FB8DF99_v1" >> ~/.ssh/environment

goo3bkxxqts971i.delivery.puppetlabs.net (redhat7-64-2) executed in 0.03 seconds
will not mirror environment to /etc/profile.d on non-sles/debian platform host

goo3bkxxqts971i.delivery.puppetlabs.net (redhat7-64-2) 19:08:49$ env | grep ^BEAKER5FB8DF99_p1=
  BEAKER5FB8DF99_p1=BEAKER5FB8DF99_v1

goo3bkxxqts971i.delivery.puppetlabs.net (redhat7-64-2) executed in 0.03 seconds

* #get_env_var : should not match a partial env key name

m0u542w0on9dla2.delivery.puppetlabs.net (redhat7-64-1) 19:08:49$ sed -i -e "/^BEAKERB3B59453_pre=.*$/d" ~/.ssh/environment

m0u542w0on9dla2.delivery.puppetlabs.net (redhat7-64-1) executed in 0.03 seconds
will not mirror environment to /etc/profile.d on non-sles/debian platform host

m0u542w0on9dla2.delivery.puppetlabs.net (redhat7-64-1) 19:08:49$ sed -i -e "/^suf_BEAKERB3B59453=.*$/d" ~/.ssh/environment

m0u542w0on9dla2.delivery.puppetlabs.net (redhat7-64-1) executed in 0.03 seconds
will not mirror environment to /etc/profile.d on non-sles/debian platform host

m0u542w0on9dla2.delivery.puppetlabs.net (redhat7-64-1) 19:08:49$ sed -i -e "/^in_BEAKERB3B59453_in=.*$/d" ~/.ssh/environment

m0u542w0on9dla2.delivery.puppetlabs.net (redhat7-64-1) executed in 0.03 seconds
will not mirror environment to /etc/profile.d on non-sles/debian platform host

m0u542w0on9dla2.delivery.puppetlabs.net (redhat7-64-1) 19:08:49$ grep ^BEAKERB3B59453_pre=.*BEAKERB3B59453_pre ~/.ssh/environment

m0u542w0on9dla2.delivery.puppetlabs.net (redhat7-64-1) executed in 0.03 seconds
Exited: 1

m0u542w0on9dla2.delivery.puppetlabs.net (redhat7-64-1) 19:08:49$ grep ^BEAKERB3B59453_pre= ~/.ssh/environment

m0u542w0on9dla2.delivery.puppetlabs.net (redhat7-64-1) executed in 0.03 seconds
Exited: 1

m0u542w0on9dla2.delivery.puppetlabs.net (redhat7-64-1) 19:08:49$ echo "BEAKERB3B59453_pre=BEAKERB3B59453_pre" >> ~/.ssh/environment

m0u542w0on9dla2.delivery.puppetlabs.net (redhat7-64-1) executed in 0.03 seconds
will not mirror environment to /etc/profile.d on non-sles/debian platform host

m0u542w0on9dla2.delivery.puppetlabs.net (redhat7-64-1) 19:08:49$ grep ^BEAKERB3B59453_pre=.*suf_BEAKERB3B59453 ~/.ssh/environment

m0u542w0on9dla2.delivery.puppetlabs.net (redhat7-64-1) executed in 0.03 seconds
Exited: 1

m0u542w0on9dla2.delivery.puppetlabs.net (redhat7-64-1) 19:08:49$ grep ^BEAKERB3B59453_pre= ~/.ssh/environment
  BEAKERB3B59453_pre=BEAKERB3B59453_pre

m0u542w0on9dla2.delivery.puppetlabs.net (redhat7-64-1) executed in 0.03 seconds

m0u542w0on9dla2.delivery.puppetlabs.net (redhat7-64-1) 19:08:49$ sed -i -e "s/^BEAKERB3B59453_pre=/BEAKERB3B59453_pre=suf_BEAKERB3B59453:/" ~/.ssh/environment

m0u542w0on9dla2.delivery.puppetlabs.net (redhat7-64-1) executed in 0.03 seconds
will not mirror environment to /etc/profile.d on non-sles/debian platform host

m0u542w0on9dla2.delivery.puppetlabs.net (redhat7-64-1) 19:08:49$ grep ^BEAKERB3B59453_pre=.*in_BEAKERB3B59453_in ~/.ssh/environment

m0u542w0on9dla2.delivery.puppetlabs.net (redhat7-64-1) executed in 0.03 seconds
Exited: 1

m0u542w0on9dla2.delivery.puppetlabs.net (redhat7-64-1) 19:08:49$ grep ^BEAKERB3B59453_pre= ~/.ssh/environment
  BEAKERB3B59453_pre=suf_BEAKERB3B59453:BEAKERB3B59453_pre

m0u542w0on9dla2.delivery.puppetlabs.net (redhat7-64-1) executed in 0.03 seconds

m0u542w0on9dla2.delivery.puppetlabs.net (redhat7-64-1) 19:08:49$ sed -i -e "s/^BEAKERB3B59453_pre=/BEAKERB3B59453_pre=in_BEAKERB3B59453_in:/" ~/.ssh/environment

m0u542w0on9dla2.delivery.puppetlabs.net (redhat7-64-1) executed in 0.03 seconds
will not mirror environment to /etc/profile.d on non-sles/debian platform host

m0u542w0on9dla2.delivery.puppetlabs.net (redhat7-64-1) 19:08:49$ env | grep ^BEAKERB3B59453=

m0u542w0on9dla2.delivery.puppetlabs.net (redhat7-64-1) executed in 0.03 seconds
Exited: 1

goo3bkxxqts971i.delivery.puppetlabs.net (redhat7-64-2) 19:08:49$ sed -i -e "/^BEAKER4766242D_pre=.*$/d" ~/.ssh/environment

goo3bkxxqts971i.delivery.puppetlabs.net (redhat7-64-2) executed in 0.03 seconds
will not mirror environment to /etc/profile.d on non-sles/debian platform host

goo3bkxxqts971i.delivery.puppetlabs.net (redhat7-64-2) 19:08:49$ sed -i -e "/^suf_BEAKER4766242D=.*$/d" ~/.ssh/environment

goo3bkxxqts971i.delivery.puppetlabs.net (redhat7-64-2) executed in 0.03 seconds
will not mirror environment to /etc/profile.d on non-sles/debian platform host

goo3bkxxqts971i.delivery.puppetlabs.net (redhat7-64-2) 19:08:49$ sed -i -e "/^in_BEAKER4766242D_in=.*$/d" ~/.ssh/environment

goo3bkxxqts971i.delivery.puppetlabs.net (redhat7-64-2) executed in 0.03 seconds
will not mirror environment to /etc/profile.d on non-sles/debian platform host

goo3bkxxqts971i.delivery.puppetlabs.net (redhat7-64-2) 19:08:49$ grep ^BEAKER4766242D_pre=.*BEAKER4766242D_pre ~/.ssh/environment

goo3bkxxqts971i.delivery.puppetlabs.net (redhat7-64-2) executed in 0.03 seconds
Exited: 1

goo3bkxxqts971i.delivery.puppetlabs.net (redhat7-64-2) 19:08:49$ grep ^BEAKER4766242D_pre= ~/.ssh/environment

goo3bkxxqts971i.delivery.puppetlabs.net (redhat7-64-2) executed in 0.03 seconds
Exited: 1

goo3bkxxqts971i.delivery.puppetlabs.net (redhat7-64-2) 19:08:49$ echo "BEAKER4766242D_pre=BEAKER4766242D_pre" >> ~/.ssh/environment

goo3bkxxqts971i.delivery.puppetlabs.net (redhat7-64-2) executed in 0.03 seconds
will not mirror environment to /etc/profile.d on non-sles/debian platform host

goo3bkxxqts971i.delivery.puppetlabs.net (redhat7-64-2) 19:08:49$ grep ^BEAKER4766242D_pre=.*suf_BEAKER4766242D ~/.ssh/environment

goo3bkxxqts971i.delivery.puppetlabs.net (redhat7-64-2) executed in 0.03 seconds
Exited: 1

goo3bkxxqts971i.delivery.puppetlabs.net (redhat7-64-2) 19:08:49$ grep ^BEAKER4766242D_pre= ~/.ssh/environment
  BEAKER4766242D_pre=BEAKER4766242D_pre

goo3bkxxqts971i.delivery.puppetlabs.net (redhat7-64-2) executed in 0.03 seconds

goo3bkxxqts971i.delivery.puppetlabs.net (redhat7-64-2) 19:08:49$ sed -i -e "s/^BEAKER4766242D_pre=/BEAKER4766242D_pre=suf_BEAKER4766242D:/" ~/.ssh/environment

goo3bkxxqts971i.delivery.puppetlabs.net (redhat7-64-2) executed in 0.03 seconds
will not mirror environment to /etc/profile.d on non-sles/debian platform host

goo3bkxxqts971i.delivery.puppetlabs.net (redhat7-64-2) 19:08:49$ grep ^BEAKER4766242D_pre=.*in_BEAKER4766242D_in ~/.ssh/environment

goo3bkxxqts971i.delivery.puppetlabs.net (redhat7-64-2) executed in 0.03 seconds
Exited: 1

goo3bkxxqts971i.delivery.puppetlabs.net (redhat7-64-2) 19:08:49$ grep ^BEAKER4766242D_pre= ~/.ssh/environment
  BEAKER4766242D_pre=suf_BEAKER4766242D:BEAKER4766242D_pre

goo3bkxxqts971i.delivery.puppetlabs.net (redhat7-64-2) executed in 0.03 seconds

goo3bkxxqts971i.delivery.puppetlabs.net (redhat7-64-2) 19:08:49$ sed -i -e "s/^BEAKER4766242D_pre=/BEAKER4766242D_pre=in_BEAKER4766242D_in:/" ~/.ssh/environment

goo3bkxxqts971i.delivery.puppetlabs.net (redhat7-64-2) executed in 0.03 seconds
will not mirror environment to /etc/profile.d on non-sles/debian platform host

goo3bkxxqts971i.delivery.puppetlabs.net (redhat7-64-2) 19:08:49$ env | grep ^BEAKER4766242D=

goo3bkxxqts971i.delivery.puppetlabs.net (redhat7-64-2) executed in 0.03 seconds
Exited: 1

* #get_env_var : should not return a match from a key's value

m0u542w0on9dla2.delivery.puppetlabs.net (redhat7-64-1) 19:08:50$ sed -i -e "/^BEAKER21550B35_p1=.*$/d" ~/.ssh/environment

m0u542w0on9dla2.delivery.puppetlabs.net (redhat7-64-1) executed in 0.03 seconds
will not mirror environment to /etc/profile.d on non-sles/debian platform host

m0u542w0on9dla2.delivery.puppetlabs.net (redhat7-64-1) 19:08:50$ grep ^BEAKER21550B35_p1=.*BEAKER21550B35_v1 ~/.ssh/environment

m0u542w0on9dla2.delivery.puppetlabs.net (redhat7-64-1) executed in 0.03 seconds
Exited: 1

m0u542w0on9dla2.delivery.puppetlabs.net (redhat7-64-1) 19:08:50$ grep ^BEAKER21550B35_p1= ~/.ssh/environment

m0u542w0on9dla2.delivery.puppetlabs.net (redhat7-64-1) executed in 0.03 seconds
Exited: 1

m0u542w0on9dla2.delivery.puppetlabs.net (redhat7-64-1) 19:08:50$ echo "BEAKER21550B35_p1=BEAKER21550B35_v1" >> ~/.ssh/environment

m0u542w0on9dla2.delivery.puppetlabs.net (redhat7-64-1) executed in 0.03 seconds
will not mirror environment to /etc/profile.d on non-sles/debian platform host

m0u542w0on9dla2.delivery.puppetlabs.net (redhat7-64-1) 19:08:50$ env | grep ^BEAKER21550B35_v1=

m0u542w0on9dla2.delivery.puppetlabs.net (redhat7-64-1) executed in 0.03 seconds
Exited: 1

goo3bkxxqts971i.delivery.puppetlabs.net (redhat7-64-2) 19:08:50$ sed -i -e "/^BEAKERFB1BFFD8_p1=.*$/d" ~/.ssh/environment

goo3bkxxqts971i.delivery.puppetlabs.net (redhat7-64-2) executed in 0.03 seconds
will not mirror environment to /etc/profile.d on non-sles/debian platform host

goo3bkxxqts971i.delivery.puppetlabs.net (redhat7-64-2) 19:08:50$ grep ^BEAKERFB1BFFD8_p1=.*BEAKERFB1BFFD8_v1 ~/.ssh/environment

goo3bkxxqts971i.delivery.puppetlabs.net (redhat7-64-2) executed in 0.03 seconds
Exited: 1

goo3bkxxqts971i.delivery.puppetlabs.net (redhat7-64-2) 19:08:50$ grep ^BEAKERFB1BFFD8_p1= ~/.ssh/environment

goo3bkxxqts971i.delivery.puppetlabs.net (redhat7-64-2) executed in 0.03 seconds
Exited: 1

goo3bkxxqts971i.delivery.puppetlabs.net (redhat7-64-2) 19:08:50$ echo "BEAKERFB1BFFD8_p1=BEAKERFB1BFFD8_v1" >> ~/.ssh/environment

goo3bkxxqts971i.delivery.puppetlabs.net (redhat7-64-2) executed in 0.03 seconds
will not mirror environment to /etc/profile.d on non-sles/debian platform host

goo3bkxxqts971i.delivery.puppetlabs.net (redhat7-64-2) 19:08:50$ env | grep ^BEAKERFB1BFFD8_v1=

goo3bkxxqts971i.delivery.puppetlabs.net (redhat7-64-2) executed in 0.03 seconds
Exited: 1

* #clear_env_var : should only remove the specified key

m0u542w0on9dla2.delivery.puppetlabs.net (redhat7-64-1) 19:08:50$ grep ^p1_BEAKER668E39A8=.*v1_BEAKER668E39A8 ~/.ssh/environment

m0u542w0on9dla2.delivery.puppetlabs.net (redhat7-64-1) executed in 0.03 seconds
Exited: 1

m0u542w0on9dla2.delivery.puppetlabs.net (redhat7-64-1) 19:08:50$ grep ^p1_BEAKER668E39A8= ~/.ssh/environment

m0u542w0on9dla2.delivery.puppetlabs.net (redhat7-64-1) executed in 0.03 seconds
Exited: 1

m0u542w0on9dla2.delivery.puppetlabs.net (redhat7-64-1) 19:08:50$ echo "p1_BEAKER668E39A8=v1_BEAKER668E39A8" >> ~/.ssh/environment

m0u542w0on9dla2.delivery.puppetlabs.net (redhat7-64-1) executed in 0.03 seconds
will not mirror environment to /etc/profile.d on non-sles/debian platform host

m0u542w0on9dla2.delivery.puppetlabs.net (redhat7-64-1) 19:08:50$ grep ^BEAKER668E39A8_p2=.*BEAKER668E39A8_v2 ~/.ssh/environment

m0u542w0on9dla2.delivery.puppetlabs.net (redhat7-64-1) executed in 0.03 seconds
Exited: 1

m0u542w0on9dla2.delivery.puppetlabs.net (redhat7-64-1) 19:08:50$ grep ^BEAKER668E39A8_p2= ~/.ssh/environment

m0u542w0on9dla2.delivery.puppetlabs.net (redhat7-64-1) executed in 0.07 seconds
Exited: 1

m0u542w0on9dla2.delivery.puppetlabs.net (redhat7-64-1) 19:08:50$ echo "BEAKER668E39A8_p2=BEAKER668E39A8_v2" >> ~/.ssh/environment

m0u542w0on9dla2.delivery.puppetlabs.net (redhat7-64-1) executed in 0.03 seconds
will not mirror environment to /etc/profile.d on non-sles/debian platform host

m0u542w0on9dla2.delivery.puppetlabs.net (redhat7-64-1) 19:08:50$ grep ^BEAKER668E39A8=.*BEAKER668E39A8 ~/.ssh/environment

m0u542w0on9dla2.delivery.puppetlabs.net (redhat7-64-1) executed in 0.03 seconds
Exited: 1

m0u542w0on9dla2.delivery.puppetlabs.net (redhat7-64-1) 19:08:50$ grep ^BEAKER668E39A8= ~/.ssh/environment

m0u542w0on9dla2.delivery.puppetlabs.net (redhat7-64-1) executed in 0.03 seconds
Exited: 1

m0u542w0on9dla2.delivery.puppetlabs.net (redhat7-64-1) 19:08:50$ echo "BEAKER668E39A8=BEAKER668E39A8" >> ~/.ssh/environment

m0u542w0on9dla2.delivery.puppetlabs.net (redhat7-64-1) executed in 0.03 seconds
will not mirror environment to /etc/profile.d on non-sles/debian platform host

m0u542w0on9dla2.delivery.puppetlabs.net (redhat7-64-1) 19:08:50$ sed -i -e "/^BEAKER668E39A8=.*$/d" ~/.ssh/environment

m0u542w0on9dla2.delivery.puppetlabs.net (redhat7-64-1) executed in 0.04 seconds
will not mirror environment to /etc/profile.d on non-sles/debian platform host

m0u542w0on9dla2.delivery.puppetlabs.net (redhat7-64-1) 19:08:50$ env | grep ^p1_BEAKER668E39A8=
  p1_BEAKER668E39A8=v1_BEAKER668E39A8

m0u542w0on9dla2.delivery.puppetlabs.net (redhat7-64-1) executed in 0.06 seconds

m0u542w0on9dla2.delivery.puppetlabs.net (redhat7-64-1) 19:08:50$ env | grep ^BEAKER668E39A8_p2=
  BEAKER668E39A8_p2=BEAKER668E39A8_v2

m0u542w0on9dla2.delivery.puppetlabs.net (redhat7-64-1) executed in 0.03 seconds

m0u542w0on9dla2.delivery.puppetlabs.net (redhat7-64-1) 19:08:50$ env | grep ^BEAKER668E39A8=

m0u542w0on9dla2.delivery.puppetlabs.net (redhat7-64-1) executed in 0.03 seconds
Exited: 1

goo3bkxxqts971i.delivery.puppetlabs.net (redhat7-64-2) 19:08:50$ grep ^p1_BEAKERAB1D1AEA=.*v1_BEAKERAB1D1AEA ~/.ssh/environment

goo3bkxxqts971i.delivery.puppetlabs.net (redhat7-64-2) executed in 0.03 seconds
Exited: 1

goo3bkxxqts971i.delivery.puppetlabs.net (redhat7-64-2) 19:08:50$ grep ^p1_BEAKERAB1D1AEA= ~/.ssh/environment

goo3bkxxqts971i.delivery.puppetlabs.net (redhat7-64-2) executed in 0.03 seconds
Exited: 1

goo3bkxxqts971i.delivery.puppetlabs.net (redhat7-64-2) 19:08:50$ echo "p1_BEAKERAB1D1AEA=v1_BEAKERAB1D1AEA" >> ~/.ssh/environment

goo3bkxxqts971i.delivery.puppetlabs.net (redhat7-64-2) executed in 0.03 seconds
will not mirror environment to /etc/profile.d on non-sles/debian platform host

goo3bkxxqts971i.delivery.puppetlabs.net (redhat7-64-2) 19:08:50$ grep ^BEAKERAB1D1AEA_p2=.*BEAKERAB1D1AEA_v2 ~/.ssh/environment

goo3bkxxqts971i.delivery.puppetlabs.net (redhat7-64-2) executed in 0.03 seconds
Exited: 1

goo3bkxxqts971i.delivery.puppetlabs.net (redhat7-64-2) 19:08:50$ grep ^BEAKERAB1D1AEA_p2= ~/.ssh/environment

goo3bkxxqts971i.delivery.puppetlabs.net (redhat7-64-2) executed in 0.03 seconds
Exited: 1

goo3bkxxqts971i.delivery.puppetlabs.net (redhat7-64-2) 19:08:50$ echo "BEAKERAB1D1AEA_p2=BEAKERAB1D1AEA_v2" >> ~/.ssh/environment

goo3bkxxqts971i.delivery.puppetlabs.net (redhat7-64-2) executed in 0.03 seconds
will not mirror environment to /etc/profile.d on non-sles/debian platform host

goo3bkxxqts971i.delivery.puppetlabs.net (redhat7-64-2) 19:08:50$ grep ^BEAKERAB1D1AEA=.*BEAKERAB1D1AEA ~/.ssh/environment

goo3bkxxqts971i.delivery.puppetlabs.net (redhat7-64-2) executed in 0.03 seconds
Exited: 1

goo3bkxxqts971i.delivery.puppetlabs.net (redhat7-64-2) 19:08:50$ grep ^BEAKERAB1D1AEA= ~/.ssh/environment

goo3bkxxqts971i.delivery.puppetlabs.net (redhat7-64-2) executed in 0.03 seconds
Exited: 1

goo3bkxxqts971i.delivery.puppetlabs.net (redhat7-64-2) 19:08:50$ echo "BEAKERAB1D1AEA=BEAKERAB1D1AEA" >> ~/.ssh/environment

goo3bkxxqts971i.delivery.puppetlabs.net (redhat7-64-2) executed in 0.03 seconds
will not mirror environment to /etc/profile.d on non-sles/debian platform host

goo3bkxxqts971i.delivery.puppetlabs.net (redhat7-64-2) 19:08:51$ sed -i -e "/^BEAKERAB1D1AEA=.*$/d" ~/.ssh/environment

goo3bkxxqts971i.delivery.puppetlabs.net (redhat7-64-2) executed in 0.03 seconds
will not mirror environment to /etc/profile.d on non-sles/debian platform host

goo3bkxxqts971i.delivery.puppetlabs.net (redhat7-64-2) 19:08:51$ env | grep ^p1_BEAKERAB1D1AEA=
  p1_BEAKERAB1D1AEA=v1_BEAKERAB1D1AEA

goo3bkxxqts971i.delivery.puppetlabs.net (redhat7-64-2) executed in 0.03 seconds

goo3bkxxqts971i.delivery.puppetlabs.net (redhat7-64-2) 19:08:51$ env | grep ^BEAKERAB1D1AEA_p2=
  BEAKERAB1D1AEA_p2=BEAKERAB1D1AEA_v2

goo3bkxxqts971i.delivery.puppetlabs.net (redhat7-64-2) executed in 0.03 seconds

goo3bkxxqts971i.delivery.puppetlabs.net (redhat7-64-2) 19:08:51$ env | grep ^BEAKERAB1D1AEA=

goo3bkxxqts971i.delivery.puppetlabs.net (redhat7-64-2) executed in 0.03 seconds
Exited: 1

* #add_env_var : can add a unique environment variable

m0u542w0on9dla2.delivery.puppetlabs.net (redhat7-64-1) 19:08:51$ sed -i -e "/^BEAKER9530B35B=.*$/d" ~/.ssh/environment

m0u542w0on9dla2.delivery.puppetlabs.net (redhat7-64-1) executed in 0.03 seconds
will not mirror environment to /etc/profile.d on non-sles/debian platform host

m0u542w0on9dla2.delivery.puppetlabs.net (redhat7-64-1) 19:08:51$ sed -i -e "/^BEAKER9530B35B_pre=.*$/d" ~/.ssh/environment

m0u542w0on9dla2.delivery.puppetlabs.net (redhat7-64-1) executed in 0.03 seconds
will not mirror environment to /etc/profile.d on non-sles/debian platform host

m0u542w0on9dla2.delivery.puppetlabs.net (redhat7-64-1) 19:08:51$ sed -i -e "/^suf_BEAKER9530B35B=.*$/d" ~/.ssh/environment

m0u542w0on9dla2.delivery.puppetlabs.net (redhat7-64-1) executed in 0.03 seconds
will not mirror environment to /etc/profile.d on non-sles/debian platform host

m0u542w0on9dla2.delivery.puppetlabs.net (redhat7-64-1) 19:08:51$ grep ^BEAKER9530B35B=.*BEAKER9530B35B ~/.ssh/environment

m0u542w0on9dla2.delivery.puppetlabs.net (redhat7-64-1) executed in 0.03 seconds
Exited: 1

m0u542w0on9dla2.delivery.puppetlabs.net (redhat7-64-1) 19:08:51$ grep ^BEAKER9530B35B= ~/.ssh/environment

m0u542w0on9dla2.delivery.puppetlabs.net (redhat7-64-1) executed in 0.03 seconds
Exited: 1

m0u542w0on9dla2.delivery.puppetlabs.net (redhat7-64-1) 19:08:51$ echo "BEAKER9530B35B=BEAKER9530B35B" >> ~/.ssh/environment

m0u542w0on9dla2.delivery.puppetlabs.net (redhat7-64-1) executed in 0.03 seconds
will not mirror environment to /etc/profile.d on non-sles/debian platform host

m0u542w0on9dla2.delivery.puppetlabs.net (redhat7-64-1) 19:08:51$ grep ^BEAKER9530B35B_pre=.*BEAKER9530B35B_pre ~/.ssh/environment

m0u542w0on9dla2.delivery.puppetlabs.net (redhat7-64-1) executed in 0.03 seconds
Exited: 1

m0u542w0on9dla2.delivery.puppetlabs.net (redhat7-64-1) 19:08:51$ grep ^BEAKER9530B35B_pre= ~/.ssh/environment

m0u542w0on9dla2.delivery.puppetlabs.net (redhat7-64-1) executed in 0.03 seconds
Exited: 1

m0u542w0on9dla2.delivery.puppetlabs.net (redhat7-64-1) 19:08:51$ echo "BEAKER9530B35B_pre=BEAKER9530B35B_pre" >> ~/.ssh/environment

m0u542w0on9dla2.delivery.puppetlabs.net (redhat7-64-1) executed in 0.03 seconds
will not mirror environment to /etc/profile.d on non-sles/debian platform host

m0u542w0on9dla2.delivery.puppetlabs.net (redhat7-64-1) 19:08:51$ grep ^suf_BEAKER9530B35B=.*suf_BEAKER9530B35B ~/.ssh/environment

m0u542w0on9dla2.delivery.puppetlabs.net (redhat7-64-1) executed in 0.03 seconds
Exited: 1

m0u542w0on9dla2.delivery.puppetlabs.net (redhat7-64-1) 19:08:51$ grep ^suf_BEAKER9530B35B= ~/.ssh/environment

m0u542w0on9dla2.delivery.puppetlabs.net (redhat7-64-1) executed in 0.03 seconds
Exited: 1

m0u542w0on9dla2.delivery.puppetlabs.net (redhat7-64-1) 19:08:51$ echo "suf_BEAKER9530B35B=suf_BEAKER9530B35B" >> ~/.ssh/environment

m0u542w0on9dla2.delivery.puppetlabs.net (redhat7-64-1) executed in 0.03 seconds
will not mirror environment to /etc/profile.d on non-sles/debian platform host

m0u542w0on9dla2.delivery.puppetlabs.net (redhat7-64-1) 19:08:51$ env | grep ^BEAKER9530B35B=
  BEAKER9530B35B=BEAKER9530B35B

m0u542w0on9dla2.delivery.puppetlabs.net (redhat7-64-1) executed in 0.03 seconds

m0u542w0on9dla2.delivery.puppetlabs.net (redhat7-64-1) 19:08:51$ env | grep ^BEAKER9530B35B_pre=
  BEAKER9530B35B_pre=BEAKER9530B35B_pre

m0u542w0on9dla2.delivery.puppetlabs.net (redhat7-64-1) executed in 0.03 seconds

m0u542w0on9dla2.delivery.puppetlabs.net (redhat7-64-1) 19:08:51$ env | grep ^suf_BEAKER9530B35B=
  suf_BEAKER9530B35B=suf_BEAKER9530B35B

m0u542w0on9dla2.delivery.puppetlabs.net (redhat7-64-1) executed in 0.03 seconds

goo3bkxxqts971i.delivery.puppetlabs.net (redhat7-64-2) 19:08:51$ sed -i -e "/^BEAKERF1F28620=.*$/d" ~/.ssh/environment

goo3bkxxqts971i.delivery.puppetlabs.net (redhat7-64-2) executed in 0.03 seconds
will not mirror environment to /etc/profile.d on non-sles/debian platform host

goo3bkxxqts971i.delivery.puppetlabs.net (redhat7-64-2) 19:08:51$ sed -i -e "/^BEAKERF1F28620_pre=.*$/d" ~/.ssh/environment

goo3bkxxqts971i.delivery.puppetlabs.net (redhat7-64-2) executed in 0.03 seconds
will not mirror environment to /etc/profile.d on non-sles/debian platform host

goo3bkxxqts971i.delivery.puppetlabs.net (redhat7-64-2) 19:08:51$ sed -i -e "/^suf_BEAKERF1F28620=.*$/d" ~/.ssh/environment

goo3bkxxqts971i.delivery.puppetlabs.net (redhat7-64-2) executed in 0.03 seconds
will not mirror environment to /etc/profile.d on non-sles/debian platform host

goo3bkxxqts971i.delivery.puppetlabs.net (redhat7-64-2) 19:08:51$ grep ^BEAKERF1F28620=.*BEAKERF1F28620 ~/.ssh/environment

goo3bkxxqts971i.delivery.puppetlabs.net (redhat7-64-2) executed in 0.03 seconds
Exited: 1

goo3bkxxqts971i.delivery.puppetlabs.net (redhat7-64-2) 19:08:51$ grep ^BEAKERF1F28620= ~/.ssh/environment

goo3bkxxqts971i.delivery.puppetlabs.net (redhat7-64-2) executed in 0.03 seconds
Exited: 1

goo3bkxxqts971i.delivery.puppetlabs.net (redhat7-64-2) 19:08:51$ echo "BEAKERF1F28620=BEAKERF1F28620" >> ~/.ssh/environment

goo3bkxxqts971i.delivery.puppetlabs.net (redhat7-64-2) executed in 0.03 seconds
will not mirror environment to /etc/profile.d on non-sles/debian platform host

goo3bkxxqts971i.delivery.puppetlabs.net (redhat7-64-2) 19:08:51$ grep ^BEAKERF1F28620_pre=.*BEAKERF1F28620_pre ~/.ssh/environment

goo3bkxxqts971i.delivery.puppetlabs.net (redhat7-64-2) executed in 0.03 seconds
Exited: 1

goo3bkxxqts971i.delivery.puppetlabs.net (redhat7-64-2) 19:08:51$ grep ^BEAKERF1F28620_pre= ~/.ssh/environment

goo3bkxxqts971i.delivery.puppetlabs.net (redhat7-64-2) executed in 0.03 seconds
Exited: 1

goo3bkxxqts971i.delivery.puppetlabs.net (redhat7-64-2) 19:08:51$ echo "BEAKERF1F28620_pre=BEAKERF1F28620_pre" >> ~/.ssh/environment

goo3bkxxqts971i.delivery.puppetlabs.net (redhat7-64-2) executed in 0.03 seconds
will not mirror environment to /etc/profile.d on non-sles/debian platform host

goo3bkxxqts971i.delivery.puppetlabs.net (redhat7-64-2) 19:08:51$ grep ^suf_BEAKERF1F28620=.*suf_BEAKERF1F28620 ~/.ssh/environment

goo3bkxxqts971i.delivery.puppetlabs.net (redhat7-64-2) executed in 0.03 seconds
Exited: 1

goo3bkxxqts971i.delivery.puppetlabs.net (redhat7-64-2) 19:08:51$ grep ^suf_BEAKERF1F28620= ~/.ssh/environment

goo3bkxxqts971i.delivery.puppetlabs.net (redhat7-64-2) executed in 0.03 seconds
Exited: 1

goo3bkxxqts971i.delivery.puppetlabs.net (redhat7-64-2) 19:08:51$ echo "suf_BEAKERF1F28620=suf_BEAKERF1F28620" >> ~/.ssh/environment

goo3bkxxqts971i.delivery.puppetlabs.net (redhat7-64-2) executed in 0.03 seconds
will not mirror environment to /etc/profile.d on non-sles/debian platform host

goo3bkxxqts971i.delivery.puppetlabs.net (redhat7-64-2) 19:08:51$ env | grep ^BEAKERF1F28620=
  BEAKERF1F28620=BEAKERF1F28620

goo3bkxxqts971i.delivery.puppetlabs.net (redhat7-64-2) executed in 0.03 seconds

goo3bkxxqts971i.delivery.puppetlabs.net (redhat7-64-2) 19:08:51$ env | grep ^BEAKERF1F28620_pre=
  BEAKERF1F28620_pre=BEAKERF1F28620_pre

goo3bkxxqts971i.delivery.puppetlabs.net (redhat7-64-2) executed in 0.03 seconds

goo3bkxxqts971i.delivery.puppetlabs.net (redhat7-64-2) 19:08:51$ env | grep ^suf_BEAKERF1F28620=
  suf_BEAKERF1F28620=suf_BEAKERF1F28620

goo3bkxxqts971i.delivery.puppetlabs.net (redhat7-64-2) executed in 0.03 seconds

* #add_env_var : can add an environment variable

m0u542w0on9dla2.delivery.puppetlabs.net (redhat7-64-1) 19:08:52$ sed -i -e "/^test=.*$/d" ~/.ssh/environment

m0u542w0on9dla2.delivery.puppetlabs.net (redhat7-64-1) executed in 0.03 seconds
will not mirror environment to /etc/profile.d on non-sles/debian platform host
add TEST=1

m0u542w0on9dla2.delivery.puppetlabs.net (redhat7-64-1) 19:08:52$ grep ^TEST=.*1 ~/.ssh/environment

m0u542w0on9dla2.delivery.puppetlabs.net (redhat7-64-1) executed in 0.03 seconds
Exited: 1

m0u542w0on9dla2.delivery.puppetlabs.net (redhat7-64-1) 19:08:52$ grep ^TEST= ~/.ssh/environment

m0u542w0on9dla2.delivery.puppetlabs.net (redhat7-64-1) executed in 0.03 seconds
Exited: 1

m0u542w0on9dla2.delivery.puppetlabs.net (redhat7-64-1) 19:08:52$ echo "TEST=1" >> ~/.ssh/environment

m0u542w0on9dla2.delivery.puppetlabs.net (redhat7-64-1) executed in 0.03 seconds
will not mirror environment to /etc/profile.d on non-sles/debian platform host
add TEST=1 again (shouldn't create duplicate entry)

m0u542w0on9dla2.delivery.puppetlabs.net (redhat7-64-1) 19:08:52$ grep ^TEST=.*1 ~/.ssh/environment
  TEST=1

m0u542w0on9dla2.delivery.puppetlabs.net (redhat7-64-1) executed in 0.03 seconds
add TEST=2

m0u542w0on9dla2.delivery.puppetlabs.net (redhat7-64-1) 19:08:52$ grep ^TEST=.*2 ~/.ssh/environment

m0u542w0on9dla2.delivery.puppetlabs.net (redhat7-64-1) executed in 0.03 seconds
Exited: 1

m0u542w0on9dla2.delivery.puppetlabs.net (redhat7-64-1) 19:08:52$ grep ^TEST= ~/.ssh/environment
  TEST=1

m0u542w0on9dla2.delivery.puppetlabs.net (redhat7-64-1) executed in 0.03 seconds

m0u542w0on9dla2.delivery.puppetlabs.net (redhat7-64-1) 19:08:52$ sed -i -e "s/^TEST=/TEST=2:/" ~/.ssh/environment

m0u542w0on9dla2.delivery.puppetlabs.net (redhat7-64-1) executed in 0.03 seconds
will not mirror environment to /etc/profile.d on non-sles/debian platform host
ensure that TEST env var has correct setting
add TEST=3

m0u542w0on9dla2.delivery.puppetlabs.net (redhat7-64-1) 19:08:52$ grep ^TEST=.*3 ~/.ssh/environment

m0u542w0on9dla2.delivery.puppetlabs.net (redhat7-64-1) executed in 0.03 seconds
Exited: 1

m0u542w0on9dla2.delivery.puppetlabs.net (redhat7-64-1) 19:08:52$ grep ^TEST= ~/.ssh/environment
  TEST=2:1

m0u542w0on9dla2.delivery.puppetlabs.net (redhat7-64-1) executed in 0.03 seconds

m0u542w0on9dla2.delivery.puppetlabs.net (redhat7-64-1) 19:08:52$ sed -i -e "s/^TEST=/TEST=3:/" ~/.ssh/environment

m0u542w0on9dla2.delivery.puppetlabs.net (redhat7-64-1) executed in 0.03 seconds
will not mirror environment to /etc/profile.d on non-sles/debian platform host
ensure that TEST env var has correct setting

m0u542w0on9dla2.delivery.puppetlabs.net (redhat7-64-1) 19:08:52$ env | grep ^TEST=
  TEST=3:2:1

m0u542w0on9dla2.delivery.puppetlabs.net (redhat7-64-1) executed in 0.03 seconds

goo3bkxxqts971i.delivery.puppetlabs.net (redhat7-64-2) 19:08:52$ sed -i -e "/^test=.*$/d" ~/.ssh/environment

goo3bkxxqts971i.delivery.puppetlabs.net (redhat7-64-2) executed in 0.03 seconds
will not mirror environment to /etc/profile.d on non-sles/debian platform host
add TEST=1

goo3bkxxqts971i.delivery.puppetlabs.net (redhat7-64-2) 19:08:52$ grep ^TEST=.*1 ~/.ssh/environment

goo3bkxxqts971i.delivery.puppetlabs.net (redhat7-64-2) executed in 0.03 seconds
Exited: 1

goo3bkxxqts971i.delivery.puppetlabs.net (redhat7-64-2) 19:08:52$ grep ^TEST= ~/.ssh/environment

goo3bkxxqts971i.delivery.puppetlabs.net (redhat7-64-2) executed in 0.03 seconds
Exited: 1

goo3bkxxqts971i.delivery.puppetlabs.net (redhat7-64-2) 19:08:52$ echo "TEST=1" >> ~/.ssh/environment

goo3bkxxqts971i.delivery.puppetlabs.net (redhat7-64-2) executed in 0.03 seconds
will not mirror environment to /etc/profile.d on non-sles/debian platform host
add TEST=1 again (shouldn't create duplicate entry)

goo3bkxxqts971i.delivery.puppetlabs.net (redhat7-64-2) 19:08:52$ grep ^TEST=.*1 ~/.ssh/environment
  TEST=1

goo3bkxxqts971i.delivery.puppetlabs.net (redhat7-64-2) executed in 0.03 seconds
add TEST=2

goo3bkxxqts971i.delivery.puppetlabs.net (redhat7-64-2) 19:08:52$ grep ^TEST=.*2 ~/.ssh/environment

goo3bkxxqts971i.delivery.puppetlabs.net (redhat7-64-2) executed in 0.03 seconds
Exited: 1

goo3bkxxqts971i.delivery.puppetlabs.net (redhat7-64-2) 19:08:52$ grep ^TEST= ~/.ssh/environment
  TEST=1

goo3bkxxqts971i.delivery.puppetlabs.net (redhat7-64-2) executed in 0.03 seconds

goo3bkxxqts971i.delivery.puppetlabs.net (redhat7-64-2) 19:08:52$ sed -i -e "s/^TEST=/TEST=2:/" ~/.ssh/environment

goo3bkxxqts971i.delivery.puppetlabs.net (redhat7-64-2) executed in 0.03 seconds
will not mirror environment to /etc/profile.d on non-sles/debian platform host
ensure that TEST env var has correct setting
add TEST=3

goo3bkxxqts971i.delivery.puppetlabs.net (redhat7-64-2) 19:08:52$ grep ^TEST=.*3 ~/.ssh/environment

goo3bkxxqts971i.delivery.puppetlabs.net (redhat7-64-2) executed in 0.03 seconds
Exited: 1

goo3bkxxqts971i.delivery.puppetlabs.net (redhat7-64-2) 19:08:52$ grep ^TEST= ~/.ssh/environment
  TEST=2:1

goo3bkxxqts971i.delivery.puppetlabs.net (redhat7-64-2) executed in 0.03 seconds

goo3bkxxqts971i.delivery.puppetlabs.net (redhat7-64-2) 19:08:52$ sed -i -e "s/^TEST=/TEST=3:/" ~/.ssh/environment

goo3bkxxqts971i.delivery.puppetlabs.net (redhat7-64-2) executed in 0.03 seconds
will not mirror environment to /etc/profile.d on non-sles/debian platform host
ensure that TEST env var has correct setting

goo3bkxxqts971i.delivery.puppetlabs.net (redhat7-64-2) 19:08:52$ env | grep ^TEST=
  TEST=3:2:1

goo3bkxxqts971i.delivery.puppetlabs.net (redhat7-64-2) executed in 0.03 seconds

* #add_env_var : can preserve an environment between ssh connections

m0u542w0on9dla2.delivery.puppetlabs.net (redhat7-64-1) 19:08:52$ sed -i -e "/^TEST=.*$/d" ~/.ssh/environment

m0u542w0on9dla2.delivery.puppetlabs.net (redhat7-64-1) executed in 0.03 seconds
will not mirror environment to /etc/profile.d on non-sles/debian platform host
add TEST=1

m0u542w0on9dla2.delivery.puppetlabs.net (redhat7-64-1) 19:08:52$ grep ^TEST=.*1 ~/.ssh/environment

m0u542w0on9dla2.delivery.puppetlabs.net (redhat7-64-1) executed in 0.03 seconds
Exited: 1

m0u542w0on9dla2.delivery.puppetlabs.net (redhat7-64-1) 19:08:52$ grep ^TEST= ~/.ssh/environment

m0u542w0on9dla2.delivery.puppetlabs.net (redhat7-64-1) executed in 0.03 seconds
Exited: 1

m0u542w0on9dla2.delivery.puppetlabs.net (redhat7-64-1) 19:08:52$ echo "TEST=1" >> ~/.ssh/environment

m0u542w0on9dla2.delivery.puppetlabs.net (redhat7-64-1) executed in 0.03 seconds
will not mirror environment to /etc/profile.d on non-sles/debian platform host
add TEST=1 again (shouldn't create duplicate entry)

m0u542w0on9dla2.delivery.puppetlabs.net (redhat7-64-1) 19:08:52$ grep ^TEST=.*1 ~/.ssh/environment
  TEST=1

m0u542w0on9dla2.delivery.puppetlabs.net (redhat7-64-1) executed in 0.03 seconds
add TEST=2

m0u542w0on9dla2.delivery.puppetlabs.net (redhat7-64-1) 19:08:52$ grep ^TEST=.*2 ~/.ssh/environment

m0u542w0on9dla2.delivery.puppetlabs.net (redhat7-64-1) executed in 0.03 seconds
Exited: 1

m0u542w0on9dla2.delivery.puppetlabs.net (redhat7-64-1) 19:08:52$ grep ^TEST= ~/.ssh/environment
  TEST=1

m0u542w0on9dla2.delivery.puppetlabs.net (redhat7-64-1) executed in 0.03 seconds

m0u542w0on9dla2.delivery.puppetlabs.net (redhat7-64-1) 19:08:52$ sed -i -e "s/^TEST=/TEST=2:/" ~/.ssh/environment

m0u542w0on9dla2.delivery.puppetlabs.net (redhat7-64-1) executed in 0.03 seconds
will not mirror environment to /etc/profile.d on non-sles/debian platform host
ensure that TEST env var has correct setting
add TEST=3

m0u542w0on9dla2.delivery.puppetlabs.net (redhat7-64-1) 19:08:52$ grep ^TEST=.*3 ~/.ssh/environment

m0u542w0on9dla2.delivery.puppetlabs.net (redhat7-64-1) executed in 0.03 seconds
Exited: 1

m0u542w0on9dla2.delivery.puppetlabs.net (redhat7-64-1) 19:08:53$ grep ^TEST= ~/.ssh/environment
  TEST=2:1

m0u542w0on9dla2.delivery.puppetlabs.net (redhat7-64-1) executed in 0.03 seconds

m0u542w0on9dla2.delivery.puppetlabs.net (redhat7-64-1) 19:08:53$ sed -i -e "s/^TEST=/TEST=3:/" ~/.ssh/environment

m0u542w0on9dla2.delivery.puppetlabs.net (redhat7-64-1) executed in 0.03 seconds
will not mirror environment to /etc/profile.d on non-sles/debian platform host
close the connection
ssh connection to redhat7-64-1 has been terminated
ensure that TEST env var has correct setting

m0u542w0on9dla2.delivery.puppetlabs.net (redhat7-64-1) 19:08:53$ env | grep ^TEST=
  Attempting ssh connection to m0u542w0on9dla2.delivery.puppetlabs.net, user: root, opts: {:config=>false, :paranoid=>false, :auth_methods=>["publickey"], :port=>22, :forward_agent=>true, :keys=>["id_rsa_acceptance", "/Users/rishi.javia/.ssh/id_rsa-acceptance"], :user_known_hosts_file=>"/Users/rishi.javia/.ssh/known_hosts", :keepalive=>true, :logger=>#<Logger:0x007ff7efa65358 @progname=nil, @level=4, @default_formatter=#<Logger::Formatter:0x007ff7efa65330 @datetime_format=nil>, @formatter=nil, @logdev=#<Logger::LogDevice:0x007ff7efa652e0 @shift_size=nil, @shift_age=nil, @filename=nil, @dev=#<IO:<STDERR>>, @mutex=#<Logger::LogDevice::LogDeviceMutex:0x007ff7efa652b8 @mon_owner=nil, @mon_count=0, @mon_mutex=#<Mutex:0x007ff7efa65268>>>>, :password_prompt=>#<Net::SSH::Prompt:0x007ff7efa65178>, :user=>"root"}
  TEST=3:2:1

m0u542w0on9dla2.delivery.puppetlabs.net (redhat7-64-1) executed in 0.30 seconds

goo3bkxxqts971i.delivery.puppetlabs.net (redhat7-64-2) 19:08:53$ sed -i -e "/^TEST=.*$/d" ~/.ssh/environment

goo3bkxxqts971i.delivery.puppetlabs.net (redhat7-64-2) executed in 0.03 seconds
will not mirror environment to /etc/profile.d on non-sles/debian platform host
add TEST=1

goo3bkxxqts971i.delivery.puppetlabs.net (redhat7-64-2) 19:08:53$ grep ^TEST=.*1 ~/.ssh/environment

goo3bkxxqts971i.delivery.puppetlabs.net (redhat7-64-2) executed in 0.04 seconds
Exited: 1

goo3bkxxqts971i.delivery.puppetlabs.net (redhat7-64-2) 19:08:53$ grep ^TEST= ~/.ssh/environment

goo3bkxxqts971i.delivery.puppetlabs.net (redhat7-64-2) executed in 0.03 seconds
Exited: 1

goo3bkxxqts971i.delivery.puppetlabs.net (redhat7-64-2) 19:08:53$ echo "TEST=1" >> ~/.ssh/environment

goo3bkxxqts971i.delivery.puppetlabs.net (redhat7-64-2) executed in 0.03 seconds
will not mirror environment to /etc/profile.d on non-sles/debian platform host
add TEST=1 again (shouldn't create duplicate entry)

goo3bkxxqts971i.delivery.puppetlabs.net (redhat7-64-2) 19:08:53$ grep ^TEST=.*1 ~/.ssh/environment
  TEST=1

goo3bkxxqts971i.delivery.puppetlabs.net (redhat7-64-2) executed in 0.03 seconds
add TEST=2

goo3bkxxqts971i.delivery.puppetlabs.net (redhat7-64-2) 19:08:53$ grep ^TEST=.*2 ~/.ssh/environment

goo3bkxxqts971i.delivery.puppetlabs.net (redhat7-64-2) executed in 0.03 seconds
Exited: 1

goo3bkxxqts971i.delivery.puppetlabs.net (redhat7-64-2) 19:08:53$ grep ^TEST= ~/.ssh/environment
  TEST=1

goo3bkxxqts971i.delivery.puppetlabs.net (redhat7-64-2) executed in 0.03 seconds

goo3bkxxqts971i.delivery.puppetlabs.net (redhat7-64-2) 19:08:53$ sed -i -e "s/^TEST=/TEST=2:/" ~/.ssh/environment

goo3bkxxqts971i.delivery.puppetlabs.net (redhat7-64-2) executed in 0.03 seconds
will not mirror environment to /etc/profile.d on non-sles/debian platform host
ensure that TEST env var has correct setting
add TEST=3

goo3bkxxqts971i.delivery.puppetlabs.net (redhat7-64-2) 19:08:53$ grep ^TEST=.*3 ~/.ssh/environment

goo3bkxxqts971i.delivery.puppetlabs.net (redhat7-64-2) executed in 0.03 seconds
Exited: 1

goo3bkxxqts971i.delivery.puppetlabs.net (redhat7-64-2) 19:08:53$ grep ^TEST= ~/.ssh/environment
  TEST=2:1

goo3bkxxqts971i.delivery.puppetlabs.net (redhat7-64-2) executed in 0.03 seconds

goo3bkxxqts971i.delivery.puppetlabs.net (redhat7-64-2) 19:08:53$ sed -i -e "s/^TEST=/TEST=3:/" ~/.ssh/environment

goo3bkxxqts971i.delivery.puppetlabs.net (redhat7-64-2) executed in 0.03 seconds
will not mirror environment to /etc/profile.d on non-sles/debian platform host
close the connection
ssh connection to redhat7-64-2 has been terminated
ensure that TEST env var has correct setting

goo3bkxxqts971i.delivery.puppetlabs.net (redhat7-64-2) 19:08:53$ env | grep ^TEST=
  Attempting ssh connection to goo3bkxxqts971i.delivery.puppetlabs.net, user: root, opts: {:config=>false, :paranoid=>false, :auth_methods=>["publickey"], :port=>22, :forward_agent=>true, :keys=>["id_rsa_acceptance", "/Users/rishi.javia/.ssh/id_rsa-acceptance"], :user_known_hosts_file=>"/Users/rishi.javia/.ssh/known_hosts", :keepalive=>true, :logger=>#<Logger:0x007ff7efa65358 @progname=nil, @level=4, @default_formatter=#<Logger::Formatter:0x007ff7efa65330 @datetime_format=nil>, @formatter=nil, @logdev=#<Logger::LogDevice:0x007ff7efa652e0 @shift_size=nil, @shift_age=nil, @filename=nil, @dev=#<IO:<STDERR>>, @mutex=#<Logger::LogDevice::LogDeviceMutex:0x007ff7efa652b8 @mon_owner=nil, @mon_count=0, @mon_mutex=#<Mutex:0x007ff7efa65268>>>>, :password_prompt=>#<Net::SSH::Prompt:0x007ff7efa65178>, :user=>"root"}
  TEST=3:2:1

goo3bkxxqts971i.delivery.puppetlabs.net (redhat7-64-2) executed in 0.30 seconds

* #delete_env_var : can delete an environment
remove TEST=3

m0u542w0on9dla2.delivery.puppetlabs.net (redhat7-64-1) 19:08:54$ sed -i -e "/TEST=3$/d" ~/.ssh/environment

m0u542w0on9dla2.delivery.puppetlabs.net (redhat7-64-1) executed in 0.03 seconds

m0u542w0on9dla2.delivery.puppetlabs.net (redhat7-64-1) 19:08:54$ sed -i -e "s/TEST=\(.*\)[;:]3/TEST=\1/" ~/.ssh/environment

m0u542w0on9dla2.delivery.puppetlabs.net (redhat7-64-1) executed in 0.03 seconds

m0u542w0on9dla2.delivery.puppetlabs.net (redhat7-64-1) 19:08:54$ sed -i -e "s/TEST=3[;:]/TEST=/" ~/.ssh/environment

m0u542w0on9dla2.delivery.puppetlabs.net (redhat7-64-1) executed in 0.03 seconds
will not mirror environment to /etc/profile.d on non-sles/debian platform host

m0u542w0on9dla2.delivery.puppetlabs.net (redhat7-64-1) 19:08:54$ env | grep ^TEST=
  TEST=2:1

m0u542w0on9dla2.delivery.puppetlabs.net (redhat7-64-1) executed in 0.03 seconds
remove TEST=1

m0u542w0on9dla2.delivery.puppetlabs.net (redhat7-64-1) 19:08:54$ sed -i -e "/TEST=1$/d" ~/.ssh/environment

m0u542w0on9dla2.delivery.puppetlabs.net (redhat7-64-1) executed in 0.03 seconds

m0u542w0on9dla2.delivery.puppetlabs.net (redhat7-64-1) 19:08:54$ sed -i -e "s/TEST=\(.*\)[;:]1/TEST=\1/" ~/.ssh/environment

m0u542w0on9dla2.delivery.puppetlabs.net (redhat7-64-1) executed in 0.03 seconds

m0u542w0on9dla2.delivery.puppetlabs.net (redhat7-64-1) 19:08:54$ sed -i -e "s/TEST=1[;:]/TEST=/" ~/.ssh/environment

m0u542w0on9dla2.delivery.puppetlabs.net (redhat7-64-1) executed in 0.03 seconds
will not mirror environment to /etc/profile.d on non-sles/debian platform host

m0u542w0on9dla2.delivery.puppetlabs.net (redhat7-64-1) 19:08:54$ env | grep ^TEST=
  TEST=2

m0u542w0on9dla2.delivery.puppetlabs.net (redhat7-64-1) executed in 0.03 seconds
remove TEST=2

m0u542w0on9dla2.delivery.puppetlabs.net (redhat7-64-1) 19:08:54$ sed -i -e "/TEST=2$/d" ~/.ssh/environment

m0u542w0on9dla2.delivery.puppetlabs.net (redhat7-64-1) executed in 0.03 seconds

m0u542w0on9dla2.delivery.puppetlabs.net (redhat7-64-1) 19:08:54$ sed -i -e "s/TEST=\(.*\)[;:]2/TEST=\1/" ~/.ssh/environment

m0u542w0on9dla2.delivery.puppetlabs.net (redhat7-64-1) executed in 0.03 seconds

m0u542w0on9dla2.delivery.puppetlabs.net (redhat7-64-1) 19:08:54$ sed -i -e "s/TEST=2[;:]/TEST=/" ~/.ssh/environment

m0u542w0on9dla2.delivery.puppetlabs.net (redhat7-64-1) executed in 0.03 seconds
will not mirror environment to /etc/profile.d on non-sles/debian platform host

m0u542w0on9dla2.delivery.puppetlabs.net (redhat7-64-1) 19:08:54$ env | grep ^TEST=

m0u542w0on9dla2.delivery.puppetlabs.net (redhat7-64-1) executed in 0.03 seconds
Exited: 1
remove TEST=3

goo3bkxxqts971i.delivery.puppetlabs.net (redhat7-64-2) 19:08:54$ sed -i -e "/TEST=3$/d" ~/.ssh/environment

goo3bkxxqts971i.delivery.puppetlabs.net (redhat7-64-2) executed in 0.03 seconds

goo3bkxxqts971i.delivery.puppetlabs.net (redhat7-64-2) 19:08:54$ sed -i -e "s/TEST=\(.*\)[;:]3/TEST=\1/" ~/.ssh/environment

goo3bkxxqts971i.delivery.puppetlabs.net (redhat7-64-2) executed in 0.03 seconds

goo3bkxxqts971i.delivery.puppetlabs.net (redhat7-64-2) 19:08:54$ sed -i -e "s/TEST=3[;:]/TEST=/" ~/.ssh/environment

goo3bkxxqts971i.delivery.puppetlabs.net (redhat7-64-2) executed in 0.03 seconds
will not mirror environment to /etc/profile.d on non-sles/debian platform host

goo3bkxxqts971i.delivery.puppetlabs.net (redhat7-64-2) 19:08:54$ env | grep ^TEST=
  TEST=2:1

goo3bkxxqts971i.delivery.puppetlabs.net (redhat7-64-2) executed in 0.03 seconds
remove TEST=1

goo3bkxxqts971i.delivery.puppetlabs.net (redhat7-64-2) 19:08:54$ sed -i -e "/TEST=1$/d" ~/.ssh/environment

goo3bkxxqts971i.delivery.puppetlabs.net (redhat7-64-2) executed in 0.03 seconds

goo3bkxxqts971i.delivery.puppetlabs.net (redhat7-64-2) 19:08:54$ sed -i -e "s/TEST=\(.*\)[;:]1/TEST=\1/" ~/.ssh/environment

goo3bkxxqts971i.delivery.puppetlabs.net (redhat7-64-2) executed in 0.03 seconds

goo3bkxxqts971i.delivery.puppetlabs.net (redhat7-64-2) 19:08:54$ sed -i -e "s/TEST=1[;:]/TEST=/" ~/.ssh/environment

goo3bkxxqts971i.delivery.puppetlabs.net (redhat7-64-2) executed in 0.03 seconds
will not mirror environment to /etc/profile.d on non-sles/debian platform host

goo3bkxxqts971i.delivery.puppetlabs.net (redhat7-64-2) 19:08:54$ env | grep ^TEST=
  TEST=2

goo3bkxxqts971i.delivery.puppetlabs.net (redhat7-64-2) executed in 0.03 seconds
remove TEST=2

goo3bkxxqts971i.delivery.puppetlabs.net (redhat7-64-2) 19:08:54$ sed -i -e "/TEST=2$/d" ~/.ssh/environment

goo3bkxxqts971i.delivery.puppetlabs.net (redhat7-64-2) executed in 0.03 seconds

goo3bkxxqts971i.delivery.puppetlabs.net (redhat7-64-2) 19:08:54$ sed -i -e "s/TEST=\(.*\)[;:]2/TEST=\1/" ~/.ssh/environment

goo3bkxxqts971i.delivery.puppetlabs.net (redhat7-64-2) executed in 0.03 seconds

goo3bkxxqts971i.delivery.puppetlabs.net (redhat7-64-2) 19:08:54$ sed -i -e "s/TEST=2[;:]/TEST=/" ~/.ssh/environment

goo3bkxxqts971i.delivery.puppetlabs.net (redhat7-64-2) executed in 0.03 seconds
will not mirror environment to /etc/profile.d on non-sles/debian platform host

goo3bkxxqts971i.delivery.puppetlabs.net (redhat7-64-2) 19:08:54$ env | grep ^TEST=

goo3bkxxqts971i.delivery.puppetlabs.net (redhat7-64-2) executed in 0.03 seconds
Exited: 1

* #mkdir_p : can recursively create a directory structure on a host

m0u542w0on9dla2.delivery.puppetlabs.net (redhat7-64-1) 19:08:54$ rm -rf test1

m0u542w0on9dla2.delivery.puppetlabs.net (redhat7-64-1) executed in 0.03 seconds
create test1/test2/test3/test4

m0u542w0on9dla2.delivery.puppetlabs.net (redhat7-64-1) 19:08:54$ mkdir -p test1/test2/test3/test4

m0u542w0on9dla2.delivery.puppetlabs.net (redhat7-64-1) executed in 0.03 seconds
should be able to create a file in the new dir

m0u542w0on9dla2.delivery.puppetlabs.net (redhat7-64-1) 19:08:54$ touch test1/test2/test3/test4/test.txt

m0u542w0on9dla2.delivery.puppetlabs.net (redhat7-64-1) executed in 0.03 seconds

goo3bkxxqts971i.delivery.puppetlabs.net (redhat7-64-2) 19:08:54$ rm -rf test1

goo3bkxxqts971i.delivery.puppetlabs.net (redhat7-64-2) executed in 0.03 seconds
create test1/test2/test3/test4

goo3bkxxqts971i.delivery.puppetlabs.net (redhat7-64-2) 19:08:54$ mkdir -p test1/test2/test3/test4

goo3bkxxqts971i.delivery.puppetlabs.net (redhat7-64-2) executed in 0.03 seconds
should be able to create a file in the new dir

goo3bkxxqts971i.delivery.puppetlabs.net (redhat7-64-2) 19:08:54$ touch test1/test2/test3/test4/test.txt

goo3bkxxqts971i.delivery.puppetlabs.net (redhat7-64-2) executed in 0.03 seconds

* #do_scp_to : can copy a directory to the host with no ignores
can recursively copy a module over

m0u542w0on9dla2.delivery.puppetlabs.net (redhat7-64-1) 19:08:54$ rm -rf module

m0u542w0on9dla2.delivery.puppetlabs.net (redhat7-64-1) executed in 0.03 seconds
localhost $ scp acceptance/tests/base/host/../../../fixtures/module redhat7-64-1:. {:ignore => }
localhost $ scp redhat7-64-1:module /var/folders/8z/d3hkzy8j1wxfbmzwzmpf890w0000gq/T/d20170808-5392-ekcdxy

	copying /var/folders/8z/d3hkzy8j1wxfbmzwzmpf890w0000gq/T/d20170808-5392-ekcdxy/module/Gemfile:          0/348
	copying /var/folders/8z/d3hkzy8j1wxfbmzwzmpf890w0000gq/T/d20170808-5392-ekcdxy/module/Gemfile:        348/348
	copying /var/folders/8z/d3hkzy8j1wxfbmzwzmpf890w0000gq/T/d20170808-5392-ekcdxy/module/lib/empty.txt:          0/37
	copying /var/folders/8z/d3hkzy8j1wxfbmzwzmpf890w0000gq/T/d20170808-5392-ekcdxy/module/lib/empty.txt:         37/37
	copying /var/folders/8z/d3hkzy8j1wxfbmzwzmpf890w0000gq/T/d20170808-5392-ekcdxy/module/manifests/init.pp:          0/965
	copying /var/folders/8z/d3hkzy8j1wxfbmzwzmpf890w0000gq/T/d20170808-5392-ekcdxy/module/manifests/init.pp:        965/965
	copying /var/folders/8z/d3hkzy8j1wxfbmzwzmpf890w0000gq/T/d20170808-5392-ekcdxy/module/metadata.json:          0/320
	copying /var/folders/8z/d3hkzy8j1wxfbmzwzmpf890w0000gq/T/d20170808-5392-ekcdxy/module/metadata.json:        320/320
	copying /var/folders/8z/d3hkzy8j1wxfbmzwzmpf890w0000gq/T/d20170808-5392-ekcdxy/module/Rakefile:          0/633
	copying /var/folders/8z/d3hkzy8j1wxfbmzwzmpf890w0000gq/T/d20170808-5392-ekcdxy/module/Rakefile:        633/633
	copying /var/folders/8z/d3hkzy8j1wxfbmzwzmpf890w0000gq/T/d20170808-5392-ekcdxy/module/README.md:          0/2891
	copying /var/folders/8z/d3hkzy8j1wxfbmzwzmpf890w0000gq/T/d20170808-5392-ekcdxy/module/README.md:       2891/2891
	copying /var/folders/8z/d3hkzy8j1wxfbmzwzmpf890w0000gq/T/d20170808-5392-ekcdxy/module/spec/acceptance/demo_spec.rb:          0/1778
	copying /var/folders/8z/d3hkzy8j1wxfbmzwzmpf890w0000gq/T/d20170808-5392-ekcdxy/module/spec/acceptance/demo_spec.rb:       1778/1778
	copying /var/folders/8z/d3hkzy8j1wxfbmzwzmpf890w0000gq/T/d20170808-5392-ekcdxy/module/spec/acceptance/nodesets/centos-59-x64.yml:          0/248
	copying /var/folders/8z/d3hkzy8j1wxfbmzwzmpf890w0000gq/T/d20170808-5392-ekcdxy/module/spec/acceptance/nodesets/centos-59-x64.yml:        248/248
	copying /var/folders/8z/d3hkzy8j1wxfbmzwzmpf890w0000gq/T/d20170808-5392-ekcdxy/module/spec/acceptance/nodesets/centos-64-x64-pe.yml:          0/282
	copying /var/folders/8z/d3hkzy8j1wxfbmzwzmpf890w0000gq/T/d20170808-5392-ekcdxy/module/spec/acceptance/nodesets/centos-64-x64-pe.yml:        282/282
	copying /var/folders/8z/d3hkzy8j1wxfbmzwzmpf890w0000gq/T/d20170808-5392-ekcdxy/module/spec/acceptance/nodesets/centos-64-x64.yml:          0/249
	copying /var/folders/8z/d3hkzy8j1wxfbmzwzmpf890w0000gq/T/d20170808-5392-ekcdxy/module/spec/acceptance/nodesets/centos-64-x64.yml:        249/249
	copying /var/folders/8z/d3hkzy8j1wxfbmzwzmpf890w0000gq/T/d20170808-5392-ekcdxy/module/spec/acceptance/nodesets/centos-65-x64.yml:          0/250
	copying /var/folders/8z/d3hkzy8j1wxfbmzwzmpf890w0000gq/T/d20170808-5392-ekcdxy/module/spec/acceptance/nodesets/centos-65-x64.yml:        250/250
	copying /var/folders/8z/d3hkzy8j1wxfbmzwzmpf890w0000gq/T/d20170808-5392-ekcdxy/module/spec/acceptance/nodesets/default.yml:          0/249
	copying /var/folders/8z/d3hkzy8j1wxfbmzwzmpf890w0000gq/T/d20170808-5392-ekcdxy/module/spec/acceptance/nodesets/default.yml:        249/249
	copying /var/folders/8z/d3hkzy8j1wxfbmzwzmpf890w0000gq/T/d20170808-5392-ekcdxy/module/spec/acceptance/nodesets/fedora-18-x64.yml:          0/254
	copying /var/folders/8z/d3hkzy8j1wxfbmzwzmpf890w0000gq/T/d20170808-5392-ekcdxy/module/spec/acceptance/nodesets/fedora-18-x64.yml:        254/254
	copying /var/folders/8z/d3hkzy8j1wxfbmzwzmpf890w0000gq/T/d20170808-5392-ekcdxy/module/spec/acceptance/nodesets/internal-vpool.yml:          0/469
	copying /var/folders/8z/d3hkzy8j1wxfbmzwzmpf890w0000gq/T/d20170808-5392-ekcdxy/module/spec/acceptance/nodesets/internal-vpool.yml:        469/469
	copying /var/folders/8z/d3hkzy8j1wxfbmzwzmpf890w0000gq/T/d20170808-5392-ekcdxy/module/spec/acceptance/nodesets/sles-11-x64.yml:          0/257
	copying /var/folders/8z/d3hkzy8j1wxfbmzwzmpf890w0000gq/T/d20170808-5392-ekcdxy/module/spec/acceptance/nodesets/sles-11-x64.yml:        257/257
	copying /var/folders/8z/d3hkzy8j1wxfbmzwzmpf890w0000gq/T/d20170808-5392-ekcdxy/module/spec/acceptance/nodesets/ubuntu-server-10044-x64.yml:          0/286
	copying /var/folders/8z/d3hkzy8j1wxfbmzwzmpf890w0000gq/T/d20170808-5392-ekcdxy/module/spec/acceptance/nodesets/ubuntu-server-10044-x64.yml:        286/286
	copying /var/folders/8z/d3hkzy8j1wxfbmzwzmpf890w0000gq/T/d20170808-5392-ekcdxy/module/spec/acceptance/nodesets/ubuntu-server-12042-x64.yml:          0/286
	copying /var/folders/8z/d3hkzy8j1wxfbmzwzmpf890w0000gq/T/d20170808-5392-ekcdxy/module/spec/acceptance/nodesets/ubuntu-server-12042-x64.yml:        286/286
	copying /var/folders/8z/d3hkzy8j1wxfbmzwzmpf890w0000gq/T/d20170808-5392-ekcdxy/module/spec/acceptance/nodesets/ubuntu-server-1404-x64.yml:          0/272
	copying /var/folders/8z/d3hkzy8j1wxfbmzwzmpf890w0000gq/T/d20170808-5392-ekcdxy/module/spec/acceptance/nodesets/ubuntu-server-1404-x64.yml:        272/272
	copying /var/folders/8z/d3hkzy8j1wxfbmzwzmpf890w0000gq/T/d20170808-5392-ekcdxy/module/spec/acceptance/nodesets/ubuntu-server-14042-x64.yml:          0/425
	copying /var/folders/8z/d3hkzy8j1wxfbmzwzmpf890w0000gq/T/d20170808-5392-ekcdxy/module/spec/acceptance/nodesets/ubuntu-server-14042-x64.yml:        425/425
	copying /var/folders/8z/d3hkzy8j1wxfbmzwzmpf890w0000gq/T/d20170808-5392-ekcdxy/module/spec/classes/init_spec.rb:          0/140
	copying /var/folders/8z/d3hkzy8j1wxfbmzwzmpf890w0000gq/T/d20170808-5392-ekcdxy/module/spec/classes/init_spec.rb:        140/140
	copying /var/folders/8z/d3hkzy8j1wxfbmzwzmpf890w0000gq/T/d20170808-5392-ekcdxy/module/spec/spec_helper.rb:          0/52
	copying /var/folders/8z/d3hkzy8j1wxfbmzwzmpf890w0000gq/T/d20170808-5392-ekcdxy/module/spec/spec_helper.rb:         52/52
	copying /var/folders/8z/d3hkzy8j1wxfbmzwzmpf890w0000gq/T/d20170808-5392-ekcdxy/module/spec/spec_helper_acceptance.rb:          0/1022
	copying /var/folders/8z/d3hkzy8j1wxfbmzwzmpf890w0000gq/T/d20170808-5392-ekcdxy/module/spec/spec_helper_acceptance.rb:       1022/1022
	copying /var/folders/8z/d3hkzy8j1wxfbmzwzmpf890w0000gq/T/d20170808-5392-ekcdxy/module/tests/init.pp:          0/506
	copying /var/folders/8z/d3hkzy8j1wxfbmzwzmpf890w0000gq/T/d20170808-5392-ekcdxy/module/tests/init.pp:        506/506
	copying /var/folders/8z/d3hkzy8j1wxfbmzwzmpf890w0000gq/T/d20170808-5392-ekcdxy/module/vendor/bundle/ruby/gems.txt:          0/39
	copying /var/folders/8z/d3hkzy8j1wxfbmzwzmpf890w0000gq/T/d20170808-5392-ekcdxy/module/vendor/bundle/ruby/gems.txt:         39/39
  SCP'ed file redhat7-64-1:module to /var/folders/8z/d3hkzy8j1wxfbmzwzmpf890w0000gq/T/d20170808-5392-ekcdxy
can recursively copy a module over

goo3bkxxqts971i.delivery.puppetlabs.net (redhat7-64-2) 19:08:57$ rm -rf module

goo3bkxxqts971i.delivery.puppetlabs.net (redhat7-64-2) executed in 0.03 seconds
localhost $ scp acceptance/tests/base/host/../../../fixtures/module redhat7-64-2:. {:ignore => }
localhost $ scp redhat7-64-2:module /var/folders/8z/d3hkzy8j1wxfbmzwzmpf890w0000gq/T/d20170808-5392-mk5czj

	copying /var/folders/8z/d3hkzy8j1wxfbmzwzmpf890w0000gq/T/d20170808-5392-mk5czj/module/Gemfile:          0/348
	copying /var/folders/8z/d3hkzy8j1wxfbmzwzmpf890w0000gq/T/d20170808-5392-mk5czj/module/Gemfile:        348/348
	copying /var/folders/8z/d3hkzy8j1wxfbmzwzmpf890w0000gq/T/d20170808-5392-mk5czj/module/lib/empty.txt:          0/37
	copying /var/folders/8z/d3hkzy8j1wxfbmzwzmpf890w0000gq/T/d20170808-5392-mk5czj/module/lib/empty.txt:         37/37
	copying /var/folders/8z/d3hkzy8j1wxfbmzwzmpf890w0000gq/T/d20170808-5392-mk5czj/module/manifests/init.pp:          0/965
	copying /var/folders/8z/d3hkzy8j1wxfbmzwzmpf890w0000gq/T/d20170808-5392-mk5czj/module/manifests/init.pp:        965/965
	copying /var/folders/8z/d3hkzy8j1wxfbmzwzmpf890w0000gq/T/d20170808-5392-mk5czj/module/metadata.json:          0/320
	copying /var/folders/8z/d3hkzy8j1wxfbmzwzmpf890w0000gq/T/d20170808-5392-mk5czj/module/metadata.json:        320/320
	copying /var/folders/8z/d3hkzy8j1wxfbmzwzmpf890w0000gq/T/d20170808-5392-mk5czj/module/Rakefile:          0/633
	copying /var/folders/8z/d3hkzy8j1wxfbmzwzmpf890w0000gq/T/d20170808-5392-mk5czj/module/Rakefile:        633/633
	copying /var/folders/8z/d3hkzy8j1wxfbmzwzmpf890w0000gq/T/d20170808-5392-mk5czj/module/README.md:          0/2891
	copying /var/folders/8z/d3hkzy8j1wxfbmzwzmpf890w0000gq/T/d20170808-5392-mk5czj/module/README.md:       2891/2891
	copying /var/folders/8z/d3hkzy8j1wxfbmzwzmpf890w0000gq/T/d20170808-5392-mk5czj/module/spec/acceptance/demo_spec.rb:          0/1778
	copying /var/folders/8z/d3hkzy8j1wxfbmzwzmpf890w0000gq/T/d20170808-5392-mk5czj/module/spec/acceptance/demo_spec.rb:       1778/1778
	copying /var/folders/8z/d3hkzy8j1wxfbmzwzmpf890w0000gq/T/d20170808-5392-mk5czj/module/spec/acceptance/nodesets/centos-59-x64.yml:          0/248
	copying /var/folders/8z/d3hkzy8j1wxfbmzwzmpf890w0000gq/T/d20170808-5392-mk5czj/module/spec/acceptance/nodesets/centos-59-x64.yml:        248/248
	copying /var/folders/8z/d3hkzy8j1wxfbmzwzmpf890w0000gq/T/d20170808-5392-mk5czj/module/spec/acceptance/nodesets/centos-64-x64-pe.yml:          0/282
	copying /var/folders/8z/d3hkzy8j1wxfbmzwzmpf890w0000gq/T/d20170808-5392-mk5czj/module/spec/acceptance/nodesets/centos-64-x64-pe.yml:        282/282
	copying /var/folders/8z/d3hkzy8j1wxfbmzwzmpf890w0000gq/T/d20170808-5392-mk5czj/module/spec/acceptance/nodesets/centos-64-x64.yml:          0/249
	copying /var/folders/8z/d3hkzy8j1wxfbmzwzmpf890w0000gq/T/d20170808-5392-mk5czj/module/spec/acceptance/nodesets/centos-64-x64.yml:        249/249
	copying /var/folders/8z/d3hkzy8j1wxfbmzwzmpf890w0000gq/T/d20170808-5392-mk5czj/module/spec/acceptance/nodesets/centos-65-x64.yml:          0/250
	copying /var/folders/8z/d3hkzy8j1wxfbmzwzmpf890w0000gq/T/d20170808-5392-mk5czj/module/spec/acceptance/nodesets/centos-65-x64.yml:        250/250
	copying /var/folders/8z/d3hkzy8j1wxfbmzwzmpf890w0000gq/T/d20170808-5392-mk5czj/module/spec/acceptance/nodesets/default.yml:          0/249
	copying /var/folders/8z/d3hkzy8j1wxfbmzwzmpf890w0000gq/T/d20170808-5392-mk5czj/module/spec/acceptance/nodesets/default.yml:        249/249
	copying /var/folders/8z/d3hkzy8j1wxfbmzwzmpf890w0000gq/T/d20170808-5392-mk5czj/module/spec/acceptance/nodesets/fedora-18-x64.yml:          0/254
	copying /var/folders/8z/d3hkzy8j1wxfbmzwzmpf890w0000gq/T/d20170808-5392-mk5czj/module/spec/acceptance/nodesets/fedora-18-x64.yml:        254/254
	copying /var/folders/8z/d3hkzy8j1wxfbmzwzmpf890w0000gq/T/d20170808-5392-mk5czj/module/spec/acceptance/nodesets/internal-vpool.yml:          0/469
	copying /var/folders/8z/d3hkzy8j1wxfbmzwzmpf890w0000gq/T/d20170808-5392-mk5czj/module/spec/acceptance/nodesets/internal-vpool.yml:        469/469
	copying /var/folders/8z/d3hkzy8j1wxfbmzwzmpf890w0000gq/T/d20170808-5392-mk5czj/module/spec/acceptance/nodesets/sles-11-x64.yml:          0/257
	copying /var/folders/8z/d3hkzy8j1wxfbmzwzmpf890w0000gq/T/d20170808-5392-mk5czj/module/spec/acceptance/nodesets/sles-11-x64.yml:        257/257
	copying /var/folders/8z/d3hkzy8j1wxfbmzwzmpf890w0000gq/T/d20170808-5392-mk5czj/module/spec/acceptance/nodesets/ubuntu-server-10044-x64.yml:          0/286
	copying /var/folders/8z/d3hkzy8j1wxfbmzwzmpf890w0000gq/T/d20170808-5392-mk5czj/module/spec/acceptance/nodesets/ubuntu-server-10044-x64.yml:        286/286
	copying /var/folders/8z/d3hkzy8j1wxfbmzwzmpf890w0000gq/T/d20170808-5392-mk5czj/module/spec/acceptance/nodesets/ubuntu-server-12042-x64.yml:          0/286
	copying /var/folders/8z/d3hkzy8j1wxfbmzwzmpf890w0000gq/T/d20170808-5392-mk5czj/module/spec/acceptance/nodesets/ubuntu-server-12042-x64.yml:        286/286
	copying /var/folders/8z/d3hkzy8j1wxfbmzwzmpf890w0000gq/T/d20170808-5392-mk5czj/module/spec/acceptance/nodesets/ubuntu-server-1404-x64.yml:          0/272
	copying /var/folders/8z/d3hkzy8j1wxfbmzwzmpf890w0000gq/T/d20170808-5392-mk5czj/module/spec/acceptance/nodesets/ubuntu-server-1404-x64.yml:        272/272
	copying /var/folders/8z/d3hkzy8j1wxfbmzwzmpf890w0000gq/T/d20170808-5392-mk5czj/module/spec/acceptance/nodesets/ubuntu-server-14042-x64.yml:          0/425
	copying /var/folders/8z/d3hkzy8j1wxfbmzwzmpf890w0000gq/T/d20170808-5392-mk5czj/module/spec/acceptance/nodesets/ubuntu-server-14042-x64.yml:        425/425
	copying /var/folders/8z/d3hkzy8j1wxfbmzwzmpf890w0000gq/T/d20170808-5392-mk5czj/module/spec/classes/init_spec.rb:          0/140
	copying /var/folders/8z/d3hkzy8j1wxfbmzwzmpf890w0000gq/T/d20170808-5392-mk5czj/module/spec/classes/init_spec.rb:        140/140
	copying /var/folders/8z/d3hkzy8j1wxfbmzwzmpf890w0000gq/T/d20170808-5392-mk5czj/module/spec/spec_helper.rb:          0/52
	copying /var/folders/8z/d3hkzy8j1wxfbmzwzmpf890w0000gq/T/d20170808-5392-mk5czj/module/spec/spec_helper.rb:         52/52
	copying /var/folders/8z/d3hkzy8j1wxfbmzwzmpf890w0000gq/T/d20170808-5392-mk5czj/module/spec/spec_helper_acceptance.rb:          0/1022
	copying /var/folders/8z/d3hkzy8j1wxfbmzwzmpf890w0000gq/T/d20170808-5392-mk5czj/module/spec/spec_helper_acceptance.rb:       1022/1022
	copying /var/folders/8z/d3hkzy8j1wxfbmzwzmpf890w0000gq/T/d20170808-5392-mk5czj/module/tests/init.pp:          0/506
	copying /var/folders/8z/d3hkzy8j1wxfbmzwzmpf890w0000gq/T/d20170808-5392-mk5czj/module/tests/init.pp:        506/506
	copying /var/folders/8z/d3hkzy8j1wxfbmzwzmpf890w0000gq/T/d20170808-5392-mk5czj/module/vendor/bundle/ruby/gems.txt:          0/39
	copying /var/folders/8z/d3hkzy8j1wxfbmzwzmpf890w0000gq/T/d20170808-5392-mk5czj/module/vendor/bundle/ruby/gems.txt:         39/39
  SCP'ed file redhat7-64-2:module to /var/folders/8z/d3hkzy8j1wxfbmzwzmpf890w0000gq/T/d20170808-5392-mk5czj

* #do_scp_to with :ignore : can copy a dir to the host, excluding ignored patterns that DO NOT appear in the source absolute path
can recursively copy a module over, ignoring some files/dirs

m0u542w0on9dla2.delivery.puppetlabs.net (redhat7-64-1) 19:09:00$ rm -rf module

m0u542w0on9dla2.delivery.puppetlabs.net (redhat7-64-1) executed in 0.03 seconds
localhost $ scp /Users/rishi.javia/Documents/beaker/acceptance/fixtures/module redhat7-64-1:. {:ignore => ["tests", "Gemfile"]}
going to ignore (?-mix:((\/|\A)tests(\/|\z))|((\/|\A)Gemfile(\/|\z)))

m0u542w0on9dla2.delivery.puppetlabs.net (redhat7-64-1) 19:09:00$ mkdir -p ./module

m0u542w0on9dla2.delivery.puppetlabs.net (redhat7-64-1) executed in 0.03 seconds

m0u542w0on9dla2.delivery.puppetlabs.net (redhat7-64-1) 19:09:00$ mkdir -p ./module/lib

m0u542w0on9dla2.delivery.puppetlabs.net (redhat7-64-1) executed in 0.03 seconds

m0u542w0on9dla2.delivery.puppetlabs.net (redhat7-64-1) 19:09:00$ mkdir -p ./module/manifests

m0u542w0on9dla2.delivery.puppetlabs.net (redhat7-64-1) executed in 0.03 seconds

m0u542w0on9dla2.delivery.puppetlabs.net (redhat7-64-1) 19:09:00$ mkdir -p ./module/spec

m0u542w0on9dla2.delivery.puppetlabs.net (redhat7-64-1) executed in 0.03 seconds

m0u542w0on9dla2.delivery.puppetlabs.net (redhat7-64-1) 19:09:00$ mkdir -p ./module/spec/acceptance

m0u542w0on9dla2.delivery.puppetlabs.net (redhat7-64-1) executed in 0.03 seconds

m0u542w0on9dla2.delivery.puppetlabs.net (redhat7-64-1) 19:09:00$ mkdir -p ./module/spec/acceptance/nodesets

m0u542w0on9dla2.delivery.puppetlabs.net (redhat7-64-1) executed in 0.03 seconds

m0u542w0on9dla2.delivery.puppetlabs.net (redhat7-64-1) 19:09:00$ mkdir -p ./module/spec/classes

m0u542w0on9dla2.delivery.puppetlabs.net (redhat7-64-1) executed in 0.03 seconds

m0u542w0on9dla2.delivery.puppetlabs.net (redhat7-64-1) 19:09:00$ mkdir -p ./module/vendor

m0u542w0on9dla2.delivery.puppetlabs.net (redhat7-64-1) executed in 0.03 seconds

m0u542w0on9dla2.delivery.puppetlabs.net (redhat7-64-1) 19:09:00$ mkdir -p ./module/vendor/bundle

m0u542w0on9dla2.delivery.puppetlabs.net (redhat7-64-1) executed in 0.03 seconds

m0u542w0on9dla2.delivery.puppetlabs.net (redhat7-64-1) 19:09:00$ mkdir -p ./module/vendor/bundle/ruby

m0u542w0on9dla2.delivery.puppetlabs.net (redhat7-64-1) executed in 0.03 seconds
localhost $ scp redhat7-64-1:module /var/folders/8z/d3hkzy8j1wxfbmzwzmpf890w0000gq/T/d20170808-5392-vug939

	copying /var/folders/8z/d3hkzy8j1wxfbmzwzmpf890w0000gq/T/d20170808-5392-vug939/module/lib/empty.txt:          0/37
	copying /var/folders/8z/d3hkzy8j1wxfbmzwzmpf890w0000gq/T/d20170808-5392-vug939/module/lib/empty.txt:         37/37
	copying /var/folders/8z/d3hkzy8j1wxfbmzwzmpf890w0000gq/T/d20170808-5392-vug939/module/manifests/init.pp:          0/965
	copying /var/folders/8z/d3hkzy8j1wxfbmzwzmpf890w0000gq/T/d20170808-5392-vug939/module/manifests/init.pp:        965/965
	copying /var/folders/8z/d3hkzy8j1wxfbmzwzmpf890w0000gq/T/d20170808-5392-vug939/module/spec/acceptance/nodesets/centos-59-x64.yml:          0/248
	copying /var/folders/8z/d3hkzy8j1wxfbmzwzmpf890w0000gq/T/d20170808-5392-vug939/module/spec/acceptance/nodesets/centos-59-x64.yml:        248/248
	copying /var/folders/8z/d3hkzy8j1wxfbmzwzmpf890w0000gq/T/d20170808-5392-vug939/module/spec/acceptance/nodesets/centos-64-x64-pe.yml:          0/282
	copying /var/folders/8z/d3hkzy8j1wxfbmzwzmpf890w0000gq/T/d20170808-5392-vug939/module/spec/acceptance/nodesets/centos-64-x64-pe.yml:        282/282
	copying /var/folders/8z/d3hkzy8j1wxfbmzwzmpf890w0000gq/T/d20170808-5392-vug939/module/spec/acceptance/nodesets/centos-64-x64.yml:          0/249
	copying /var/folders/8z/d3hkzy8j1wxfbmzwzmpf890w0000gq/T/d20170808-5392-vug939/module/spec/acceptance/nodesets/centos-64-x64.yml:        249/249
	copying /var/folders/8z/d3hkzy8j1wxfbmzwzmpf890w0000gq/T/d20170808-5392-vug939/module/spec/acceptance/nodesets/centos-65-x64.yml:          0/250
	copying /var/folders/8z/d3hkzy8j1wxfbmzwzmpf890w0000gq/T/d20170808-5392-vug939/module/spec/acceptance/nodesets/centos-65-x64.yml:        250/250
	copying /var/folders/8z/d3hkzy8j1wxfbmzwzmpf890w0000gq/T/d20170808-5392-vug939/module/spec/acceptance/nodesets/default.yml:          0/249
	copying /var/folders/8z/d3hkzy8j1wxfbmzwzmpf890w0000gq/T/d20170808-5392-vug939/module/spec/acceptance/nodesets/default.yml:        249/249
	copying /var/folders/8z/d3hkzy8j1wxfbmzwzmpf890w0000gq/T/d20170808-5392-vug939/module/spec/acceptance/nodesets/fedora-18-x64.yml:          0/254
	copying /var/folders/8z/d3hkzy8j1wxfbmzwzmpf890w0000gq/T/d20170808-5392-vug939/module/spec/acceptance/nodesets/fedora-18-x64.yml:        254/254
	copying /var/folders/8z/d3hkzy8j1wxfbmzwzmpf890w0000gq/T/d20170808-5392-vug939/module/spec/acceptance/nodesets/internal-vpool.yml:          0/469
	copying /var/folders/8z/d3hkzy8j1wxfbmzwzmpf890w0000gq/T/d20170808-5392-vug939/module/spec/acceptance/nodesets/internal-vpool.yml:        469/469
	copying /var/folders/8z/d3hkzy8j1wxfbmzwzmpf890w0000gq/T/d20170808-5392-vug939/module/spec/acceptance/nodesets/sles-11-x64.yml:          0/257
	copying /var/folders/8z/d3hkzy8j1wxfbmzwzmpf890w0000gq/T/d20170808-5392-vug939/module/spec/acceptance/nodesets/sles-11-x64.yml:        257/257
	copying /var/folders/8z/d3hkzy8j1wxfbmzwzmpf890w0000gq/T/d20170808-5392-vug939/module/spec/acceptance/nodesets/ubuntu-server-10044-x64.yml:          0/286
	copying /var/folders/8z/d3hkzy8j1wxfbmzwzmpf890w0000gq/T/d20170808-5392-vug939/module/spec/acceptance/nodesets/ubuntu-server-10044-x64.yml:        286/286
	copying /var/folders/8z/d3hkzy8j1wxfbmzwzmpf890w0000gq/T/d20170808-5392-vug939/module/spec/acceptance/nodesets/ubuntu-server-12042-x64.yml:          0/286
	copying /var/folders/8z/d3hkzy8j1wxfbmzwzmpf890w0000gq/T/d20170808-5392-vug939/module/spec/acceptance/nodesets/ubuntu-server-12042-x64.yml:        286/286
	copying /var/folders/8z/d3hkzy8j1wxfbmzwzmpf890w0000gq/T/d20170808-5392-vug939/module/spec/acceptance/nodesets/ubuntu-server-1404-x64.yml:          0/272
	copying /var/folders/8z/d3hkzy8j1wxfbmzwzmpf890w0000gq/T/d20170808-5392-vug939/module/spec/acceptance/nodesets/ubuntu-server-1404-x64.yml:        272/272
	copying /var/folders/8z/d3hkzy8j1wxfbmzwzmpf890w0000gq/T/d20170808-5392-vug939/module/spec/acceptance/nodesets/ubuntu-server-14042-x64.yml:          0/425
	copying /var/folders/8z/d3hkzy8j1wxfbmzwzmpf890w0000gq/T/d20170808-5392-vug939/module/spec/acceptance/nodesets/ubuntu-server-14042-x64.yml:        425/425
	copying /var/folders/8z/d3hkzy8j1wxfbmzwzmpf890w0000gq/T/d20170808-5392-vug939/module/spec/acceptance/demo_spec.rb:          0/1778
	copying /var/folders/8z/d3hkzy8j1wxfbmzwzmpf890w0000gq/T/d20170808-5392-vug939/module/spec/acceptance/demo_spec.rb:       1778/1778
	copying /var/folders/8z/d3hkzy8j1wxfbmzwzmpf890w0000gq/T/d20170808-5392-vug939/module/spec/classes/init_spec.rb:          0/140
	copying /var/folders/8z/d3hkzy8j1wxfbmzwzmpf890w0000gq/T/d20170808-5392-vug939/module/spec/classes/init_spec.rb:        140/140
	copying /var/folders/8z/d3hkzy8j1wxfbmzwzmpf890w0000gq/T/d20170808-5392-vug939/module/spec/spec_helper.rb:          0/52
	copying /var/folders/8z/d3hkzy8j1wxfbmzwzmpf890w0000gq/T/d20170808-5392-vug939/module/spec/spec_helper.rb:         52/52
	copying /var/folders/8z/d3hkzy8j1wxfbmzwzmpf890w0000gq/T/d20170808-5392-vug939/module/spec/spec_helper_acceptance.rb:          0/1022
	copying /var/folders/8z/d3hkzy8j1wxfbmzwzmpf890w0000gq/T/d20170808-5392-vug939/module/spec/spec_helper_acceptance.rb:       1022/1022
	copying /var/folders/8z/d3hkzy8j1wxfbmzwzmpf890w0000gq/T/d20170808-5392-vug939/module/vendor/bundle/ruby/gems.txt:          0/39
	copying /var/folders/8z/d3hkzy8j1wxfbmzwzmpf890w0000gq/T/d20170808-5392-vug939/module/vendor/bundle/ruby/gems.txt:         39/39
	copying /var/folders/8z/d3hkzy8j1wxfbmzwzmpf890w0000gq/T/d20170808-5392-vug939/module/metadata.json:          0/320
	copying /var/folders/8z/d3hkzy8j1wxfbmzwzmpf890w0000gq/T/d20170808-5392-vug939/module/metadata.json:        320/320
	copying /var/folders/8z/d3hkzy8j1wxfbmzwzmpf890w0000gq/T/d20170808-5392-vug939/module/Rakefile:          0/633
	copying /var/folders/8z/d3hkzy8j1wxfbmzwzmpf890w0000gq/T/d20170808-5392-vug939/module/Rakefile:        633/633
	copying /var/folders/8z/d3hkzy8j1wxfbmzwzmpf890w0000gq/T/d20170808-5392-vug939/module/README.md:          0/2891
	copying /var/folders/8z/d3hkzy8j1wxfbmzwzmpf890w0000gq/T/d20170808-5392-vug939/module/README.md:       2891/2891
  SCP'ed file redhat7-64-1:module to /var/folders/8z/d3hkzy8j1wxfbmzwzmpf890w0000gq/T/d20170808-5392-vug939
can recursively copy a module over, ignoring some files/dirs

goo3bkxxqts971i.delivery.puppetlabs.net (redhat7-64-2) 19:09:04$ rm -rf module

goo3bkxxqts971i.delivery.puppetlabs.net (redhat7-64-2) executed in 0.03 seconds
localhost $ scp /Users/rishi.javia/Documents/beaker/acceptance/fixtures/module redhat7-64-2:. {:ignore => ["tests", "Gemfile"]}
going to ignore (?-mix:((\/|\A)tests(\/|\z))|((\/|\A)Gemfile(\/|\z)))

goo3bkxxqts971i.delivery.puppetlabs.net (redhat7-64-2) 19:09:04$ mkdir -p ./module

goo3bkxxqts971i.delivery.puppetlabs.net (redhat7-64-2) executed in 0.03 seconds

goo3bkxxqts971i.delivery.puppetlabs.net (redhat7-64-2) 19:09:04$ mkdir -p ./module/lib

goo3bkxxqts971i.delivery.puppetlabs.net (redhat7-64-2) executed in 0.03 seconds

goo3bkxxqts971i.delivery.puppetlabs.net (redhat7-64-2) 19:09:04$ mkdir -p ./module/manifests

goo3bkxxqts971i.delivery.puppetlabs.net (redhat7-64-2) executed in 0.04 seconds

goo3bkxxqts971i.delivery.puppetlabs.net (redhat7-64-2) 19:09:04$ mkdir -p ./module/spec

goo3bkxxqts971i.delivery.puppetlabs.net (redhat7-64-2) executed in 0.03 seconds

goo3bkxxqts971i.delivery.puppetlabs.net (redhat7-64-2) 19:09:04$ mkdir -p ./module/spec/acceptance

goo3bkxxqts971i.delivery.puppetlabs.net (redhat7-64-2) executed in 0.03 seconds

goo3bkxxqts971i.delivery.puppetlabs.net (redhat7-64-2) 19:09:04$ mkdir -p ./module/spec/acceptance/nodesets

goo3bkxxqts971i.delivery.puppetlabs.net (redhat7-64-2) executed in 0.03 seconds

goo3bkxxqts971i.delivery.puppetlabs.net (redhat7-64-2) 19:09:04$ mkdir -p ./module/spec/classes

goo3bkxxqts971i.delivery.puppetlabs.net (redhat7-64-2) executed in 0.03 seconds

goo3bkxxqts971i.delivery.puppetlabs.net (redhat7-64-2) 19:09:04$ mkdir -p ./module/vendor

goo3bkxxqts971i.delivery.puppetlabs.net (redhat7-64-2) executed in 0.03 seconds

goo3bkxxqts971i.delivery.puppetlabs.net (redhat7-64-2) 19:09:04$ mkdir -p ./module/vendor/bundle

goo3bkxxqts971i.delivery.puppetlabs.net (redhat7-64-2) executed in 0.03 seconds

goo3bkxxqts971i.delivery.puppetlabs.net (redhat7-64-2) 19:09:04$ mkdir -p ./module/vendor/bundle/ruby

goo3bkxxqts971i.delivery.puppetlabs.net (redhat7-64-2) executed in 0.03 seconds
localhost $ scp redhat7-64-2:module /var/folders/8z/d3hkzy8j1wxfbmzwzmpf890w0000gq/T/d20170808-5392-d0wfb

	copying /var/folders/8z/d3hkzy8j1wxfbmzwzmpf890w0000gq/T/d20170808-5392-d0wfb/module/lib/empty.txt:          0/37
	copying /var/folders/8z/d3hkzy8j1wxfbmzwzmpf890w0000gq/T/d20170808-5392-d0wfb/module/lib/empty.txt:         37/37
	copying /var/folders/8z/d3hkzy8j1wxfbmzwzmpf890w0000gq/T/d20170808-5392-d0wfb/module/manifests/init.pp:          0/965
	copying /var/folders/8z/d3hkzy8j1wxfbmzwzmpf890w0000gq/T/d20170808-5392-d0wfb/module/manifests/init.pp:        965/965
	copying /var/folders/8z/d3hkzy8j1wxfbmzwzmpf890w0000gq/T/d20170808-5392-d0wfb/module/spec/acceptance/nodesets/centos-59-x64.yml:          0/248
	copying /var/folders/8z/d3hkzy8j1wxfbmzwzmpf890w0000gq/T/d20170808-5392-d0wfb/module/spec/acceptance/nodesets/centos-59-x64.yml:        248/248
	copying /var/folders/8z/d3hkzy8j1wxfbmzwzmpf890w0000gq/T/d20170808-5392-d0wfb/module/spec/acceptance/nodesets/centos-64-x64-pe.yml:          0/282
	copying /var/folders/8z/d3hkzy8j1wxfbmzwzmpf890w0000gq/T/d20170808-5392-d0wfb/module/spec/acceptance/nodesets/centos-64-x64-pe.yml:        282/282
	copying /var/folders/8z/d3hkzy8j1wxfbmzwzmpf890w0000gq/T/d20170808-5392-d0wfb/module/spec/acceptance/nodesets/centos-64-x64.yml:          0/249
	copying /var/folders/8z/d3hkzy8j1wxfbmzwzmpf890w0000gq/T/d20170808-5392-d0wfb/module/spec/acceptance/nodesets/centos-64-x64.yml:        249/249
	copying /var/folders/8z/d3hkzy8j1wxfbmzwzmpf890w0000gq/T/d20170808-5392-d0wfb/module/spec/acceptance/nodesets/centos-65-x64.yml:          0/250
	copying /var/folders/8z/d3hkzy8j1wxfbmzwzmpf890w0000gq/T/d20170808-5392-d0wfb/module/spec/acceptance/nodesets/centos-65-x64.yml:        250/250
	copying /var/folders/8z/d3hkzy8j1wxfbmzwzmpf890w0000gq/T/d20170808-5392-d0wfb/module/spec/acceptance/nodesets/default.yml:          0/249
	copying /var/folders/8z/d3hkzy8j1wxfbmzwzmpf890w0000gq/T/d20170808-5392-d0wfb/module/spec/acceptance/nodesets/default.yml:        249/249
	copying /var/folders/8z/d3hkzy8j1wxfbmzwzmpf890w0000gq/T/d20170808-5392-d0wfb/module/spec/acceptance/nodesets/fedora-18-x64.yml:          0/254
	copying /var/folders/8z/d3hkzy8j1wxfbmzwzmpf890w0000gq/T/d20170808-5392-d0wfb/module/spec/acceptance/nodesets/fedora-18-x64.yml:        254/254
	copying /var/folders/8z/d3hkzy8j1wxfbmzwzmpf890w0000gq/T/d20170808-5392-d0wfb/module/spec/acceptance/nodesets/internal-vpool.yml:          0/469
	copying /var/folders/8z/d3hkzy8j1wxfbmzwzmpf890w0000gq/T/d20170808-5392-d0wfb/module/spec/acceptance/nodesets/internal-vpool.yml:        469/469
[...]
    localhost $ scp /non/existent/testfile.sh redhat7-64-1:/tmp/testfile.sh {:ignore => }
  
  * #run_script_on fails when there is an error running the remote script
    localhost $ scp /var/folders/8z/d3hkzy8j1wxfbmzwzmpf890w0000gq/T/d20170808-5392-1kdp3mo/testfile.sh redhat7-64-1:/tmp/testfile.sh {:ignore => }
    
    m0u542w0on9dla2.delivery.puppetlabs.net (redhat7-64-1) 19:11:41$ /tmp/testfile.sh
    
    m0u542w0on9dla2.delivery.puppetlabs.net (redhat7-64-1) executed in 0.03 seconds
    Exited: 1
  
  * #run_script_on passes along options when running the remote command
    localhost $ scp /var/folders/8z/d3hkzy8j1wxfbmzwzmpf890w0000gq/T/d20170808-5392-5cbkvf/testfile.sh redhat7-64-1:/tmp/testfile.sh {:ignore => }
    
    m0u542w0on9dla2.delivery.puppetlabs.net (redhat7-64-1) 19:11:42$ /tmp/testfile.sh
    
    m0u542w0on9dla2.delivery.puppetlabs.net (redhat7-64-1) executed in 0.03 seconds
    Exited: 1
  
  * #run_script_on runs the script on the remote host
    localhost $ scp /var/folders/8z/d3hkzy8j1wxfbmzwzmpf890w0000gq/T/d20170808-5392-7s8tvr/testfile.sh redhat7-64-1:/tmp/testfile.sh {:ignore => }
    
    m0u542w0on9dla2.delivery.puppetlabs.net (redhat7-64-1) 19:11:42$ /tmp/testfile.sh
      output
    
    m0u542w0on9dla2.delivery.puppetlabs.net (redhat7-64-1) executed in 0.03 seconds
  
  * #run_script_on allows assertions in an optional block
    localhost $ scp /var/folders/8z/d3hkzy8j1wxfbmzwzmpf890w0000gq/T/d20170808-5392-fccule/testfile.sh redhat7-64-1:/tmp/testfile.sh {:ignore => }
    
    m0u542w0on9dla2.delivery.puppetlabs.net (redhat7-64-1) 19:11:42$ /tmp/testfile.sh
      output
    
    m0u542w0on9dla2.delivery.puppetlabs.net (redhat7-64-1) executed in 0.03 seconds
  
  * #run_script_on runs the script on all remote hosts when a host array is provided
    localhost $ scp /var/folders/8z/d3hkzy8j1wxfbmzwzmpf890w0000gq/T/d20170808-5392-15x3xo/testfile.sh redhat7-64-1:/tmp/testfile.sh {:ignore => }
    localhost $ scp /var/folders/8z/d3hkzy8j1wxfbmzwzmpf890w0000gq/T/d20170808-5392-15x3xo/testfile.sh redhat7-64-2:/tmp/testfile.sh {:ignore => }
    
    m0u542w0on9dla2.delivery.puppetlabs.net (redhat7-64-1) 19:11:42$ /tmp/testfile.sh
      output
    
    m0u542w0on9dla2.delivery.puppetlabs.net (redhat7-64-1) executed in 0.03 seconds
    
    goo3bkxxqts971i.delivery.puppetlabs.net (redhat7-64-2) 19:11:42$ /tmp/testfile.sh
      output
    
    goo3bkxxqts971i.delivery.puppetlabs.net (redhat7-64-2) executed in 0.03 seconds
Begin teardown
End teardown
]]></system-out>
    </testcase>
    <testcase classname="acceptance/tests/base/dsl/helpers/host_helpers" name="run_script_test.rb" time="0.579304">
      <system-out><![CDATA[
dsl::helpers::host_helpers #run_script
  
  * #run_script fails when the local script cannot be found
    localhost $ scp /non/existent/testfile.sh redhat7-64-1:/tmp/testfile.sh {:ignore => }
  
  * #run_script fails when there is an error running the remote script
    localhost $ scp /var/folders/8z/d3hkzy8j1wxfbmzwzmpf890w0000gq/T/d20170808-5392-7jbegc/testfile.sh redhat7-64-1:/tmp/testfile.sh {:ignore => }
    
    m0u542w0on9dla2.delivery.puppetlabs.net (redhat7-64-1) 19:11:42$ /tmp/testfile.sh
    
    m0u542w0on9dla2.delivery.puppetlabs.net (redhat7-64-1) executed in 0.03 seconds
    Exited: 1
  
  * #run_script passes along options when running the remote command
    localhost $ scp /var/folders/8z/d3hkzy8j1wxfbmzwzmpf890w0000gq/T/d20170808-5392-fm36c8/testfile.sh redhat7-64-1:/tmp/testfile.sh {:ignore => }
    
    m0u542w0on9dla2.delivery.puppetlabs.net (redhat7-64-1) 19:11:42$ /tmp/testfile.sh
    
    m0u542w0on9dla2.delivery.puppetlabs.net (redhat7-64-1) executed in 0.03 seconds
    Exited: 1
  
  * #run_script runs the script on the remote host
    localhost $ scp /var/folders/8z/d3hkzy8j1wxfbmzwzmpf890w0000gq/T/d20170808-5392-iozugb/testfile.sh redhat7-64-1:/tmp/testfile.sh {:ignore => }
    
    m0u542w0on9dla2.delivery.puppetlabs.net (redhat7-64-1) 19:11:43$ /tmp/testfile.sh
      output
    
    m0u542w0on9dla2.delivery.puppetlabs.net (redhat7-64-1) executed in 0.03 seconds
  
  * #run_script allows assertions in an optional block
    localhost $ scp /var/folders/8z/d3hkzy8j1wxfbmzwzmpf890w0000gq/T/d20170808-5392-10z35kb/testfile.sh redhat7-64-1:/tmp/testfile.sh {:ignore => }
    
    m0u542w0on9dla2.delivery.puppetlabs.net (redhat7-64-1) 19:11:43$ /tmp/testfile.sh
      output
    
    m0u542w0on9dla2.delivery.puppetlabs.net (redhat7-64-1) executed in 0.03 seconds
Begin teardown
End teardown
]]></system-out>
    </testcase>
    <testcase classname="acceptance/tests/base/dsl/helpers/host_helpers" name="scp_from_test.rb" time="0.764766">
      <system-out><![CDATA[
dsl::helpers::host_helpers #scp_from
  
  * #scp_from creates the file on the local system
    
    m0u542w0on9dla2.delivery.puppetlabs.net (redhat7-64-1) 19:11:43$ getent passwd root
      root:x:0:0:root:/root:/bin/bash
    
    m0u542w0on9dla2.delivery.puppetlabs.net (redhat7-64-1) executed in 0.03 seconds
    
    m0u542w0on9dla2.delivery.puppetlabs.net (redhat7-64-1) 19:11:43$ mktemp -dt .XXXXXX
      /tmp/.pzrhTg
    
    m0u542w0on9dla2.delivery.puppetlabs.net (redhat7-64-1) executed in 0.03 seconds
    
    m0u542w0on9dla2.delivery.puppetlabs.net (redhat7-64-1) 19:11:43$ chown root:root /tmp/.pzrhTg
    
    m0u542w0on9dla2.delivery.puppetlabs.net (redhat7-64-1) executed in 0.03 seconds
    localhost $ scp /var/folders/8z/d3hkzy8j1wxfbmzwzmpf890w0000gq/T/beaker20170808-5392-y9c9e7 redhat7-64-1:/tmp/.pzrhTg/testfile.txt {:ignore => }
    localhost $ scp redhat7-64-1:/tmp/.pzrhTg/testfile.txt /var/folders/8z/d3hkzy8j1wxfbmzwzmpf890w0000gq/T/d20170808-5392-h5nmym
    
    	copying /var/folders/8z/d3hkzy8j1wxfbmzwzmpf890w0000gq/T/d20170808-5392-h5nmym/testfile.txt:          0/49
    	copying /var/folders/8z/d3hkzy8j1wxfbmzwzmpf890w0000gq/T/d20170808-5392-h5nmym/testfile.txt:         49/49
      SCP'ed file redhat7-64-1:/tmp/.pzrhTg/testfile.txt to /var/folders/8z/d3hkzy8j1wxfbmzwzmpf890w0000gq/T/d20170808-5392-h5nmym
  
  * #scp_from CURRENTLY creates and repeatedly overwrites the file on the local system when given a hosts array
    
    m0u542w0on9dla2.delivery.puppetlabs.net (redhat7-64-1) 19:11:43$ getent passwd root
      root:x:0:0:root:/root:/bin/bash
    
    m0u542w0on9dla2.delivery.puppetlabs.net (redhat7-64-1) executed in 0.08 seconds
    
    m0u542w0on9dla2.delivery.puppetlabs.net (redhat7-64-1) 19:11:43$ mktemp -dt .XXXXXX
      /tmp/.zUdQTW
    
    m0u542w0on9dla2.delivery.puppetlabs.net (redhat7-64-1) executed in 0.03 seconds
    
    m0u542w0on9dla2.delivery.puppetlabs.net (redhat7-64-1) 19:11:43$ chown root:root /tmp/.zUdQTW
    
    m0u542w0on9dla2.delivery.puppetlabs.net (redhat7-64-1) executed in 0.03 seconds
    
    m0u542w0on9dla2.delivery.puppetlabs.net (redhat7-64-1) 19:11:43$ mkdir -p /tmp/.zUdQTW
    
    m0u542w0on9dla2.delivery.puppetlabs.net (redhat7-64-1) executed in 0.03 seconds
    
    goo3bkxxqts971i.delivery.puppetlabs.net (redhat7-64-2) 19:11:43$ mkdir -p /tmp/.zUdQTW
    
    goo3bkxxqts971i.delivery.puppetlabs.net (redhat7-64-2) executed in 0.03 seconds
    
    m0u542w0on9dla2.delivery.puppetlabs.net (redhat7-64-1) 19:11:43$ echo "${RANDOM}:${RANDOM}:${RANDOM}" > /tmp/.zUdQTW/testfile.txt
    
    m0u542w0on9dla2.delivery.puppetlabs.net (redhat7-64-1) executed in 0.05 seconds
    
    goo3bkxxqts971i.delivery.puppetlabs.net (redhat7-64-2) 19:11:43$ echo "${RANDOM}:${RANDOM}:${RANDOM}" > /tmp/.zUdQTW/testfile.txt
    
    goo3bkxxqts971i.delivery.puppetlabs.net (redhat7-64-2) executed in 0.04 seconds
    localhost $ scp redhat7-64-1:/tmp/.zUdQTW/testfile.txt /var/folders/8z/d3hkzy8j1wxfbmzwzmpf890w0000gq/T/d20170808-5392-1jj34ix
    
    	copying /var/folders/8z/d3hkzy8j1wxfbmzwzmpf890w0000gq/T/d20170808-5392-1jj34ix/testfile.txt:          0/15
    	copying /var/folders/8z/d3hkzy8j1wxfbmzwzmpf890w0000gq/T/d20170808-5392-1jj34ix/testfile.txt:         15/15
      SCP'ed file redhat7-64-1:/tmp/.zUdQTW/testfile.txt to /var/folders/8z/d3hkzy8j1wxfbmzwzmpf890w0000gq/T/d20170808-5392-1jj34ix
    localhost $ scp redhat7-64-2:/tmp/.zUdQTW/testfile.txt /var/folders/8z/d3hkzy8j1wxfbmzwzmpf890w0000gq/T/d20170808-5392-1jj34ix
    
    	copying /var/folders/8z/d3hkzy8j1wxfbmzwzmpf890w0000gq/T/d20170808-5392-1jj34ix/testfile.txt:          0/16
    	copying /var/folders/8z/d3hkzy8j1wxfbmzwzmpf890w0000gq/T/d20170808-5392-1jj34ix/testfile.txt:         16/16
      SCP'ed file redhat7-64-2:/tmp/.zUdQTW/testfile.txt to /var/folders/8z/d3hkzy8j1wxfbmzwzmpf890w0000gq/T/d20170808-5392-1jj34ix
    
    goo3bkxxqts971i.delivery.puppetlabs.net (redhat7-64-2) 19:11:43$ cat /tmp/.zUdQTW/testfile.txt
      17512:8165:7003
    
    goo3bkxxqts971i.delivery.puppetlabs.net (redhat7-64-2) executed in 0.08 seconds
Begin teardown
End teardown
]]></system-out>
    </testcase>
    <testcase classname="acceptance/tests/base/dsl/helpers/host_helpers" name="scp_to_test.rb" time="0.769293">
      <system-out><![CDATA[
dsl::helpers::host_helpers #scp_to
  
  * #scp_to fails if the local file cannot be found
    
    m0u542w0on9dla2.delivery.puppetlabs.net (redhat7-64-1) 19:11:44$ getent passwd root
      root:x:0:0:root:/root:/bin/bash
    
    m0u542w0on9dla2.delivery.puppetlabs.net (redhat7-64-1) executed in 0.03 seconds
    
    m0u542w0on9dla2.delivery.puppetlabs.net (redhat7-64-1) 19:11:44$ mktemp -dt .XXXXXX
      /tmp/.Btlxvf
    
    m0u542w0on9dla2.delivery.puppetlabs.net (redhat7-64-1) executed in 0.03 seconds
    
    m0u542w0on9dla2.delivery.puppetlabs.net (redhat7-64-1) 19:11:44$ chown root:root /tmp/.Btlxvf
    
    m0u542w0on9dla2.delivery.puppetlabs.net (redhat7-64-1) executed in 0.03 seconds
    localhost $ scp /non/existent/file.txt redhat7-64-1:/tmp/.Btlxvf {:ignore => }
  
  * #scp_to creates the file on the remote system
    
    m0u542w0on9dla2.delivery.puppetlabs.net (redhat7-64-1) 19:11:44$ getent passwd root
      root:x:0:0:root:/root:/bin/bash
    
    m0u542w0on9dla2.delivery.puppetlabs.net (redhat7-64-1) executed in 0.03 seconds
    
    m0u542w0on9dla2.delivery.puppetlabs.net (redhat7-64-1) 19:11:44$ mktemp -dt .XXXXXX
      /tmp/.y8Vilb
    
    m0u542w0on9dla2.delivery.puppetlabs.net (redhat7-64-1) executed in 0.03 seconds
    
    m0u542w0on9dla2.delivery.puppetlabs.net (redhat7-64-1) 19:11:44$ chown root:root /tmp/.y8Vilb
    
    m0u542w0on9dla2.delivery.puppetlabs.net (redhat7-64-1) executed in 0.04 seconds
    localhost $ scp /var/folders/8z/d3hkzy8j1wxfbmzwzmpf890w0000gq/T/d20170808-5392-1vm7rhg/testfile.txt redhat7-64-1:/tmp/.y8Vilb {:ignore => }
    
    m0u542w0on9dla2.delivery.puppetlabs.net (redhat7-64-1) 19:11:44$ cat /tmp/.y8Vilb/testfile.txt
      This is a simple text file.
      
      It has three lines.
    
    m0u542w0on9dla2.delivery.puppetlabs.net (redhat7-64-1) executed in 0.03 seconds
  
  * #scp_to creates the file on all remote systems when a host array is provided
    
    m0u542w0on9dla2.delivery.puppetlabs.net (redhat7-64-1) 19:11:44$ getent passwd root
      root:x:0:0:root:/root:/bin/bash
    
    m0u542w0on9dla2.delivery.puppetlabs.net (redhat7-64-1) executed in 0.03 seconds
    
    m0u542w0on9dla2.delivery.puppetlabs.net (redhat7-64-1) 19:11:44$ mktemp -dt .XXXXXX
      /tmp/.JPasTR
    
    m0u542w0on9dla2.delivery.puppetlabs.net (redhat7-64-1) executed in 0.03 seconds
    
    m0u542w0on9dla2.delivery.puppetlabs.net (redhat7-64-1) 19:11:44$ chown root:root /tmp/.JPasTR
    
    m0u542w0on9dla2.delivery.puppetlabs.net (redhat7-64-1) executed in 0.03 seconds
    
    m0u542w0on9dla2.delivery.puppetlabs.net (redhat7-64-1) 19:11:44$ mkdir -p /tmp/.JPasTR
    
    m0u542w0on9dla2.delivery.puppetlabs.net (redhat7-64-1) executed in 0.03 seconds
    
    goo3bkxxqts971i.delivery.puppetlabs.net (redhat7-64-2) 19:11:44$ mkdir -p /tmp/.JPasTR
    
    goo3bkxxqts971i.delivery.puppetlabs.net (redhat7-64-2) executed in 0.03 seconds
    localhost $ scp /var/folders/8z/d3hkzy8j1wxfbmzwzmpf890w0000gq/T/d20170808-5392-26r1x9/testfile.txt redhat7-64-1:/tmp/.JPasTR {:ignore => }
    localhost $ scp /var/folders/8z/d3hkzy8j1wxfbmzwzmpf890w0000gq/T/d20170808-5392-26r1x9/testfile.txt redhat7-64-2:/tmp/.JPasTR {:ignore => }
    
    m0u542w0on9dla2.delivery.puppetlabs.net (redhat7-64-1) 19:11:44$ cat /tmp/.JPasTR/testfile.txt
      This is a simple text file.
      
      It has three lines.
    
    m0u542w0on9dla2.delivery.puppetlabs.net (redhat7-64-1) executed in 0.03 seconds
    
    goo3bkxxqts971i.delivery.puppetlabs.net (redhat7-64-2) 19:11:44$ cat /tmp/.JPasTR/testfile.txt
      This is a simple text file.
      
      It has three lines.
    
    goo3bkxxqts971i.delivery.puppetlabs.net (redhat7-64-2) executed in 0.03 seconds
Begin teardown
End teardown
]]></system-out>
    </testcase>
    <testcase classname="acceptance/tests/base/dsl/helpers/host_helpers" name="shell_test.rb" time="0.254820">
      <system-out><![CDATA[
dsl::helpers::host_helpers #shell
  
  * #shell raises an exception when remote command fails
    
    m0u542w0on9dla2.delivery.puppetlabs.net (redhat7-64-1) 19:11:44$ /bin/nonexistent-command
      bash: /bin/nonexistent-command: No such file or directory
    
    m0u542w0on9dla2.delivery.puppetlabs.net (redhat7-64-1) executed in 0.03 seconds
    Exited: 127
  
  * #shell makes command output available via `.stdout` on success
    
    m0u542w0on9dla2.delivery.puppetlabs.net (redhat7-64-1) 19:11:44$ echo "echo via on"
      echo via on
    
    m0u542w0on9dla2.delivery.puppetlabs.net (redhat7-64-1) executed in 0.03 seconds
  
  * #shell makes command error output available via `.stderr` on success
    
    m0u542w0on9dla2.delivery.puppetlabs.net (redhat7-64-1) 19:11:44$ /bin/nonexistent-command
      bash: /bin/nonexistent-command: No such file or directory
    
    m0u542w0on9dla2.delivery.puppetlabs.net (redhat7-64-1) executed in 0.03 seconds
    Exited: 127
  
  * #shell makes exit status available via `.exit_code`
    
    m0u542w0on9dla2.delivery.puppetlabs.net (redhat7-64-1) 19:11:44$ echo "echo via on"
      echo via on
    
    m0u542w0on9dla2.delivery.puppetlabs.net (redhat7-64-1) executed in 0.03 seconds
  
  * #shell with :acceptable_exit_codes will not fail for named exit codes
    
    m0u542w0on9dla2.delivery.puppetlabs.net (redhat7-64-1) 19:11:44$ /bin/nonexistent-command
      bash: /bin/nonexistent-command: No such file or directory
    
    m0u542w0on9dla2.delivery.puppetlabs.net (redhat7-64-1) executed in 0.03 seconds
    Exited: 127
  
  * #shell with :acceptable_exit_codes will fail for other exit codes
    
    m0u542w0on9dla2.delivery.puppetlabs.net (redhat7-64-1) 19:11:44$ echo "echo via on"
      echo via on
    
    m0u542w0on9dla2.delivery.puppetlabs.net (redhat7-64-1) executed in 0.03 seconds
  
  * #shell will pass :environment options to the remote host as ENV settings
    
    m0u542w0on9dla2.delivery.puppetlabs.net (redhat7-64-1) 19:11:44$ env FOO="bar" env
      BEAKER9530B35B=BEAKER9530B35B
      XDG_SESSION_ID=7
      SELINUX_ROLE_REQUESTED=
      SHELL=/bin/bash
      suf_BEAKER9530B35B=suf_BEAKER9530B35B
      SSH_CLIENT=10.32.128.39 59930 22
      SELINUX_USE_CURRENT_RANGE=
      BEAKER668E39A8_p2=BEAKER668E39A8_v2
      USER=root
      BEAKER21550B35_p1=BEAKER21550B35_v1
      SSH_AUTH_SOCK=/tmp/ssh-8kSzontHNl/agent.2554
      MAIL=/var/mail/root
      PATH=PATH:/opt/puppet/bin:/usr/local/sbin:/usr/local/bin:/usr/sbin:/usr/bin
      PWD=/root
      BEAKERA95E0234_p1=BEAKERA95E0234_v1
      LANG=en_US.UTF-8
      BEAKERB3B59453_pre=in_BEAKERB3B59453_in:suf_BEAKERB3B59453:BEAKERB3B59453_pre
      SELINUX_LEVEL_REQUESTED=
      p1_BEAKER668E39A8=v1_BEAKER668E39A8
      SHLVL=1
      HOME=/root
      BEAKER9530B35B_pre=BEAKER9530B35B_pre
      LOGNAME=root
      SSH_CONNECTION=10.32.128.39 59930 10.32.121.42 22
      LESSOPEN=||/usr/bin/lesspipe.sh %s
      XDG_RUNTIME_DIR=/run/user/0
      _=/usr/bin/env
      FOO=bar
    
    m0u542w0on9dla2.delivery.puppetlabs.net (redhat7-64-1) executed in 0.05 seconds
  
  * #shell allows assertions to be used in the optional block
    
    m0u542w0on9dla2.delivery.puppetlabs.net (redhat7-64-1) 19:11:45$ echo "${RANDOM}:${RANDOM}"
      16621:5718
    
    m0u542w0on9dla2.delivery.puppetlabs.net (redhat7-64-1) executed in 0.03 seconds
Begin teardown
End teardown
]]></system-out>
    </testcase>
    <testcase classname="acceptance/tests/base/dsl/helpers/host_helpers" name="upgrade_package_test.rb" time="5.038344">
      <system-out><![CDATA[
dsl::helpers::host_helpers #upgrade_package
  Warning: No suitable hosts with: {:platform=>/windows/}
  
  No suitable hosts found with {:platform=>/windows/}
  Warning: No suitable hosts with: {:platform=>/osx/}
  
  No suitable hosts found with {:platform=>/osx/}
  
  * #upgrade_package CURRENTLY does not fail on CentOS if unknown package is specified
    
    m0u542w0on9dla2.delivery.puppetlabs.net (redhat7-64-1) 19:11:45$ yum -y  update non-existent-package-name
      Loaded plugins: product-id, subscription-manager
      This system is not registered to Red Hat Subscription Management. You can use subscription-manager to register.
      No Match for argument: non-existent-package-name
      No package non-existent-package-name available.
      No packages marked for update
    
    m0u542w0on9dla2.delivery.puppetlabs.net (redhat7-64-1) executed in 0.50 seconds
  Warning: No suitable hosts without: {:platform=>/centos|el-\d/}
  
  No suitable hosts found without {:platform=>/centos|el-\d/}
  
  * #upgrade_package succeeds if package is installed
    
    m0u542w0on9dla2.delivery.puppetlabs.net (redhat7-64-1) 19:11:45$ yum -y  install rsync
      Loaded plugins: product-id, subscription-manager
      This system is not registered to Red Hat Subscription Management. You can use subscription-manager to register.
      Resolving Dependencies
      --> Running transaction check
      ---> Package rsync.x86_64 0:3.0.9-18.el7 will be installed
      --> Finished Dependency Resolution
      
      Dependencies Resolved
      
      ================================================================================
       Package       Arch           Version               Repository             Size
      ================================================================================
      Installing:
       rsync         x86_64         3.0.9-18.el7          rhel7-updates         360 k
      
      Transaction Summary
      ================================================================================
      Install  1 Package
      Total download size: 360 k
      Installed size: 732 k
      Downloading packages:
      Running transaction check
      Running transaction test
      Transaction test succeeded
      Running transaction
        Installing : rsync-3.0.9-18.el7.x86_64                                    1/1       
        Verifying  : rsync-3.0.9-18.el7.x86_64                                    1/1       
      
      Installed:
        rsync.x86_64 0:3.0.9-18.el7                                                   
      Complete!
    
    m0u542w0on9dla2.delivery.puppetlabs.net (redhat7-64-1) executed in 3.34 seconds
    
    m0u542w0on9dla2.delivery.puppetlabs.net (redhat7-64-1) 19:11:48$ yum -y  update rsync
      Loaded plugins: product-id, subscription-manager
      This system is not registered to Red Hat Subscription Management. You can use subscription-manager to register.
      No packages marked for update
    
    m0u542w0on9dla2.delivery.puppetlabs.net (redhat7-64-1) executed in 1.16 seconds
    
    m0u542w0on9dla2.delivery.puppetlabs.net (redhat7-64-1) 19:11:50$ rpm -q rsync
      rsync-3.0.9-18.el7.x86_64
    
    m0u542w0on9dla2.delivery.puppetlabs.net (redhat7-64-1) executed in 0.03 seconds
  
  * #upgrade_package CURRENTLY fails when given a host array
Begin teardown
End teardown
]]></system-out>
    </testcase>
  </testsuite>
</testsuites>
